Log file open, 10/29/18 14:58:23
LogWindows: Failed to load 'aqProf.dll' (GetLastError=126)
LogWindows: File 'aqProf.dll' does not exist
LogWindows: Failed to load 'VtuneApi.dll' (GetLastError=126)
LogWindows: File 'VtuneApi.dll' does not exist
LogWindows: Failed to load 'VtuneApi32e.dll' (GetLastError=126)
LogWindows: File 'VtuneApi32e.dll' does not exist
LogInit: Display: Running engine for game: MyProject
LogPlatformFile: Not using cached read wrapper
LogTaskGraph: Started task graph with 5 named threads and 23 total threads with 3 sets of task threads.
LogStats: Stats thread started at 1.031906
LogD3D11RHI: Loaded GFSDK_Aftermath_Lib.x64.dll
LogICUInternationalization: Display: ICU TimeZone Detection - Raw Offset: +0:00, Platform Override: ''
LogPluginManager: Mounting plugin Paper2D
LogPluginManager: Mounting plugin AISupport
LogPluginManager: Mounting plugin LightPropagationVolume
LogPluginManager: Mounting plugin CLionSourceCodeAccess
LogPluginManager: Mounting plugin CodeLiteSourceCodeAccess
LogPluginManager: Mounting plugin GitSourceControl
LogPluginManager: Mounting plugin KDevelopSourceCodeAccess
LogPluginManager: Mounting plugin NullSourceCodeAccess
LogPluginManager: Mounting plugin PerforceSourceControl
LogPluginManager: Mounting plugin SubversionSourceControl
LogPluginManager: Mounting plugin UObjectPlugin
LogPluginManager: Mounting plugin VisualStudioCodeSourceCodeAccess
LogPluginManager: Mounting plugin VisualStudioSourceCodeAccess
LogPluginManager: Mounting plugin XCodeSourceCodeAccess
LogPluginManager: Mounting plugin AssetManagerEditor
LogPluginManager: Mounting plugin CryptoKeys
LogPluginManager: Mounting plugin DataValidation
LogPluginManager: Mounting plugin FacialAnimation
LogPluginManager: Mounting plugin GameplayTagsEditor
LogPluginManager: Mounting plugin MacGraphicsSwitching
LogPluginManager: Mounting plugin MeshEditor
LogPluginManager: Mounting plugin MobileLauncherProfileWizard
LogPluginManager: Mounting plugin PluginBrowser
LogPluginManager: Mounting plugin SpeedTreeImporter
LogPluginManager: Mounting plugin DatasmithContent
LogPluginManager: Mounting plugin AlembicImporter
LogPluginManager: Mounting plugin AppleImageUtils
LogPluginManager: Mounting plugin AppleVision
LogPluginManager: Mounting plugin BackChannel
LogPluginManager: Mounting plugin CharacterAI
LogPluginManager: Mounting plugin GeometryCache
LogPluginManager: Mounting plugin HTML5Networking
LogPluginManager: Mounting plugin ProxyLODPlugin
LogPluginManager: Mounting plugin RawInput
LogPluginManager: Mounting plugin MagicLeap
LogPluginManager: Mounting plugin MagicLeapEmulator
LogPluginManager: Mounting plugin MagicLeapMedia
LogPluginManager: Mounting plugin AndroidMedia
LogPluginManager: Mounting plugin AvfMedia
LogPluginManager: Mounting plugin ImgMedia
LogPluginManager: Mounting plugin LinearTimecode
LogPluginManager: Mounting plugin MediaCompositing
LogPluginManager: Mounting plugin MediaPlayerEditor
LogPluginManager: Mounting plugin WmfMedia
LogPluginManager: Mounting plugin TcpMessaging
LogPluginManager: Mounting plugin UdpMessaging
LogPluginManager: Mounting plugin ActorSequence
LogPluginManager: Mounting plugin LevelSequenceEditor
LogPluginManager: Mounting plugin MatineeToLevelSequence
LogPluginManager: Mounting plugin NetcodeUnitTest
LogPluginManager: Mounting plugin NUTUnrealEngine4
LogPluginManager: Mounting plugin OnlineSubsystemGooglePlay
LogPluginManager: Mounting plugin OnlineSubsystemIOS
LogPluginManager: Mounting plugin OnlineSubsystem
LogPluginManager: Mounting plugin OnlineSubsystemNull
LogPluginManager: Mounting plugin OnlineSubsystemUtils
LogPluginManager: Mounting plugin LauncherChunkInstaller
LogPluginManager: Mounting plugin AndroidDeviceProfileSelector
LogPluginManager: Mounting plugin AndroidMoviePlayer
LogPluginManager: Mounting plugin AndroidPermission
LogPluginManager: Mounting plugin AppleMoviePlayer
LogPluginManager: Mounting plugin ArchVisCharacter
LogPluginManager: Mounting plugin AudioCapture
LogPluginManager: Mounting plugin CableComponent
LogPluginManager: Mounting plugin CustomMeshComponent
LogPluginManager: Mounting plugin EditableMesh
LogPluginManager: Mounting plugin ExampleDeviceProfileSelector
LogPluginManager: Mounting plugin GoogleCloudMessaging
LogPluginManager: Mounting plugin ImmediatePhysics
LogPluginManager: Mounting plugin IOSDeviceProfileSelector
LogPluginManager: Mounting plugin LinuxDeviceProfileSelector
LogPluginManager: Mounting plugin LocationServicesBPLibrary
LogPluginManager: Mounting plugin MobilePatchingUtils
LogPluginManager: Mounting plugin OculusVR
LogPluginManager: Plugin shader directory ../../../Engine/Plugins/Runtime/Oculus/OculusVR/Shaders found
LogPluginManager: Mapping shader source directory ../../../Engine/Plugins/Runtime/Oculus/OculusVR/Shaders to virtual directory /Plugin/OculusVR
LogPluginManager: Mounting plugin PhysXVehicles
LogPluginManager: Mounting plugin ProceduralMeshComponent
LogPluginManager: Mounting plugin RuntimePhysXCooking
LogPluginManager: Mounting plugin SteamVR
LogPluginManager: Mounting plugin WindowsMoviePlayer
LogStreaming: Display: Took  0.151s to configure plugins.
LogInit: Using libcurl 7.55.1-DEV
LogInit:  - built for x86_64-pc-win32
LogInit:  - supports SSL with OpenSSL/1.0.2h
LogInit:  - supports HTTP deflate (compression) using libz 1.2.8
LogInit:  - other features:
LogInit:      CURL_VERSION_SSL
LogInit:      CURL_VERSION_LIBZ
LogInit:      CURL_VERSION_IPV6
LogInit:      CURL_VERSION_ASYNCHDNS
LogInit:      CURL_VERSION_LARGEFILE
LogInit:      CURL_VERSION_IDN
LogInit:  CurlRequestOptions (configurable via config and command line):
LogInit:  - bVerifyPeer = false  - Libcurl will NOT verify peer certificate
LogInit:  - bUseHttpProxy = false  - Libcurl will NOT use HTTP proxy
LogInit:  - bDontReuseConnections = false  - Libcurl will reuse connections
LogInit:  - CertBundlePath = nullptr  - Libcurl will use whatever was configured at build time.
LogInit:  - MaxHostConnections = 16  - Libcurl will limit the number of connections to a host
LogInit:  - LocalHostAddr = Default
LogInit:  - BufferSize = 65536
LogInit: WinSock: version 1.1 (2.2), MaxSocks=32767, MaxUdp=65467
LogInit: Build: ++UE4+Release-4.20-CL-4233996
LogInit: Engine Version: 4.20.1-4233996+++UE4+Release-4.20
LogInit: Compatible Engine Version: 4.20.0-4212847+++UE4+Release-4.20
LogInit: Net CL: 4212847
LogInit: OS: Windows 10 (), CPU: Intel(R) Core(TM) i7-4790 CPU @ 3.60GHz, GPU: NVIDIA GeForce GTX 780
LogInit: Compiled (64-bit): Jul 26 2018 10:07:30
LogInit: Compiled with Visual C++: 19.13.26129.00
LogInit: Build Configuration: Development
LogInit: Branch Name: ++UE4+Release-4.20
LogInit: Command Line:  -skipcompile
LogInit: Base Directory: C:/Program Files/Epic Games/UE_4.20/Engine/Binaries/Win64/
LogInit: Installed Engine Build: 1
LogDevObjectVersion: Number of dev versions registered: 20
LogDevObjectVersion:   Dev-Blueprints (B0D832E4-1F89-4F0D-ACCF-7EB736FD4AA2): 10
LogDevObjectVersion:   Dev-Build (E1C64328-A22C-4D53-A36C-8E866417BD8C): 0
LogDevObjectVersion:   Dev-Core (375EC13C-06E4-48FB-B500-84F0262A717E): 2
LogDevObjectVersion:   Dev-Editor (E4B068ED-F494-42E9-A231-DA0B2E46BB41): 24
LogDevObjectVersion:   Dev-Framework (CFFC743F-43B0-4480-9391-14DF171D2073): 34
LogDevObjectVersion:   Dev-Mobile (B02B49B5-BB20-44E9-A304-32B752E40360): 2
LogDevObjectVersion:   Dev-Networking (A4E4105C-59A1-49B5-A7C5-40C4547EDFEE): 0
LogDevObjectVersion:   Dev-Online (39C831C9-5AE6-47DC-9A44-9C173E1C8E7C): 0
LogDevObjectVersion:   Dev-Physics (78F01B33-EBEA-4F98-B9B4-84EACCB95AA2): 0
LogDevObjectVersion:   Dev-Platform (6631380F-2D4D-43E0-8009-CF276956A95A): 0
LogDevObjectVersion:   Dev-Rendering (12F88B9F-8875-4AFC-A67C-D90C383ABD29): 26
LogDevObjectVersion:   Dev-Sequencer (7B5AE74C-D270-4C10-A958-57980B212A5A): 9
LogDevObjectVersion:   Dev-VR (D7296918-1DD6-4BDD-9DE2-64A83CC13884): 2
LogDevObjectVersion:   Dev-LoadTimes (C2A15278-BFE7-4AFE-6C17-90FF531DF755): 1
LogDevObjectVersion:   Private-Geometry (6EACA3D4-40EC-4CC1-B786-8BED09428FC5): 3
LogDevObjectVersion:   Dev-AnimPhys (29E575DD-E0A3-4627-9D10-D276232CDCEA): 17
LogDevObjectVersion:   Dev-ReflectionCapture (6B266CEC-1EC7-4B8F-A30B-E4D90942FC07): 1
LogDevObjectVersion:   Dev-Automation (0DF73D61-A23F-47EA-B727-89E90C41499A): 1
LogDevObjectVersion:   FortniteMain (601D1886-AC64-4F84-AA16-D3DE0DEAC7D6): 12
LogDevObjectVersion:   Dev-Enterprise (9DFFBCD6-494F-0158-E221-12823C92A888): 1
LogStreaming: Display: Took  0.001s to delete old logs.
LogInit: Presizing for max 8388607 objects, including 0 objects not considered by GC, pre-allocating 0 bytes for permanent pool.
LogInit: Object subsystem initialized
[2018.10.29-14.58.23:683][  0]LogInit: Selected Device Profile: [Windows]
[2018.10.29-14.58.23:683][  0]LogInit: Applying CVar settings loaded from the selected device profile: [Windows]
[2018.10.29-14.58.23:696][  0]LogHAL: Display: Platform has ~ 16 GB [17080971264 / 17179869184 / 16], which maps to Larger [LargestMinGB=32, LargerMinGB=12, DefaultMinGB=8, SmallerMinGB=6, SmallestMinGB=0)
[2018.10.29-14.58.23:696][  0]LogInit: Setting Device Profile CVar: [[r.Vulkan.UseRealUBs:1]]
[2018.10.29-14.58.23:696][  0]LogInit: Going up to parent DeviceProfile []
[2018.10.29-14.58.23:697][  0]LogInit: Computer: AMTX222-18
[2018.10.29-14.58.23:697][  0]LogInit: User: trj1crt
[2018.10.29-14.58.23:697][  0]LogInit: CPU Page size=4096, Cores=4
[2018.10.29-14.58.23:697][  0]LogInit: High frequency timer resolution =3.507510 MHz
[2018.10.29-14.58.23:697][  0]LogMemory: Memory total: Physical=15.9GB (16GB approx)
[2018.10.29-14.58.23:697][  0]LogMemory: Platform Memory Stats for Windows
[2018.10.29-14.58.23:697][  0]LogMemory: Process Physical Memory: 103.81 MB used, 103.81 MB peak
[2018.10.29-14.58.23:697][  0]LogMemory: Process Virtual Memory: 91.23 MB used, 91.23 MB peak
[2018.10.29-14.58.23:697][  0]LogMemory: Physical Memory: 5255.52 MB used,  11034.16 MB free, 16289.68 MB total
[2018.10.29-14.58.23:697][  0]LogMemory: Virtual Memory: 4641.84 MB used,  11034.16 MB free, 134217728.00 MB total
[2018.10.29-14.58.24:594][  0]LogInit: Using OS detected language (en-GB).
[2018.10.29-14.58.24:594][  0]LogInit: Using OS detected locale (en-GB).
[2018.10.29-14.58.24:595][  0]LogTextLocalizationManager: No specific localization for 'en-GB' exists, so the 'en' localization will be used.
[2018.10.29-14.58.24:946][  0]LogStreaming: Display: Took  0.352s to InitEngineTextLocalization.
[2018.10.29-14.58.24:947][  0]LogInit: Setting process to per monitor DPI aware
[2018.10.29-14.58.24:995][  0]LogSlate: New Slate User Created.  User Index 0, Is Virtual User: 0
[2018.10.29-14.58.24:995][  0]LogSlate: Slate User Registered.  User Index 0, Is Virtual User: 0
[2018.10.29-14.58.25:186][  0]LogHMD: Failed to initialize OpenVR with code 110
[2018.10.29-14.58.25:186][  0]LogD3D11RHI: D3D11 adapters:
[2018.10.29-14.58.25:317][  0]LogD3D11RHI:    0. 'NVIDIA GeForce GTX 780' (Feature Level 11_0)
[2018.10.29-14.58.25:317][  0]LogD3D11RHI:       3029/0/8144 MB DedicatedVideo/DedicatedSystem/SharedSystem, Outputs:2, VendorId:0x10de
[2018.10.29-14.58.25:495][  0]LogD3D11RHI:    1. 'Microsoft Basic Render Driver' (Feature Level 11_0)
[2018.10.29-14.58.25:496][  0]LogD3D11RHI:       0/0/8144 MB DedicatedVideo/DedicatedSystem/SharedSystem, Outputs:0, VendorId:0x1414
[2018.10.29-14.58.25:496][  0]LogD3D11RHI: Chosen D3D11 Adapter: 0
[2018.10.29-14.58.25:513][  0]LogD3D11RHI: Creating new Direct3DDevice
[2018.10.29-14.58.25:514][  0]LogD3D11RHI:     GPU DeviceId: 0x1004 (for the marketing name, search the web for "GPU Device Id")
[2018.10.29-14.58.25:514][  0]LogWindows: EnumDisplayDevices:
[2018.10.29-14.58.25:515][  0]LogWindows:    0. 'NVIDIA GeForce GTX 780' (P:1 D:1)
[2018.10.29-14.58.25:516][  0]LogWindows:    1. 'NVIDIA GeForce GTX 780' (P:0 D:1)
[2018.10.29-14.58.25:517][  0]LogWindows:    2. 'NVIDIA GeForce GTX 780' (P:0 D:0)
[2018.10.29-14.58.25:517][  0]LogWindows:    3. 'NVIDIA GeForce GTX 780' (P:0 D:0)
[2018.10.29-14.58.25:517][  0]LogWindows: DebugString: FoundDriverCount:4 
[2018.10.29-14.58.25:518][  0]LogD3D11RHI:     Adapter Name: NVIDIA GeForce GTX 780
[2018.10.29-14.58.25:518][  0]LogD3D11RHI:   Driver Version: 399.07 (internal:24.21.13.9907, unified:399.07)
[2018.10.29-14.58.25:518][  0]LogD3D11RHI:      Driver Date: 8-21-2018
[2018.10.29-14.58.25:518][  0]LogRHI: Texture pool is 2120 MB (70% of 3029 MB)
[2018.10.29-14.58.25:598][  0]LogD3D11RHI: Async texture creation enabled
[2018.10.29-14.58.25:615][  0]LogD3D11RHI: GPU Timing Frequency: 1000.000000 (Debug: 2 2)
[2018.10.29-14.58.25:619][  0]LogShaderCompilers: Guid format shader working directory is 4 characters bigger than the processId version (../../../../../../Temp/Rhun/_Speed/MyProject/Intermediate/Shaders/WorkingDirectory/6064/).
[2018.10.29-14.58.25:619][  0]LogShaderCompilers: Cleaned the shader compiler working directory 'C:/Users/trj1crt/AppData/Local/Temp/UnrealShaderWorkingDir/592F94544245D84E3339F0BF0EA965EB/'.
[2018.10.29-14.58.26:021][  0]LogTemp: Display: Loaded TP AllDesktopTargetPlatform
[2018.10.29-14.58.26:036][  0]LogTemp: Display: Loaded TP MacClientTargetPlatform
[2018.10.29-14.58.26:050][  0]LogTemp: Display: Loaded TP MacNoEditorTargetPlatform
[2018.10.29-14.58.26:063][  0]LogTemp: Display: Loaded TP MacServerTargetPlatform
[2018.10.29-14.58.26:078][  0]LogTemp: Display: Loaded TP MacTargetPlatform
[2018.10.29-14.58.26:092][  0]LogTemp: Display: Loaded TP WindowsClientTargetPlatform
[2018.10.29-14.58.26:107][  0]LogTemp: Display: Loaded TP WindowsNoEditorTargetPlatform
[2018.10.29-14.58.26:121][  0]LogTemp: Display: Loaded TP WindowsServerTargetPlatform
[2018.10.29-14.58.26:129][  0]LogTemp: Display: Loaded TP WindowsTargetPlatform
[2018.10.29-14.58.26:198][  0]LogTemp: Display: Loaded TP AndroidTargetPlatform
[2018.10.29-14.58.26:199][  0]LogTemp: Display: Loaded TP AndroidTargetPlatform
[2018.10.29-14.58.26:199][  0]LogTemp: Display: Loaded TP AndroidTargetPlatform
[2018.10.29-14.58.26:199][  0]LogTemp: Display: Loaded TP AndroidTargetPlatform
[2018.10.29-14.58.26:199][  0]LogTemp: Display: Loaded TP AndroidTargetPlatform
[2018.10.29-14.58.26:199][  0]LogTemp: Display: Loaded TP AndroidTargetPlatform
[2018.10.29-14.58.26:199][  0]LogTemp: Display: Loaded TP AndroidTargetPlatform
[2018.10.29-14.58.26:199][  0]LogTemp: Display: Loaded TP AndroidTargetPlatform
[2018.10.29-14.58.26:199][  0]LogTemp: Display: Loaded TP AndroidTargetPlatform
[2018.10.29-14.58.26:199][  0]LogTemp: Display: Loaded TP AndroidTargetPlatform
[2018.10.29-14.58.26:199][  0]LogTemp: Display: Loaded TP AndroidTargetPlatform
[2018.10.29-14.58.26:199][  0]LogTemp: Display: Loaded TP AndroidTargetPlatform
[2018.10.29-14.58.26:200][  0]LogTemp: Display: Loaded TP AndroidTargetPlatform
[2018.10.29-14.58.26:200][  0]LogTemp: Display: Loaded TP AndroidTargetPlatform
[2018.10.29-14.58.26:200][  0]LogTemp: Display: Loaded TP AndroidTargetPlatform
[2018.10.29-14.58.26:200][  0]LogTemp: Display: Loaded TP AndroidTargetPlatform
[2018.10.29-14.58.26:200][  0]LogTemp: Display: Loaded TP AndroidTargetPlatform
[2018.10.29-14.58.26:200][  0]LogTemp: Display: Loaded TP AndroidTargetPlatform
[2018.10.29-14.58.26:202][  0]LogTemp: Display: Loaded TP HTML5TargetPlatform
[2018.10.29-14.58.26:283][  0]LogTemp: Display: Loaded TP IOSTargetPlatform
[2018.10.29-14.58.26:283][  0]LogTemp: Display: Loaded TP IOSTargetPlatform
[2018.10.29-14.58.26:317][  0]LogTemp: Display: Loaded TP TVOSTargetPlatform
[2018.10.29-14.58.26:317][  0]LogTemp: Display: Loaded TP TVOSTargetPlatform
[2018.10.29-14.58.26:333][  0]LogTemp: Display: Loaded TP LinuxClientTargetPlatform
[2018.10.29-14.58.26:346][  0]LogTemp: Display: Loaded TP LinuxNoEditorTargetPlatform
[2018.10.29-14.58.26:358][  0]LogTemp: Display: Loaded TP LinuxServerTargetPlatform
[2018.10.29-14.58.26:372][  0]LogTemp: Display: Loaded TP LinuxTargetPlatform
[2018.10.29-14.58.26:383][  0]LogTemp: Display: Loaded TP LuminTargetPlatform
[2018.10.29-14.58.26:383][  0]LogTargetPlatformManager: Display: Building Assets For Windows
[2018.10.29-14.58.26:491][  0]LogXGEController: Cleaning working directory: C:/Users/trj1crt/AppData/Local/Temp/UnrealXGEWorkingDir/
[2018.10.29-14.58.26:491][  0]LogXGEController: Cannot use XGE Controller as Incredibuild is not installed on this machine.
[2018.10.29-14.58.26:492][  0]LogShaderCompilers: Cannot use XGE Shader Compiler as Incredibuild is not installed on this machine.
[2018.10.29-14.58.26:492][  0]LogShaderCompilers: Display: Using Local Shader Compiler.
[2018.10.29-14.58.27:182][  0]LogDerivedDataCache: Display: Max Cache Size: 512 MB
[2018.10.29-14.58.27:231][  0]LogDerivedDataCache: Loaded boot cache 0.05s 73MB C:/Users/trj1crt/AppData/Local/UnrealEngine/4.20/DerivedDataCache/Boot.ddc.
[2018.10.29-14.58.27:232][  0]LogDerivedDataCache: Display: Loaded Boot cache: C:/Users/trj1crt/AppData/Local/UnrealEngine/4.20/DerivedDataCache/Boot.ddc
[2018.10.29-14.58.27:232][  0]LogDerivedDataCache: FDerivedDataBackendGraph:  Pak pak cache file ../../../../../../Temp/Rhun/_Speed/MyProject/DerivedDataCache/DDC.ddp not found, will not use a pak cache.
[2018.10.29-14.58.27:232][  0]LogDerivedDataCache: Unable to find inner node Pak for hierarchical cache Hierarchy.
[2018.10.29-14.58.27:232][  0]LogDerivedDataCache: FDerivedDataBackendGraph:  CompressedPak pak cache file ../../../../../../Temp/Rhun/_Speed/MyProject/DerivedDataCache/Compressed.ddp not found, will not use a pak cache.
[2018.10.29-14.58.27:232][  0]LogDerivedDataCache: Unable to find inner node CompressedPak for hierarchical cache Hierarchy.
[2018.10.29-14.58.27:243][  0]LogDerivedDataCache: Display: Pak cache opened for reading ../../../Engine/DerivedDataCache/Compressed.ddp.
[2018.10.29-14.58.27:256][  0]LogDerivedDataCache: Using Local data cache path C:/Users/trj1crt/AppData/Local/UnrealEngine/Common/DerivedDataCache: Writable
[2018.10.29-14.58.27:256][  0]LogDerivedDataCache: Shared data cache path not found in *engine.ini, will not use an Shared cache.
[2018.10.29-14.58.27:256][  0]LogDerivedDataCache: Unable to find inner node Shared for hierarchical cache Hierarchy.
[2018.10.29-14.58.27:278][  0]LogMaterial: Verifying Global Shaders for PCD3D_SM5
[2018.10.29-14.58.27:279][  0]LogSlate: Using FreeType 2.6.0
[2018.10.29-14.58.27:280][  0]LogSlate: SlateFontServices - WITH_FREETYPE: 1, WITH_HARFBUZZ: 1
[2018.10.29-14.58.27:348][  0]LogAssetRegistry: FAssetRegistry took 0.0282 seconds to start up
[2018.10.29-14.58.27:630][  0]LogInit: Selected Device Profile: [Windows]
[2018.10.29-14.58.27:734][  0]LogSimplygon: Simplygon DLL not present - disabling.
[2018.10.29-14.58.27:742][  0]LogMeshReduction: Using SimplygonSwarm for distributed automatic mesh merging
[2018.10.29-14.58.27:742][  0]LogMeshReduction: Using ProxyLODMeshReduction for automatic mesh merging
[2018.10.29-14.58.27:742][  0]LogMeshReduction: Using QuadricMeshReduction for automatic static mesh reduction
[2018.10.29-14.58.27:742][  0]LogMeshReduction: No automatic skeletal mesh reduction module available
[2018.10.29-14.58.27:827][  0]LogNetVersion: MyProject 1.0.0, NetCL: 4212847, EngineNetVer: 5, GameNetVer: 0 (Checksum: 1110078900)
[2018.10.29-14.58.28:320][  0]LogPackageLocalizationCache: Processed 11 localized package path(s) for 2 prioritized culture(s) in 0.147437 seconds
[2018.10.29-14.58.28:325][  0]LogUObjectArray: 38425 objects as part of root set at end of initial load.
[2018.10.29-14.58.28:325][  0]LogUObjectAllocator: 6690864 out of 0 bytes used by permanent object pool.
[2018.10.29-14.58.28:325][  0]LogUObjectArray: CloseDisregardForGC: 0/0 objects in disregard for GC pool
[2018.10.29-14.58.29:351][  0]LogTcpMessaging: Initializing TcpMessaging bridge
[2018.10.29-14.58.29:368][  0]LogUdpMessaging: Initializing bridge on interface 0.0.0.0:0 to multicast group 230.0.0.1:6666.
[2018.10.29-14.58.29:615][  0]SourceControl: Source control is disabled
[2018.10.29-14.58.29:615][  0]SourceControl: Source control is disabled
[2018.10.29-14.58.29:618][  0]SourceControl: Source control is disabled
[2018.10.29-14.58.29:621][  0]SourceControl: Source control is disabled
[2018.10.29-14.58.29:853][  0]LogAndroidPermission: UAndroidPermissionCallbackProxy::GetInstance
[2018.10.29-14.58.29:979][  0]LogOcInput: OculusInput pre-init called
[2018.10.29-14.58.30:044][  0]LogEngine: Initializing Engine...
[2018.10.29-14.58.30:045][  0]LogHMD: Failed to initialize OpenVR with code 110
[2018.10.29-14.58.30:047][  0]LogStats: UGameplayTagsManager::ConstructGameplayTagTree: ImportINI prefixes -  0.000 s
[2018.10.29-14.58.30:047][  0]LogStats: UGameplayTagsManager::ConstructGameplayTagTree: Construct from data asset -  0.000 s
[2018.10.29-14.58.30:047][  0]LogStats: UGameplayTagsManager::ConstructGameplayTagTree: ImportINI -  0.000 s
[2018.10.29-14.58.30:047][  0]LogStats: UGameplayTagsManager::ConstructGameplayTagTree: GameplayTagTreeChangedEvent.Broadcast -  0.000 s
[2018.10.29-14.58.30:228][  0]LogInit: Initializing FReadOnlyCVARCache
[2018.10.29-14.58.30:245][  0]LogAIModule: Creating AISystem for world Untitled
[2018.10.29-14.58.30:268][  0]LogInit: XAudio2 using 'Speakers (High Definition Audio Device)' : 2 channels at 48 kHz using 16 bits per sample (channel mask 0x3)
[2018.10.29-14.58.30:342][  0]LogInit: FAudioDevice initialized.
[2018.10.29-14.58.30:343][  0]LogNetVersion: Set ProjectVersion to 1.0.0.0. Version Checksum will be recalculated on next use.
[2018.10.29-14.58.30:489][  0]LogDerivedDataCache: Saved boot cache 0.15s 73MB C:/Users/trj1crt/AppData/Local/UnrealEngine/4.20/DerivedDataCache/Boot.ddc.
[2018.10.29-14.58.30:522][  0]LogInit: Texture streaming: Enabled
[2018.10.29-14.58.30:561][  0]LogEngineSessionManager: EngineSessionManager initialized
[2018.10.29-14.58.30:584][  0]LogInit: Transaction tracking system initialized
[2018.10.29-14.58.30:642][  0]BlueprintLog: New page: Editor Load
[2018.10.29-14.58.30:761][  0]LocalizationService: Localization service is disabled
[2018.10.29-14.58.31:004][  0]LogCook: Display: Max memory allowance for cook 16384mb min free memory 0mb
[2018.10.29-14.58.31:004][  0]LogCook: Display: Mobile HDR setting 1
[2018.10.29-14.58.31:005][  0]LogGameplayTags: Display: UGameplayTagsManager::DoneAddingNativeTags. DelegateIsBound: 0
[2018.10.29-14.58.31:005][  0]LogStats: UGameplayTagsManager::ConstructGameplayTagTree: ImportINI prefixes -  0.000 s
[2018.10.29-14.58.31:005][  0]LogStats: UGameplayTagsManager::ConstructGameplayTagTree: Construct from data asset -  0.000 s
[2018.10.29-14.58.31:005][  0]LogStats: UGameplayTagsManager::ConstructGameplayTagTree: ImportINI -  0.000 s
[2018.10.29-14.58.31:005][  0]LogStats: UGameplayTagsManager::ConstructGameplayTagTree: GameplayTagTreeChangedEvent.Broadcast -  0.000 s
[2018.10.29-14.58.31:169][  0]LogFileCache: Scanning file cache for directory 'C:/Temp/Rhun/_Speed/MyProject/Content/' took 0.02s
[2018.10.29-14.58.31:169][  0]SourceControl: Source control is disabled
[2018.10.29-14.58.31:169][  0]Cmd: MAP LOAD FILE="../../../../../../Temp/Rhun/_Speed/MyProject/Content/VehicleCPP/Maps/VehicleExampleMap.umap" TEMPLATE=0 SHOWPROGRESS=1 FEATURELEVEL=3
[2018.10.29-14.58.31:170][  0]LightingResults: New page: Lighting Build
[2018.10.29-14.58.31:172][  0]MapCheck: New page: Map Check
[2018.10.29-14.58.31:172][  0]LightingResults: New page: Lighting Build
[2018.10.29-14.58.31:280][  0]LogLinker: Warning: Can't find file '/Game/VehicleCPP/Maps/VehicleExampleMap_BuiltData'
[2018.10.29-14.58.31:281][  0]LogLinker: Warning: Can't find file for asset '/Game/VehicleCPP/Maps/VehicleExampleMap_BuiltData' while loading ../../../../../../Temp/Rhun/_Speed/MyProject/Content/VehicleCPP/Maps/VehicleExampleMap.umap.
[2018.10.29-14.58.31:281][  0]LoadErrors: Error: /Game/VehicleCPP/Maps/VehicleExampleMap : Can't find file for asset. /Game/VehicleCPP/Maps/VehicleExampleMap_BuiltData
[2018.10.29-14.58.31:292][  0]LogLinker: Warning: Can't find file '/Game/VehicleCPP/Maps/VehicleExampleMap_BuiltData'
[2018.10.29-14.58.31:292][  0]LogLinker: Warning: Can't find file for asset '/Game/VehicleCPP/Maps/VehicleExampleMap_BuiltData' while loading ../../../../../../Temp/Rhun/_Speed/MyProject/Content/VehicleCPP/Maps/VehicleExampleMap.umap.
[2018.10.29-14.58.31:292][  0]LoadErrors: Error: /Game/VehicleCPP/Maps/VehicleExampleMap : Can't find file for asset. /Game/VehicleCPP/Maps/VehicleExampleMap_BuiltData
[2018.10.29-14.58.31:294][  0]LogLinker: Warning: Can't find file '/Game/VehicleCPP/Maps/VehicleExampleMap_BuiltData'
[2018.10.29-14.58.31:294][  0]LogLinker: Warning: Can't find file for asset '/Game/VehicleCPP/Maps/VehicleExampleMap_BuiltData' while loading NULL.
[2018.10.29-14.58.31:294][  0]LogLinker: Warning: Can't find file '/Game/VehicleCPP/Maps/VehicleExampleMap_BuiltData'
[2018.10.29-14.58.31:294][  0]LogLinker: Warning: Can't find file for asset '/Game/VehicleCPP/Maps/VehicleExampleMap_BuiltData' while loading NULL.
[2018.10.29-14.58.31:307][  0]LogLinker: Warning: Can't find file '/Game/VehicleCPP/Maps/VehicleExampleMap_BuiltData'
[2018.10.29-14.58.31:308][  0]LoadErrors: Failed to load /Game/VehicleCPP/Maps/VehicleExampleMap_BuiltData.VehicleExampleMap_BuiltData Referenced by PersistentLevel
[2018.10.29-14.58.31:308][  0]LogLinker: Warning: Can't find file for asset '/Game/VehicleCPP/Maps/VehicleExampleMap_BuiltData' while loading NULL.
[2018.10.29-14.58.31:308][  0]LoadErrors: Failed to load /Game/VehicleCPP/Maps/VehicleExampleMap_BuiltData.VehicleExampleMap_BuiltData Referenced by PersistentLevel
[2018.10.29-14.58.31:410][  0]LogAIModule: Creating AISystem for world VehicleExampleMap
[2018.10.29-14.58.31:422][  0]LogEditorServer: Finished looking for orphan Actors (0.000 secs)
[2018.10.29-14.58.31:442][  0]Cmd: MAP CHECKDEP NOCLEARLOG
[2018.10.29-14.58.31:498][  0]MapCheck: Map check complete: 0 Error(s), 0 Warning(s), took 55.748ms to complete.
[2018.10.29-14.58.31:499][  0]LogFileHelpers: Loading map 'VehicleExampleMap' took 0.330
[2018.10.29-14.58.31:601][  0]LogSlate: Updating window title bar state: overlay mode, drag disabled, window buttons hidden, title bar hidden
[2018.10.29-14.58.31:608][  0]LogSlate: Updating window title bar state: overlay mode, drag disabled, window buttons hidden, title bar hidden
[2018.10.29-14.58.31:615][  0]LogSlate: Updating window title bar state: overlay mode, drag disabled, window buttons hidden, title bar hidden
[2018.10.29-14.58.31:623][  0]LogSlate: Updating window title bar state: overlay mode, drag disabled, window buttons hidden, title bar hidden
[2018.10.29-14.58.31:630][  0]LogCollectionManager: Loaded 0 collections in 0.001710 seconds
[2018.10.29-14.58.31:681][  0]LogFileCache: Scanning file cache for directory 'C:/Temp/Rhun/_Speed/MyProject/Saved/Collections/' took 0.01s
[2018.10.29-14.58.31:681][  0]LogFileCache: Scanning file cache for directory 'C:/Temp/Rhun/_Speed/MyProject/Content/Developers/trj1crt/Collections/' took 0.01s
[2018.10.29-14.58.31:681][  0]LogFileCache: Scanning file cache for directory 'C:/Temp/Rhun/_Speed/MyProject/Content/Collections/' took 0.01s
[2018.10.29-14.58.31:681][  0]LogCollectionManager: Rebuilt the GUID cache for 0 collections in 0.000001 seconds
[2018.10.29-14.58.31:691][  0]LogContentBrowser: Native class hierarchy populated in 0.0097 seconds. Added 2580 classes and 608 folders.
[2018.10.29-14.58.31:697][  0]LogContentBrowser: Native class hierarchy updated for 'WidgetCarousel' in 0.0003 seconds. Added 0 classes and 0 folders.
[2018.10.29-14.58.31:735][  0]LogContentBrowser: Native class hierarchy updated for 'AddContentDialog' in 0.0003 seconds. Added 0 classes and 0 folders.
[2018.10.29-14.58.31:741][  0]LogContentBrowser: Native class hierarchy updated for 'SceneOutliner' in 0.0004 seconds. Added 1 classes and 2 folders.
[2018.10.29-14.58.31:755][  0]LogSlate: Took 0.000306 seconds to synchronously load lazily loaded font '../../../Engine/Content/Slate/Fonts/Roboto-Regular.ttf' (155K)
[2018.10.29-14.58.31:758][  0]LogSlate: Took 0.000181 seconds to synchronously load lazily loaded font '../../../Engine/Content/Slate/Fonts/Roboto-Bold.ttf' (160K)
[2018.10.29-14.58.31:763][  0]LogSlate: Took 0.000232 seconds to synchronously load lazily loaded font '../../../Engine/Content/Editor/Slate/Fonts/FontAwesome.ttf' (139K)
[2018.10.29-14.58.31:838][  0]LogRenderer: Reallocating scene render targets to support 256x256 Format 10 NumSamples 1 (Frame:1).
[2018.10.29-14.58.31:856][  0]LogRenderer: Reallocating scene render targets to support 1208x576 Format 10 NumSamples 1 (Frame:1).
[2018.10.29-14.58.31:890][  0]LogSlate: Took 0.000150 seconds to synchronously load lazily loaded font '../../../Engine/Content/Slate/Fonts/Roboto-Light.ttf' (167K)
[2018.10.29-14.58.31:979][  0]LogSlate: FSceneViewport::OnFocusLost() reason 2
[2018.10.29-14.58.31:993][  0]LogSlate: Window 'Tutorials' being destroyed
[2018.10.29-14.58.32:030][  0]LogContentBrowser: Native class hierarchy updated for 'HierarchicalLODOutliner' in 0.0006 seconds. Added 0 classes and 0 folders.
[2018.10.29-14.58.32:030][  0]LogLoad: (Engine Initialization) Total time: 11.01 seconds
[2018.10.29-14.58.32:030][  0]LogLoad: (Engine Initialization) Total Blueprint compile time: 0.00 seconds
[2018.10.29-14.58.32:040][  0]LogWindowsTextInputMethodSystem: Display: IME system now deactivated.
[2018.10.29-14.58.32:042][  0]LogRawInputWindows: Warning: Found device 0 devices
[2018.10.29-14.58.32:042][  0]LogRawInputWindows: Warning: Found device 0 devices
[2018.10.29-14.58.32:043][  0]LogRawInputWindows: Warning: Device was registered succesfully but not connected (Usage:4 UsagePage:1)
[2018.10.29-14.58.32:043][  0]LogRawInputWindows: Warning: Found device 1 devices
[2018.10.29-14.58.32:043][  0]LogRawInputWindows: Warning: Device was registered succesfully but not connected (Usage:5 UsagePage:1)
[2018.10.29-14.58.32:088][  0]LogContentStreaming: Texture pool size now 3000 MB
[2018.10.29-14.58.32:093][  0]LogSlate: FSceneViewport::OnFocusLost() reason 2
[2018.10.29-14.58.32:149][  1]LogAssetRegistry: Asset discovery search completed in 4.8250 seconds
[2018.10.29-14.58.32:151][  1]LogCollectionManager: Rebuilt the object cache for 0 collections in 0.000001 seconds (found 0 objects)
[2018.10.29-14.58.32:151][  1]LogCollectionManager: Fixed up redirectors for 0 collections in 0.000180 seconds (updated 0 objects)
[2018.10.29-14.58.35:672][412]LogSlate: Window 'Message Log' being destroyed
[2018.10.29-14.58.35:674][412]LogSlate: Window 'Message Log' being destroyed
[2018.10.29-14.58.36:625][526]LogSlate: FSceneViewport::OnFocusLost() reason 0
[2018.10.29-14.58.37:850][655]LogSlate: Window 'MyProject - Unreal Editor' being destroyed
[2018.10.29-14.58.37:851][655]LogWindowsTextInputMethodSystem: Display: IME system now deactivated.
[2018.10.29-14.58.38:027][656]Cmd: QUIT_EDITOR
[2018.10.29-14.58.38:053][656]LogExit: Preparing to exit.
[2018.10.29-14.58.38:820][656]LogExit: Editor shut down
[2018.10.29-14.58.38:821][656]LogExit: Transaction tracking system shut down
[2018.10.29-14.58.39:174][656]LogExit: Object subsystem successfully closed.
[2018.10.29-14.58.39:201][656]LogShaderCompilers: Display: Shaders left to compile 0
[2018.10.29-14.58.39:205][656]LogD3D11RHI: Shutdown
[2018.10.29-14.58.39:205][656]LogD3D11RHI: CleanupD3DDevice
[2018.10.29-14.58.39:207][656]LogD3D11RHI: ~FD3D11DynamicRHI
[2018.10.29-14.58.39:221][656]LogModuleManager: Shutting down and abandoning module HierarchicalLODOutliner (614)
[2018.10.29-14.58.39:222][656]LogModuleManager: Shutting down and abandoning module SceneOutliner (612)
[2018.10.29-14.58.39:222][656]LogModuleManager: Shutting down and abandoning module AddContentDialog (610)
[2018.10.29-14.58.39:222][656]LogModuleManager: Shutting down and abandoning module WidgetCarousel (609)
[2018.10.29-14.58.39:222][656]LogModuleManager: Shutting down and abandoning module EditorWidgets (606)
[2018.10.29-14.58.39:222][656]LogModuleManager: Shutting down and abandoning module CollectionManager (604)
[2018.10.29-14.58.39:223][656]LogModuleManager: Shutting down and abandoning module StatsViewer (602)
[2018.10.29-14.58.39:223][656]LogModuleManager: Shutting down and abandoning module FoliageEdit (600)
[2018.10.29-14.58.39:223][656]LogModuleManager: Shutting down and abandoning module LandscapeEditor (598)
[2018.10.29-14.58.39:223][656]LogModuleManager: Shutting down and abandoning module MeshPaintMode (596)
[2018.10.29-14.58.39:223][656]LogModuleManager: Shutting down and abandoning module SceneDepthPickerMode (594)
[2018.10.29-14.58.39:223][656]LogModuleManager: Shutting down and abandoning module ActorPickerMode (592)
[2018.10.29-14.58.39:223][656]LogModuleManager: Shutting down and abandoning module GeometryMode (590)
[2018.10.29-14.58.39:223][656]LogModuleManager: Shutting down and abandoning module TextureAlignMode (588)
[2018.10.29-14.58.39:223][656]LogModuleManager: Shutting down and abandoning module BspMode (586)
[2018.10.29-14.58.39:223][656]LogModuleManager: Shutting down and abandoning module PIEPreviewDeviceProfileSelector (584)
[2018.10.29-14.58.39:223][656]LogModuleManager: Shutting down and abandoning module SequenceRecorderSections (582)
[2018.10.29-14.58.39:224][656]LogModuleManager: Shutting down and abandoning module AutomationWorker (580)
[2018.10.29-14.58.39:224][656]LogModuleManager: Shutting down and abandoning module AudioCaptureEditor (578)
[2018.10.29-14.58.39:224][656]LogModuleManager: Shutting down and abandoning module SequenceRecorder (577)
[2018.10.29-14.58.39:224][656]LogModuleManager: Shutting down and abandoning module MatineeToLevelSequence (574)
[2018.10.29-14.58.39:224][656]LogModuleManager: Shutting down and abandoning module LevelSequenceEditor (572)
[2018.10.29-14.58.39:224][656]LogModuleManager: Shutting down and abandoning module PlacementMode (571)
[2018.10.29-14.58.39:224][656]LogModuleManager: Shutting down and abandoning module MaterialEditor (570)
[2018.10.29-14.58.39:224][656]LogModuleManager: Shutting down and abandoning module WmfMediaFactory (566)
[2018.10.29-14.58.39:224][656]LogModuleManager: Shutting down and abandoning module WmfMediaEditor (564)
[2018.10.29-14.58.39:224][656]LogModuleManager: Shutting down and abandoning module MediaPlayerEditor (562)
[2018.10.29-14.58.39:224][656]LogModuleManager: Shutting down and abandoning module OpenExrWrapper (560)
[2018.10.29-14.58.39:224][656]LogModuleManager: Shutting down and abandoning module ImgMediaFactory (558)
[2018.10.29-14.58.39:224][656]LogModuleManager: Shutting down and abandoning module ImgMediaEditor (556)
[2018.10.29-14.58.39:224][656]LogModuleManager: Shutting down and abandoning module AvfMediaFactory (554)
[2018.10.29-14.58.39:224][656]LogModuleManager: Shutting down and abandoning module AvfMediaEditor (552)
[2018.10.29-14.58.39:224][656]LogModuleManager: Shutting down and abandoning module AndroidMediaFactory (550)
[2018.10.29-14.58.39:225][656]LogModuleManager: Shutting down and abandoning module AndroidMediaEditor (548)
[2018.10.29-14.58.39:225][656]LogModuleManager: Shutting down and abandoning module MagicLeapCameraPreviewFactory (546)
[2018.10.29-14.58.39:225][656]LogModuleManager: Shutting down and abandoning module MagicLeapMediaFactory (544)
[2018.10.29-14.58.39:225][656]LogModuleManager: Shutting down and abandoning module MagicLeapMediaEditor (542)
[2018.10.29-14.58.39:225][656]LogModuleManager: Shutting down and abandoning module CharacterAI (540)
[2018.10.29-14.58.39:225][656]LogModuleManager: Shutting down and abandoning module SmartSnapping (538)
[2018.10.29-14.58.39:225][656]LogModuleManager: Shutting down and abandoning module SessionServices (536)
[2018.10.29-14.58.39:225][656]LogModuleManager: Shutting down and abandoning module ViewportSnapping (534)
[2018.10.29-14.58.39:225][656]LogModuleManager: Shutting down and abandoning module ViewportInteraction (532)
[2018.10.29-14.58.39:225][656]LogModuleManager: Shutting down and abandoning module ClothPainter (530)
[2018.10.29-14.58.39:225][656]LogModuleManager: Shutting down and abandoning module SkeletalMeshEditor (529)
[2018.10.29-14.58.39:225][656]LogModuleManager: Shutting down and abandoning module LogVisualizer (526)
[2018.10.29-14.58.39:225][656]LogModuleManager: Shutting down and abandoning module IntroTutorials (524)
[2018.10.29-14.58.39:225][656]LogModuleManager: Shutting down and abandoning module GameProjectGeneration (523)
[2018.10.29-14.58.39:225][656]LogModuleManager: Shutting down and abandoning module LuminPlatformEditor (520)
[2018.10.29-14.58.39:225][656]LogModuleManager: Shutting down and abandoning module IOSPlatformEditor (518)
[2018.10.29-14.58.39:225][656]LogModuleManager: Shutting down and abandoning module HTML5PlatformEditor (516)
[2018.10.29-14.58.39:225][656]LogModuleManager: Shutting down and abandoning module AndroidPlatformEditor (514)
[2018.10.29-14.58.39:225][656]LogModuleManager: Shutting down and abandoning module AndroidDeviceDetection (513)
[2018.10.29-14.58.39:954][656]LogModuleManager: Shutting down and abandoning module WindowsPlatformEditor (510)
[2018.10.29-14.58.39:954][656]LogModuleManager: Shutting down and abandoning module LuminRuntimeSettings (508)
[2018.10.29-14.58.39:954][656]LogModuleManager: Shutting down and abandoning module IOSRuntimeSettings (506)
[2018.10.29-14.58.39:954][656]LogModuleManager: Shutting down and abandoning module AndroidRuntimeSettings (504)
[2018.10.29-14.58.39:954][656]LogModuleManager: Shutting down and abandoning module InputBindingEditor (502)
[2018.10.29-14.58.39:954][656]LogModuleManager: Shutting down and abandoning module MergeActors (500)
[2018.10.29-14.58.39:954][656]LogModuleManager: Shutting down and abandoning module LocalizationDashboard (498)
[2018.10.29-14.58.39:955][656]LogModuleManager: Shutting down and abandoning module LocalizationService (497)
[2018.10.29-14.58.39:955][656]LogModuleManager: Shutting down and abandoning module HardwareTargeting (494)
[2018.10.29-14.58.39:955][656]LogModuleManager: Shutting down and abandoning module DeviceProfileEditor (492)
[2018.10.29-14.58.39:955][656]LogModuleManager: Shutting down and abandoning module UndoHistory (490)
[2018.10.29-14.58.39:955][656]LogModuleManager: Shutting down and abandoning module XmlParser (488)
[2018.10.29-14.58.39:955][656]LogModuleManager: Shutting down and abandoning module Blutility (486)
[2018.10.29-14.58.39:955][656]LogModuleManager: Shutting down and abandoning module ProjectSettingsViewer (484)
[2018.10.29-14.58.39:955][656]LogModuleManager: Shutting down and abandoning module ProjectTargetPlatformEditor (483)
[2018.10.29-14.58.39:955][656]LogModuleManager: Shutting down and abandoning module EditorSettingsViewer (480)
[2018.10.29-14.58.39:955][656]LogModuleManager: Shutting down and abandoning module SettingsEditor (478)
[2018.10.29-14.58.39:955][656]LogModuleManager: Shutting down and abandoning module ProjectLauncher (476)
[2018.10.29-14.58.39:956][656]LogModuleManager: Shutting down and abandoning module SessionFrontend (474)
[2018.10.29-14.58.39:956][656]LogModuleManager: Shutting down and abandoning module ProfilerClient (472)
[2018.10.29-14.58.39:956][656]LogModuleManager: Shutting down and abandoning module DeviceManager (470)
[2018.10.29-14.58.39:956][656]LogModuleManager: Shutting down and abandoning module TargetDeviceServices (469)
[2018.10.29-14.58.40:011][656]LogModuleManager: Shutting down and abandoning module AutomationController (466)
[2018.10.29-14.58.40:011][656]LogModuleManager: Shutting down and abandoning module AutomationWindow (464)
[2018.10.29-14.58.40:011][656]LogModuleManager: Shutting down and abandoning module Layers (462)
[2018.10.29-14.58.40:011][656]LogModuleManager: Shutting down and abandoning module ComponentVisualizers (460)
[2018.10.29-14.58.40:011][656]LogModuleManager: Shutting down and abandoning module DetailCustomizations (458)
[2018.10.29-14.58.40:011][656]LogModuleManager: Shutting down and abandoning module PackagesDialog (456)
[2018.10.29-14.58.40:011][656]LogModuleManager: Shutting down and abandoning module Persona (454)
[2018.10.29-14.58.40:011][656]LogModuleManager: Shutting down and abandoning module AdvancedPreviewScene (453)
[2018.10.29-14.58.40:012][656]LogModuleManager: Shutting down and abandoning module AnimGraph (451)
[2018.10.29-14.58.40:012][656]LogModuleManager: Shutting down and abandoning module Kismet (448)
[2018.10.29-14.58.40:012][656]LogModuleManager: Shutting down and abandoning module GraphEditor (446)
[2018.10.29-14.58.40:013][656]LogModuleManager: Shutting down and abandoning module ClassViewer (444)
[2018.10.29-14.58.40:013][656]LogModuleManager: Shutting down and abandoning module Toolbox (442)
[2018.10.29-14.58.40:013][656]LogModuleManager: Shutting down and abandoning module DesktopPlatform (441)
[2018.10.29-14.58.40:013][656]LogModuleManager: Shutting down and abandoning module ModuleUI (438)
[2018.10.29-14.58.40:013][656]LogModuleManager: Shutting down and abandoning module MovieSceneTools (436)
[2018.10.29-14.58.40:013][656]LogModuleManager: Shutting down and abandoning module OutputLog (434)
[2018.10.29-14.58.40:013][656]LogModuleManager: Shutting down and abandoning module GammaUI (432)
[2018.10.29-14.58.40:013][656]LogModuleManager: Shutting down and abandoning module Documentation (430)
[2018.10.29-14.58.40:013][656]LogModuleManager: Shutting down and abandoning module MovieSceneTracks (428)
[2018.10.29-14.58.40:013][656]LogModuleManager: Shutting down and abandoning module MovieScene (426)
[2018.10.29-14.58.40:013][656]LogModuleManager: Shutting down and abandoning module StreamingPauseRendering (424)
[2018.10.29-14.58.40:013][656]LogModuleManager: Shutting down and abandoning module LauncherPlatform (422)
[2018.10.29-14.58.40:013][656]LogModuleManager: Shutting down and abandoning module AnalyticsET (420)
[2018.10.29-14.58.40:013][656]LogModuleManager: Shutting down and abandoning module PortalServices (418)
[2018.10.29-14.58.40:014][656]LogModuleManager: Shutting down and abandoning module PortalRpc (416)
[2018.10.29-14.58.40:014][656]LogModuleManager: Shutting down and abandoning module MessagingRpc (414)
[2018.10.29-14.58.40:014][656]LogModuleManager: Shutting down and abandoning module AIModule (412)
[2018.10.29-14.58.40:014][656]LogModuleManager: Shutting down and abandoning module GameplayDebugger (411)
[2018.10.29-14.58.40:014][656]LogModuleManager: Shutting down and abandoning module AITestSuite (409)
[2018.10.29-14.58.40:014][656]LogModuleManager: Shutting down and abandoning module NavigationSystem (407)
[2018.10.29-14.58.40:014][656]LogModuleManager: Shutting down and abandoning module ProfilerService (404)
[2018.10.29-14.58.40:244][656]LogModuleManager: Shutting down and abandoning module TaskGraph (402)
[2018.10.29-14.58.40:244][656]LogModuleManager: Shutting down and abandoning module SteamVRController (400)
[2018.10.29-14.58.40:244][656]LogModuleManager: Shutting down and abandoning module ProceduralMeshComponentEditor (398)
[2018.10.29-14.58.40:244][656]LogModuleManager: Shutting down and abandoning module ProceduralMeshComponent (396)
[2018.10.29-14.58.40:244][656]LogModuleManager: Shutting down and abandoning module OculusInput (394)
[2018.10.29-14.58.40:244][656]LogModuleManager: Shutting down and abandoning module MobilePatchingUtils (392)
[2018.10.29-14.58.40:244][656]LogModuleManager: Shutting down and abandoning module EditableMesh (390)
[2018.10.29-14.58.40:244][656]LogModuleManager: Shutting down and abandoning module CustomMeshComponent (388)
[2018.10.29-14.58.40:244][656]LogModuleManager: Shutting down and abandoning module CableComponent (386)
[2018.10.29-14.58.40:244][656]LogModuleManager: Shutting down and abandoning module AudioCapture (384)
[2018.10.29-14.58.40:245][656]LogModuleManager: Shutting down and abandoning module ArchVisCharacter (382)
[2018.10.29-14.58.40:245][656]LogModuleManager: Shutting down and abandoning module AndroidPermission (380)
[2018.10.29-14.58.40:245][656]LogModuleManager: Shutting down and abandoning module NUTUnrealEngine4 (378)
[2018.10.29-14.58.40:245][656]LogModuleManager: Shutting down and abandoning module NetcodeUnitTest (376)
[2018.10.29-14.58.40:245][656]LogModuleManager: Shutting down and abandoning module MediaCompositingEditor (374)
[2018.10.29-14.58.40:245][656]LogModuleManager: Shutting down and abandoning module MediaCompositing (372)
[2018.10.29-14.58.40:245][656]LogModuleManager: Shutting down and abandoning module LinearTimecode (370)
[2018.10.29-14.58.40:245][656]LogModuleManager: Shutting down and abandoning module ImgMedia (368)
[2018.10.29-14.58.40:253][656]LogModuleManager: Shutting down and abandoning module RawInput (366)
[2018.10.29-14.58.40:254][656]LogModuleManager: Shutting down and abandoning module HTML5Networking (364)
[2018.10.29-14.58.40:255][656]LogModuleManager: Shutting down and abandoning module GeometryCacheTracks (362)
[2018.10.29-14.58.40:255][656]LogModuleManager: Shutting down and abandoning module GeometryCacheSequencer (360)
[2018.10.29-14.58.40:255][656]LogModuleManager: Shutting down and abandoning module BackChannel (358)
[2018.10.29-14.58.40:256][656]LogModuleManager: Shutting down and abandoning module AppleVision (356)
[2018.10.29-14.58.40:256][656]LogModuleManager: Shutting down and abandoning module AppleImageUtils (354)
[2018.10.29-14.58.40:256][656]LogModuleManager: Shutting down and abandoning module AlembicImporter (352)
[2018.10.29-14.58.40:256][656]LogModuleManager: Shutting down and abandoning module AlembicLibrary (351)
[2018.10.29-14.58.40:256][656]LogModuleManager: Shutting down and abandoning module GeometryCache (350)
[2018.10.29-14.58.40:257][656]LogModuleManager: Shutting down and abandoning module GeometryCacheEd (349)
[2018.10.29-14.58.40:257][656]LogModuleManager: Shutting down and abandoning module DatasmithContentEditor (344)
[2018.10.29-14.58.40:257][656]LogModuleManager: Shutting down and abandoning module DatasmithContent (342)
[2018.10.29-14.58.40:258][656]LogModuleManager: Shutting down and abandoning module SpeedTreeImporter (340)
[2018.10.29-14.58.40:258][656]LogModuleManager: Shutting down and abandoning module PluginBrowser (338)
[2018.10.29-14.58.40:258][656]LogModuleManager: Shutting down and abandoning module MobileLauncherProfileWizard (336)
[2018.10.29-14.58.40:258][656]LogModuleManager: Shutting down and abandoning module PolygonModeling (334)
[2018.10.29-14.58.40:258][656]LogModuleManager: Shutting down and abandoning module MeshEditor (332)
[2018.10.29-14.58.40:258][656]LogModuleManager: Shutting down and abandoning module CryptoKeysOpenSSL (330)
[2018.10.29-14.58.40:258][656]LogModuleManager: Shutting down and abandoning module CryptoKeys (328)
[2018.10.29-14.58.40:258][656]LogModuleManager: Shutting down and abandoning module VisualStudioSourceCodeAccess (326)
[2018.10.29-14.58.40:258][656]LogModuleManager: Shutting down and abandoning module VisualStudioCodeSourceCodeAccess (324)
[2018.10.29-14.58.40:258][656]LogModuleManager: Shutting down and abandoning module UObjectPlugin (322)
[2018.10.29-14.58.40:258][656]LogModuleManager: Shutting down and abandoning module SubversionSourceControl (320)
[2018.10.29-14.58.40:258][656]LogModuleManager: Shutting down and abandoning module PerforceSourceControl (318)
[2018.10.29-14.58.40:258][656]LogModuleManager: Shutting down and abandoning module GitSourceControl (316)
[2018.10.29-14.58.40:259][656]LogModuleManager: Shutting down and abandoning module SourceControl (315)
[2018.10.29-14.58.40:259][656]LogModuleManager: Shutting down and abandoning module CLionSourceCodeAccess (312)
[2018.10.29-14.58.40:259][656]LogModuleManager: Shutting down and abandoning module LightPropagationVolumeEditor (310)
[2018.10.29-14.58.40:259][656]LogModuleManager: Shutting down and abandoning module PaperTiledImporter (308)
[2018.10.29-14.58.40:259][656]LogModuleManager: Shutting down and abandoning module PaperSpriteSheetImporter (306)
[2018.10.29-14.58.40:259][656]LogModuleManager: Shutting down and abandoning module Paper2DEditor (304)
[2018.10.29-14.58.40:259][656]LogModuleManager: Shutting down and abandoning module MeshPaint (303)
[2018.10.29-14.58.40:259][656]LogModuleManager: Shutting down and abandoning module MyProject (300)
[2018.10.29-14.58.40:259][656]LogModuleManager: Shutting down and abandoning module RuntimePhysXCooking (298)
[2018.10.29-14.58.40:259][656]LogModuleManager: Shutting down and abandoning module PhysXVehiclesEditor (296)
[2018.10.29-14.58.40:259][656]LogModuleManager: Shutting down and abandoning module PhysXVehicles (294)
[2018.10.29-14.58.40:259][656]LogModuleManager: Shutting down and abandoning module OculusEditor (292)
[2018.10.29-14.58.40:259][656]LogModuleManager: Shutting down and abandoning module LocationServicesBPLibrary (290)
[2018.10.29-14.58.40:259][656]LogModuleManager: Shutting down and abandoning module ImmediatePhysicsEditor (288)
[2018.10.29-14.58.40:259][656]LogModuleManager: Shutting down and abandoning module ImmediatePhysics (286)
[2018.10.29-14.58.40:259][656]LogModuleManager: Shutting down and abandoning module ActorSequence (284)
[2018.10.29-14.58.40:260][656]LogModuleManager: Shutting down and abandoning module UdpMessaging (282)
