Log file open, 10/29/18 16:35:33
LogWindows: Failed to load 'aqProf.dll' (GetLastError=126)
LogWindows: File 'aqProf.dll' does not exist
LogWindows: Failed to load 'VtuneApi.dll' (GetLastError=126)
LogWindows: File 'VtuneApi.dll' does not exist
LogWindows: Failed to load 'VtuneApi32e.dll' (GetLastError=126)
LogWindows: File 'VtuneApi32e.dll' does not exist
LogInit: Display: Running engine for game: MyProject
LogPlatformFile: Not using cached read wrapper
LogTaskGraph: Started task graph with 5 named threads and 23 total threads with 3 sets of task threads.
LogStats: Stats thread started at 0.273773
LogD3D11RHI: Loaded GFSDK_Aftermath_Lib.x64.dll
LogICUInternationalization: Display: ICU TimeZone Detection - Raw Offset: +0:00, Platform Override: ''
LogPluginManager: Mounting plugin Paper2D
LogPluginManager: Mounting plugin AISupport
LogPluginManager: Mounting plugin LightPropagationVolume
LogPluginManager: Mounting plugin CLionSourceCodeAccess
LogPluginManager: Mounting plugin CodeLiteSourceCodeAccess
LogPluginManager: Mounting plugin GitSourceControl
LogPluginManager: Mounting plugin KDevelopSourceCodeAccess
LogPluginManager: Mounting plugin NullSourceCodeAccess
LogPluginManager: Mounting plugin PerforceSourceControl
LogPluginManager: Mounting plugin SubversionSourceControl
LogPluginManager: Mounting plugin UObjectPlugin
LogPluginManager: Mounting plugin VisualStudioCodeSourceCodeAccess
LogPluginManager: Mounting plugin VisualStudioSourceCodeAccess
LogPluginManager: Mounting plugin XCodeSourceCodeAccess
LogPluginManager: Mounting plugin AssetManagerEditor
LogPluginManager: Mounting plugin CryptoKeys
LogPluginManager: Mounting plugin DataValidation
LogPluginManager: Mounting plugin FacialAnimation
LogPluginManager: Mounting plugin GameplayTagsEditor
LogPluginManager: Mounting plugin MacGraphicsSwitching
LogPluginManager: Mounting plugin MeshEditor
LogPluginManager: Mounting plugin MobileLauncherProfileWizard
LogPluginManager: Mounting plugin PluginBrowser
LogPluginManager: Mounting plugin SpeedTreeImporter
LogPluginManager: Mounting plugin DatasmithContent
LogPluginManager: Mounting plugin AlembicImporter
LogPluginManager: Mounting plugin AppleImageUtils
LogPluginManager: Mounting plugin AppleVision
LogPluginManager: Mounting plugin BackChannel
LogPluginManager: Mounting plugin CharacterAI
LogPluginManager: Mounting plugin GeometryCache
LogPluginManager: Mounting plugin HTML5Networking
LogPluginManager: Mounting plugin ProxyLODPlugin
LogPluginManager: Mounting plugin RawInput
LogPluginManager: Mounting plugin MagicLeap
LogPluginManager: Mounting plugin MagicLeapEmulator
LogPluginManager: Mounting plugin MagicLeapMedia
LogPluginManager: Mounting plugin AndroidMedia
LogPluginManager: Mounting plugin AvfMedia
LogPluginManager: Mounting plugin ImgMedia
LogPluginManager: Mounting plugin LinearTimecode
LogPluginManager: Mounting plugin MediaCompositing
LogPluginManager: Mounting plugin MediaPlayerEditor
LogPluginManager: Mounting plugin WmfMedia
LogPluginManager: Mounting plugin TcpMessaging
LogPluginManager: Mounting plugin UdpMessaging
LogPluginManager: Mounting plugin ActorSequence
LogPluginManager: Mounting plugin LevelSequenceEditor
LogPluginManager: Mounting plugin MatineeToLevelSequence
LogPluginManager: Mounting plugin NetcodeUnitTest
LogPluginManager: Mounting plugin NUTUnrealEngine4
LogPluginManager: Mounting plugin OnlineSubsystemGooglePlay
LogPluginManager: Mounting plugin OnlineSubsystemIOS
LogPluginManager: Mounting plugin OnlineSubsystem
LogPluginManager: Mounting plugin OnlineSubsystemNull
LogPluginManager: Mounting plugin OnlineSubsystemUtils
LogPluginManager: Mounting plugin LauncherChunkInstaller
LogPluginManager: Mounting plugin AndroidDeviceProfileSelector
LogPluginManager: Mounting plugin AndroidMoviePlayer
LogPluginManager: Mounting plugin AndroidPermission
LogPluginManager: Mounting plugin AppleMoviePlayer
LogPluginManager: Mounting plugin ArchVisCharacter
LogPluginManager: Mounting plugin AudioCapture
LogPluginManager: Mounting plugin CableComponent
LogPluginManager: Mounting plugin CustomMeshComponent
LogPluginManager: Mounting plugin EditableMesh
LogPluginManager: Mounting plugin ExampleDeviceProfileSelector
LogPluginManager: Mounting plugin GoogleCloudMessaging
LogPluginManager: Mounting plugin ImmediatePhysics
LogPluginManager: Mounting plugin IOSDeviceProfileSelector
LogPluginManager: Mounting plugin LinuxDeviceProfileSelector
LogPluginManager: Mounting plugin LocationServicesBPLibrary
LogPluginManager: Mounting plugin MobilePatchingUtils
LogPluginManager: Mounting plugin OculusVR
LogPluginManager: Plugin shader directory ../../../Engine/Plugins/Runtime/Oculus/OculusVR/Shaders found
LogPluginManager: Mapping shader source directory ../../../Engine/Plugins/Runtime/Oculus/OculusVR/Shaders to virtual directory /Plugin/OculusVR
LogPluginManager: Mounting plugin PhysXVehicles
LogPluginManager: Mounting plugin ProceduralMeshComponent
LogPluginManager: Mounting plugin RuntimePhysXCooking
LogPluginManager: Mounting plugin SteamVR
LogPluginManager: Mounting plugin WindowsMoviePlayer
LogStreaming: Display: Took  0.172s to configure plugins.
LogInit: Using libcurl 7.55.1-DEV
LogInit:  - built for x86_64-pc-win32
LogInit:  - supports SSL with OpenSSL/1.0.2h
LogInit:  - supports HTTP deflate (compression) using libz 1.2.8
LogInit:  - other features:
LogInit:      CURL_VERSION_SSL
LogInit:      CURL_VERSION_LIBZ
LogInit:      CURL_VERSION_IPV6
LogInit:      CURL_VERSION_ASYNCHDNS
LogInit:      CURL_VERSION_LARGEFILE
LogInit:      CURL_VERSION_IDN
LogInit:  CurlRequestOptions (configurable via config and command line):
LogInit:  - bVerifyPeer = false  - Libcurl will NOT verify peer certificate
LogInit:  - bUseHttpProxy = false  - Libcurl will NOT use HTTP proxy
LogInit:  - bDontReuseConnections = false  - Libcurl will reuse connections
LogInit:  - CertBundlePath = nullptr  - Libcurl will use whatever was configured at build time.
LogInit:  - MaxHostConnections = 16  - Libcurl will limit the number of connections to a host
LogInit:  - LocalHostAddr = Default
LogInit:  - BufferSize = 65536
LogInit: WinSock: version 1.1 (2.2), MaxSocks=32767, MaxUdp=65467
LogInit: Build: ++UE4+Release-4.20-CL-4233996
LogInit: Engine Version: 4.20.1-4233996+++UE4+Release-4.20
LogInit: Compatible Engine Version: 4.20.0-4212847+++UE4+Release-4.20
LogInit: Net CL: 4212847
LogInit: OS: Windows 10 (), CPU: Intel(R) Core(TM) i7-4790 CPU @ 3.60GHz, GPU: NVIDIA GeForce GTX 780
LogInit: Compiled (64-bit): Jul 26 2018 10:07:30
LogInit: Compiled with Visual C++: 19.13.26129.00
LogInit: Build Configuration: Development
LogInit: Branch Name: ++UE4+Release-4.20
LogInit: Command Line:  
LogInit: Base Directory: C:/Program Files/Epic Games/UE_4.20/Engine/Binaries/Win64/
LogInit: Installed Engine Build: 1
LogDevObjectVersion: Number of dev versions registered: 20
LogDevObjectVersion:   Dev-Blueprints (B0D832E4-1F89-4F0D-ACCF-7EB736FD4AA2): 10
LogDevObjectVersion:   Dev-Build (E1C64328-A22C-4D53-A36C-8E866417BD8C): 0
LogDevObjectVersion:   Dev-Core (375EC13C-06E4-48FB-B500-84F0262A717E): 2
LogDevObjectVersion:   Dev-Editor (E4B068ED-F494-42E9-A231-DA0B2E46BB41): 24
LogDevObjectVersion:   Dev-Framework (CFFC743F-43B0-4480-9391-14DF171D2073): 34
LogDevObjectVersion:   Dev-Mobile (B02B49B5-BB20-44E9-A304-32B752E40360): 2
LogDevObjectVersion:   Dev-Networking (A4E4105C-59A1-49B5-A7C5-40C4547EDFEE): 0
LogDevObjectVersion:   Dev-Online (39C831C9-5AE6-47DC-9A44-9C173E1C8E7C): 0
LogDevObjectVersion:   Dev-Physics (78F01B33-EBEA-4F98-B9B4-84EACCB95AA2): 0
LogDevObjectVersion:   Dev-Platform (6631380F-2D4D-43E0-8009-CF276956A95A): 0
LogDevObjectVersion:   Dev-Rendering (12F88B9F-8875-4AFC-A67C-D90C383ABD29): 26
LogDevObjectVersion:   Dev-Sequencer (7B5AE74C-D270-4C10-A958-57980B212A5A): 9
LogDevObjectVersion:   Dev-VR (D7296918-1DD6-4BDD-9DE2-64A83CC13884): 2
LogDevObjectVersion:   Dev-LoadTimes (C2A15278-BFE7-4AFE-6C17-90FF531DF755): 1
LogDevObjectVersion:   Private-Geometry (6EACA3D4-40EC-4CC1-B786-8BED09428FC5): 3
LogDevObjectVersion:   Dev-AnimPhys (29E575DD-E0A3-4627-9D10-D276232CDCEA): 17
LogDevObjectVersion:   Dev-ReflectionCapture (6B266CEC-1EC7-4B8F-A30B-E4D90942FC07): 1
LogDevObjectVersion:   Dev-Automation (0DF73D61-A23F-47EA-B727-89E90C41499A): 1
LogDevObjectVersion:   FortniteMain (601D1886-AC64-4F84-AA16-D3DE0DEAC7D6): 12
LogDevObjectVersion:   Dev-Enterprise (9DFFBCD6-494F-0158-E221-12823C92A888): 1
LogStreaming: Display: Took  0.001s to delete old logs.
LogInit: Presizing for max 8388607 objects, including 0 objects not considered by GC, pre-allocating 0 bytes for permanent pool.
LogInit: Object subsystem initialized
[2018.10.29-16.35.33:518][  0]LogInit: Selected Device Profile: [Windows]
[2018.10.29-16.35.33:518][  0]LogInit: Applying CVar settings loaded from the selected device profile: [Windows]
[2018.10.29-16.35.33:562][  0]LogHAL: Display: Platform has ~ 16 GB [17080971264 / 17179869184 / 16], which maps to Larger [LargestMinGB=32, LargerMinGB=12, DefaultMinGB=8, SmallerMinGB=6, SmallestMinGB=0)
[2018.10.29-16.35.33:562][  0]LogInit: Setting Device Profile CVar: [[r.Vulkan.UseRealUBs:1]]
[2018.10.29-16.35.33:562][  0]LogInit: Going up to parent DeviceProfile []
[2018.10.29-16.35.33:568][  0]LogInit: Computer: AMTX222-18
[2018.10.29-16.35.33:568][  0]LogInit: User: trj1crt
[2018.10.29-16.35.33:568][  0]LogInit: CPU Page size=4096, Cores=4
[2018.10.29-16.35.33:568][  0]LogInit: High frequency timer resolution =3.507510 MHz
[2018.10.29-16.35.33:569][  0]LogMemory: Memory total: Physical=15.9GB (16GB approx)
[2018.10.29-16.35.33:569][  0]LogMemory: Platform Memory Stats for Windows
[2018.10.29-16.35.33:569][  0]LogMemory: Process Physical Memory: 99.91 MB used, 99.91 MB peak
[2018.10.29-16.35.33:569][  0]LogMemory: Process Virtual Memory: 91.05 MB used, 91.05 MB peak
[2018.10.29-16.35.33:569][  0]LogMemory: Physical Memory: 7472.22 MB used,  8817.46 MB free, 16289.68 MB total
[2018.10.29-16.35.33:569][  0]LogMemory: Virtual Memory: 4641.30 MB used,  8817.46 MB free, 134217728.00 MB total
[2018.10.29-16.35.33:586][  0]LogInit: Using OS detected language (en-GB).
[2018.10.29-16.35.33:586][  0]LogInit: Using OS detected locale (en-GB).
[2018.10.29-16.35.33:587][  0]LogTextLocalizationManager: No specific localization for 'en-GB' exists, so the 'en' localization will be used.
[2018.10.29-16.35.34:002][  0]LogStreaming: Display: Took  0.417s to InitEngineTextLocalization.
[2018.10.29-16.35.34:003][  0]LogInit: Setting process to per monitor DPI aware
[2018.10.29-16.35.34:128][  0]LogSlate: New Slate User Created.  User Index 0, Is Virtual User: 0
[2018.10.29-16.35.34:128][  0]LogSlate: Slate User Registered.  User Index 0, Is Virtual User: 0
[2018.10.29-16.35.36:089][  0]LogHMD: Failed to initialize OpenVR with code 110
[2018.10.29-16.35.36:089][  0]LogD3D11RHI: D3D11 adapters:
[2018.10.29-16.35.36:143][  0]LogD3D11RHI:    0. 'NVIDIA GeForce GTX 780' (Feature Level 11_0)
[2018.10.29-16.35.36:143][  0]LogD3D11RHI:       3029/0/8144 MB DedicatedVideo/DedicatedSystem/SharedSystem, Outputs:2, VendorId:0x10de
[2018.10.29-16.35.36:144][  0]LogD3D11RHI:    1. 'Microsoft Basic Render Driver' (Feature Level 11_0)
[2018.10.29-16.35.36:144][  0]LogD3D11RHI:       0/0/8144 MB DedicatedVideo/DedicatedSystem/SharedSystem, Outputs:0, VendorId:0x1414
[2018.10.29-16.35.36:144][  0]LogD3D11RHI: Chosen D3D11 Adapter: 0
[2018.10.29-16.35.36:149][  0]LogD3D11RHI: Creating new Direct3DDevice
[2018.10.29-16.35.36:149][  0]LogD3D11RHI:     GPU DeviceId: 0x1004 (for the marketing name, search the web for "GPU Device Id")
[2018.10.29-16.35.36:149][  0]LogWindows: EnumDisplayDevices:
[2018.10.29-16.35.36:149][  0]LogWindows:    0. 'NVIDIA GeForce GTX 780' (P:1 D:1)
[2018.10.29-16.35.36:149][  0]LogWindows:    1. 'NVIDIA GeForce GTX 780' (P:0 D:1)
[2018.10.29-16.35.36:149][  0]LogWindows:    2. 'NVIDIA GeForce GTX 780' (P:0 D:0)
[2018.10.29-16.35.36:150][  0]LogWindows:    3. 'NVIDIA GeForce GTX 780' (P:0 D:0)
[2018.10.29-16.35.36:150][  0]LogWindows: DebugString: FoundDriverCount:4 
[2018.10.29-16.35.36:150][  0]LogD3D11RHI:     Adapter Name: NVIDIA GeForce GTX 780
[2018.10.29-16.35.36:150][  0]LogD3D11RHI:   Driver Version: 399.07 (internal:24.21.13.9907, unified:399.07)
[2018.10.29-16.35.36:150][  0]LogD3D11RHI:      Driver Date: 8-21-2018
[2018.10.29-16.35.36:150][  0]LogRHI: Texture pool is 2120 MB (70% of 3029 MB)
[2018.10.29-16.35.36:176][  0]LogD3D11RHI: Async texture creation enabled
[2018.10.29-16.35.36:191][  0]LogD3D11RHI: GPU Timing Frequency: 1000.000000 (Debug: 2 2)
[2018.10.29-16.35.36:193][  0]LogShaderCompilers: Guid format shader working directory is 4 characters bigger than the processId version (../../../../../../Temp/Rhun/_Speed/MyProject/Intermediate/Shaders/WorkingDirectory/9692/).
[2018.10.29-16.35.36:193][  0]LogShaderCompilers: Cleaned the shader compiler working directory 'C:/Users/trj1crt/AppData/Local/Temp/UnrealShaderWorkingDir/77A26B49480A4FB0E5F6639AC89DE68C/'.
[2018.10.29-16.35.36:447][  0]LogTemp: Display: Loaded TP AllDesktopTargetPlatform
[2018.10.29-16.35.36:459][  0]LogTemp: Display: Loaded TP MacClientTargetPlatform
[2018.10.29-16.35.36:471][  0]LogTemp: Display: Loaded TP MacNoEditorTargetPlatform
[2018.10.29-16.35.36:482][  0]LogTemp: Display: Loaded TP MacServerTargetPlatform
[2018.10.29-16.35.36:498][  0]LogTemp: Display: Loaded TP MacTargetPlatform
[2018.10.29-16.35.36:510][  0]LogTemp: Display: Loaded TP WindowsClientTargetPlatform
[2018.10.29-16.35.36:522][  0]LogTemp: Display: Loaded TP WindowsNoEditorTargetPlatform
[2018.10.29-16.35.36:534][  0]LogTemp: Display: Loaded TP WindowsServerTargetPlatform
[2018.10.29-16.35.36:540][  0]LogTemp: Display: Loaded TP WindowsTargetPlatform
[2018.10.29-16.35.36:614][  0]LogTemp: Display: Loaded TP AndroidTargetPlatform
[2018.10.29-16.35.36:615][  0]LogTemp: Display: Loaded TP AndroidTargetPlatform
[2018.10.29-16.35.36:615][  0]LogTemp: Display: Loaded TP AndroidTargetPlatform
[2018.10.29-16.35.36:615][  0]LogTemp: Display: Loaded TP AndroidTargetPlatform
[2018.10.29-16.35.36:615][  0]LogTemp: Display: Loaded TP AndroidTargetPlatform
[2018.10.29-16.35.36:615][  0]LogTemp: Display: Loaded TP AndroidTargetPlatform
[2018.10.29-16.35.36:615][  0]LogTemp: Display: Loaded TP AndroidTargetPlatform
[2018.10.29-16.35.36:615][  0]LogTemp: Display: Loaded TP AndroidTargetPlatform
[2018.10.29-16.35.36:615][  0]LogTemp: Display: Loaded TP AndroidTargetPlatform
[2018.10.29-16.35.36:615][  0]LogTemp: Display: Loaded TP AndroidTargetPlatform
[2018.10.29-16.35.36:615][  0]LogTemp: Display: Loaded TP AndroidTargetPlatform
[2018.10.29-16.35.36:615][  0]LogTemp: Display: Loaded TP AndroidTargetPlatform
[2018.10.29-16.35.36:615][  0]LogTemp: Display: Loaded TP AndroidTargetPlatform
[2018.10.29-16.35.36:615][  0]LogTemp: Display: Loaded TP AndroidTargetPlatform
[2018.10.29-16.35.36:615][  0]LogTemp: Display: Loaded TP AndroidTargetPlatform
[2018.10.29-16.35.36:615][  0]LogTemp: Display: Loaded TP AndroidTargetPlatform
[2018.10.29-16.35.36:615][  0]LogTemp: Display: Loaded TP AndroidTargetPlatform
[2018.10.29-16.35.36:615][  0]LogTemp: Display: Loaded TP AndroidTargetPlatform
[2018.10.29-16.35.36:616][  0]LogTemp: Display: Loaded TP HTML5TargetPlatform
[2018.10.29-16.35.36:693][  0]LogTemp: Display: Loaded TP IOSTargetPlatform
[2018.10.29-16.35.36:693][  0]LogTemp: Display: Loaded TP IOSTargetPlatform
[2018.10.29-16.35.36:714][  0]LogTemp: Display: Loaded TP TVOSTargetPlatform
[2018.10.29-16.35.36:714][  0]LogTemp: Display: Loaded TP TVOSTargetPlatform
[2018.10.29-16.35.36:724][  0]LogTemp: Display: Loaded TP LinuxClientTargetPlatform
[2018.10.29-16.35.36:735][  0]LogTemp: Display: Loaded TP LinuxNoEditorTargetPlatform
[2018.10.29-16.35.36:746][  0]LogTemp: Display: Loaded TP LinuxServerTargetPlatform
[2018.10.29-16.35.36:763][  0]LogTemp: Display: Loaded TP LinuxTargetPlatform
[2018.10.29-16.35.36:770][  0]LogTemp: Display: Loaded TP LuminTargetPlatform
[2018.10.29-16.35.36:770][  0]LogTargetPlatformManager: Display: Building Assets For Windows
[2018.10.29-16.35.36:839][  0]LogXGEController: Cannot use XGE Controller as Incredibuild is not installed on this machine.
[2018.10.29-16.35.36:839][  0]LogShaderCompilers: Cannot use XGE Shader Compiler as Incredibuild is not installed on this machine.
[2018.10.29-16.35.36:839][  0]LogShaderCompilers: Display: Using Local Shader Compiler.
[2018.10.29-16.35.37:869][  0]LogDerivedDataCache: Display: Max Cache Size: 512 MB
[2018.10.29-16.35.38:122][  0]LogDerivedDataCache: Loaded boot cache 0.25s 73MB C:/Users/trj1crt/AppData/Local/UnrealEngine/4.20/DerivedDataCache/Boot.ddc.
[2018.10.29-16.35.38:122][  0]LogDerivedDataCache: Display: Loaded Boot cache: C:/Users/trj1crt/AppData/Local/UnrealEngine/4.20/DerivedDataCache/Boot.ddc
[2018.10.29-16.35.38:122][  0]LogDerivedDataCache: FDerivedDataBackendGraph:  Pak pak cache file ../../../../../../Temp/Rhun/_Speed/MyProject/DerivedDataCache/DDC.ddp not found, will not use a pak cache.
[2018.10.29-16.35.38:122][  0]LogDerivedDataCache: Unable to find inner node Pak for hierarchical cache Hierarchy.
[2018.10.29-16.35.38:122][  0]LogDerivedDataCache: FDerivedDataBackendGraph:  CompressedPak pak cache file ../../../../../../Temp/Rhun/_Speed/MyProject/DerivedDataCache/Compressed.ddp not found, will not use a pak cache.
[2018.10.29-16.35.38:122][  0]LogDerivedDataCache: Unable to find inner node CompressedPak for hierarchical cache Hierarchy.
[2018.10.29-16.35.38:135][  0]LogDerivedDataCache: Display: Pak cache opened for reading ../../../Engine/DerivedDataCache/Compressed.ddp.
[2018.10.29-16.35.38:147][  0]LogDerivedDataCache: Using Local data cache path C:/Users/trj1crt/AppData/Local/UnrealEngine/Common/DerivedDataCache: Writable
[2018.10.29-16.35.38:147][  0]LogDerivedDataCache: Shared data cache path not found in *engine.ini, will not use an Shared cache.
[2018.10.29-16.35.38:147][  0]LogDerivedDataCache: Unable to find inner node Shared for hierarchical cache Hierarchy.
[2018.10.29-16.35.38:165][  0]LogMaterial: Verifying Global Shaders for PCD3D_SM5
[2018.10.29-16.35.38:166][  0]LogSlate: Using FreeType 2.6.0
[2018.10.29-16.35.38:192][  0]LogSlate: SlateFontServices - WITH_FREETYPE: 1, WITH_HARFBUZZ: 1
[2018.10.29-16.35.38:626][  0]LogAssetRegistry: FAssetRegistry took 0.0265 seconds to start up
[2018.10.29-16.35.38:916][  0]LogInit: Selected Device Profile: [Windows]
[2018.10.29-16.35.39:063][  0]LogSimplygon: Simplygon DLL not present - disabling.
[2018.10.29-16.35.39:066][  0]LogMeshReduction: Using SimplygonSwarm for distributed automatic mesh merging
[2018.10.29-16.35.39:066][  0]LogMeshReduction: Using ProxyLODMeshReduction for automatic mesh merging
[2018.10.29-16.35.39:066][  0]LogMeshReduction: Using QuadricMeshReduction for automatic static mesh reduction
[2018.10.29-16.35.39:066][  0]LogMeshReduction: No automatic skeletal mesh reduction module available
[2018.10.29-16.35.39:084][  0]LogNetVersion: MyProject 1.0.0, NetCL: 4212847, EngineNetVer: 5, GameNetVer: 0 (Checksum: 1110078900)
[2018.10.29-16.35.39:574][  0]LogPackageLocalizationCache: Processed 11 localized package path(s) for 2 prioritized culture(s) in 0.141822 seconds
[2018.10.29-16.35.39:580][  0]LogUObjectArray: 38425 objects as part of root set at end of initial load.
[2018.10.29-16.35.39:580][  0]LogUObjectAllocator: 6690872 out of 0 bytes used by permanent object pool.
[2018.10.29-16.35.39:580][  0]LogUObjectArray: CloseDisregardForGC: 0/0 objects in disregard for GC pool
[2018.10.29-16.35.43:278][  0]LogTcpMessaging: Initializing TcpMessaging bridge
[2018.10.29-16.35.43:291][  0]LogUdpMessaging: Initializing bridge on interface 0.0.0.0:0 to multicast group 230.0.0.1:6666.
[2018.10.29-16.35.43:547][  0]SourceControl: Source control is disabled
[2018.10.29-16.35.43:547][  0]SourceControl: Source control is disabled
[2018.10.29-16.35.43:548][  0]SourceControl: Source control is disabled
[2018.10.29-16.35.43:549][  0]SourceControl: Source control is disabled
[2018.10.29-16.35.43:780][  0]LogAndroidPermission: UAndroidPermissionCallbackProxy::GetInstance
[2018.10.29-16.35.43:810][  0]LogOcInput: OculusInput pre-init called
[2018.10.29-16.35.43:903][  0]LogEngine: Initializing Engine...
[2018.10.29-16.35.43:904][  0]LogHMD: Failed to initialize OpenVR with code 110
[2018.10.29-16.35.43:905][  0]LogStats: UGameplayTagsManager::ConstructGameplayTagTree: ImportINI prefixes -  0.000 s
[2018.10.29-16.35.43:905][  0]LogStats: UGameplayTagsManager::ConstructGameplayTagTree: Construct from data asset -  0.000 s
[2018.10.29-16.35.43:905][  0]LogStats: UGameplayTagsManager::ConstructGameplayTagTree: ImportINI -  0.000 s
[2018.10.29-16.35.43:905][  0]LogStats: UGameplayTagsManager::ConstructGameplayTagTree: GameplayTagTreeChangedEvent.Broadcast -  0.000 s
[2018.10.29-16.35.44:081][  0]LogInit: Initializing FReadOnlyCVARCache
[2018.10.29-16.35.44:092][  0]LogAIModule: Creating AISystem for world Untitled
[2018.10.29-16.35.44:101][  0]LogInit: XAudio2 using 'Speakers (High Definition Audio Device)' : 2 channels at 48 kHz using 16 bits per sample (channel mask 0x3)
[2018.10.29-16.35.44:117][  0]LogInit: FAudioDevice initialized.
[2018.10.29-16.35.44:117][  0]LogNetVersion: Set ProjectVersion to 1.0.0.0. Version Checksum will be recalculated on next use.
[2018.10.29-16.35.44:277][  0]LogDerivedDataCache: Saved boot cache 0.16s 73MB C:/Users/trj1crt/AppData/Local/UnrealEngine/4.20/DerivedDataCache/Boot.ddc.
[2018.10.29-16.35.44:285][  0]LogInit: Texture streaming: Enabled
[2018.10.29-16.35.44:317][  0]LogEngineSessionManager: EngineSessionManager initialized
[2018.10.29-16.35.44:332][  0]LogEngineSessionManager: EngineSessionManager sent abnormal shutdown report. Type=Debugger, SessionId={D21573B0-4652-2B0E-0093-47890FC81A38}
[2018.10.29-16.35.44:374][  0]LogInit: Transaction tracking system initialized
[2018.10.29-16.35.44:423][  0]BlueprintLog: New page: Editor Load
[2018.10.29-16.35.44:559][  0]LocalizationService: Localization service is disabled
[2018.10.29-16.35.44:935][  0]LogCook: Display: Max memory allowance for cook 16384mb min free memory 0mb
[2018.10.29-16.35.44:935][  0]LogCook: Display: Mobile HDR setting 1
[2018.10.29-16.35.44:935][  0]LogGameplayTags: Display: UGameplayTagsManager::DoneAddingNativeTags. DelegateIsBound: 0
[2018.10.29-16.35.44:935][  0]LogStats: UGameplayTagsManager::ConstructGameplayTagTree: ImportINI prefixes -  0.000 s
[2018.10.29-16.35.44:935][  0]LogStats: UGameplayTagsManager::ConstructGameplayTagTree: Construct from data asset -  0.000 s
[2018.10.29-16.35.44:935][  0]LogStats: UGameplayTagsManager::ConstructGameplayTagTree: ImportINI -  0.000 s
[2018.10.29-16.35.44:935][  0]LogStats: UGameplayTagsManager::ConstructGameplayTagTree: GameplayTagTreeChangedEvent.Broadcast -  0.000 s
[2018.10.29-16.35.44:940][  0]LogFileCache: Scanning file cache for directory 'C:/Temp/Rhun/_Speed/MyProject/Content/' took 0.13s
[2018.10.29-16.35.45:309][  0]SourceControl: Source control is disabled
[2018.10.29-16.35.45:309][  0]Cmd: MAP LOAD FILE="../../../../../../Temp/Rhun/_Speed/MyProject/Content/VehicleCPP/Maps/VehicleExampleMap.umap" TEMPLATE=0 SHOWPROGRESS=1 FEATURELEVEL=3
[2018.10.29-16.35.45:310][  0]LightingResults: New page: Lighting Build
[2018.10.29-16.35.45:312][  0]MapCheck: New page: Map Check
[2018.10.29-16.35.45:312][  0]LightingResults: New page: Lighting Build
[2018.10.29-16.35.45:582][  0]LogAIModule: Creating AISystem for world VehicleExampleMap
[2018.10.29-16.35.45:591][  0]LogEditorServer: Finished looking for orphan Actors (0.000 secs)
[2018.10.29-16.35.45:609][  0]Cmd: MAP CHECKDEP NOCLEARLOG
[2018.10.29-16.35.45:669][  0]MapCheck: Map check complete: 0 Error(s), 0 Warning(s), took 59.515ms to complete.
[2018.10.29-16.35.45:669][  0]LogFileHelpers: Loading map 'VehicleExampleMap' took 0.359
[2018.10.29-16.35.45:826][  0]LogSlate: Updating window title bar state: overlay mode, drag disabled, window buttons hidden, title bar hidden
[2018.10.29-16.35.45:833][  0]LogSlate: Updating window title bar state: overlay mode, drag disabled, window buttons hidden, title bar hidden
[2018.10.29-16.35.45:839][  0]LogSlate: Updating window title bar state: overlay mode, drag disabled, window buttons hidden, title bar hidden
[2018.10.29-16.35.45:846][  0]LogSlate: Updating window title bar state: overlay mode, drag disabled, window buttons hidden, title bar hidden
[2018.10.29-16.35.45:855][  0]LogCollectionManager: Loaded 0 collections in 0.001354 seconds
[2018.10.29-16.35.45:896][  0]LogFileCache: Scanning file cache for directory 'C:/Temp/Rhun/_Speed/MyProject/Saved/Collections/' took 0.01s
[2018.10.29-16.35.45:896][  0]LogFileCache: Scanning file cache for directory 'C:/Temp/Rhun/_Speed/MyProject/Content/Developers/trj1crt/Collections/' took 0.01s
[2018.10.29-16.35.45:896][  0]LogFileCache: Scanning file cache for directory 'C:/Temp/Rhun/_Speed/MyProject/Content/Collections/' took 0.01s
[2018.10.29-16.35.45:896][  0]LogCollectionManager: Rebuilt the GUID cache for 0 collections in 0.000000 seconds
[2018.10.29-16.35.45:904][  0]LogContentBrowser: Native class hierarchy populated in 0.0081 seconds. Added 2580 classes and 608 folders.
[2018.10.29-16.35.45:910][  0]LogContentBrowser: Native class hierarchy updated for 'WidgetCarousel' in 0.0003 seconds. Added 0 classes and 0 folders.
[2018.10.29-16.35.46:161][  0]LogContentBrowser: Native class hierarchy updated for 'AddContentDialog' in 0.0003 seconds. Added 0 classes and 0 folders.
[2018.10.29-16.35.46:165][  0]LogContentBrowser: Native class hierarchy updated for 'SceneOutliner' in 0.0003 seconds. Added 1 classes and 2 folders.
[2018.10.29-16.35.46:198][  0]LogSlate: Took 0.000185 seconds to synchronously load lazily loaded font '../../../Engine/Content/Slate/Fonts/Roboto-Regular.ttf' (155K)
[2018.10.29-16.35.46:199][  0]LogSlate: Took 0.000154 seconds to synchronously load lazily loaded font '../../../Engine/Content/Slate/Fonts/Roboto-Bold.ttf' (160K)
[2018.10.29-16.35.46:251][  0]LogSlate: Took 0.046740 seconds to synchronously load lazily loaded font '../../../Engine/Content/Editor/Slate/Fonts/FontAwesome.ttf' (139K)
[2018.10.29-16.35.46:323][  0]LogRenderer: Reallocating scene render targets to support 256x256 Format 10 NumSamples 1 (Frame:1).
[2018.10.29-16.35.46:338][  0]LogRenderer: Reallocating scene render targets to support 1208x576 Format 10 NumSamples 1 (Frame:1).
[2018.10.29-16.35.46:437][  0]LogSlate: Took 0.000265 seconds to synchronously load lazily loaded font '../../../Engine/Content/Slate/Fonts/Roboto-Light.ttf' (167K)
[2018.10.29-16.35.46:529][  0]LogContentBrowser: Native class hierarchy updated for 'HierarchicalLODOutliner' in 0.0003 seconds. Added 0 classes and 0 folders.
[2018.10.29-16.35.46:529][  0]LogLoad: (Engine Initialization) Total time: 14.93 seconds
[2018.10.29-16.35.46:529][  0]LogLoad: (Engine Initialization) Total Blueprint compile time: 0.00 seconds
[2018.10.29-16.35.46:540][  0]LogRawInputWindows: Warning: Found device 0 devices
[2018.10.29-16.35.46:541][  0]LogRawInputWindows: Warning: Found device 0 devices
[2018.10.29-16.35.46:541][  0]LogRawInputWindows: Warning: Device was registered succesfully but not connected (Usage:4 UsagePage:1)
[2018.10.29-16.35.46:541][  0]LogRawInputWindows: Warning: Found device 1 devices
[2018.10.29-16.35.46:541][  0]LogRawInputWindows: Warning: Device was registered succesfully but not connected (Usage:5 UsagePage:1)
[2018.10.29-16.35.46:594][  0]LogContentStreaming: Texture pool size now 3000 MB
[2018.10.29-16.35.46:658][  1]LogAssetRegistry: Asset discovery search completed in 8.0551 seconds
[2018.10.29-16.35.46:660][  1]LogCollectionManager: Rebuilt the object cache for 0 collections in 0.000001 seconds (found 0 objects)
[2018.10.29-16.35.46:660][  1]LogCollectionManager: Fixed up redirectors for 0 collections in 0.000060 seconds (updated 0 objects)
[2018.10.29-16.35.47:563][102]LogSlate: Took 0.000254 seconds to synchronously load lazily loaded font '../../../Engine/Content/Slate/Fonts/Roboto-Light.ttf' (167K)
[2018.10.29-16.35.56:889][218]LogSlate: FSceneViewport::OnFocusLost() reason 0
[2018.10.29-16.35.57:063][239]LogSlate: Window 'Message Log' being destroyed
[2018.10.29-16.35.57:066][239]LogSlate: Window 'Message Log' being destroyed
[2018.10.29-16.40.58:836][868]LogSlate: FSceneViewport::OnFocusLost() reason 0
[2018.10.29-16.40.58:961][880]LogTemp: Repeating last play command: Selected Viewport
[2018.10.29-16.40.58:978][880]LogBlueprintUserMessages: Early PlayInEditor Detection: Level '/Game/VehicleCPP/Maps/VehicleExampleMap.VehicleExampleMap:PersistentLevel' has LevelScriptBlueprint '/Game/VehicleCPP/Maps/VehicleExampleMap.VehicleExampleMap:PersistentLevel.VehicleExampleMap' with GeneratedClass '/Game/VehicleCPP/Maps/VehicleExampleMap.VehicleExampleMap_C' with ClassGeneratedBy '/Game/VehicleCPP/Maps/VehicleExampleMap.VehicleExampleMap:PersistentLevel.VehicleExampleMap'
[2018.10.29-16.40.58:978][880]LogPlayLevel: PlayLevel: No blueprints needed recompiling
[2018.10.29-16.40.58:991][880]PIE: New page: PIE session: VehicleExampleMap (29 Oct 2018 16:40:58)
[2018.10.29-16.40.58:991][880]LogPlayLevel: Creating play world package: /Game/VehicleCPP/Maps/UEDPIE_0_VehicleExampleMap
[2018.10.29-16.40.59:016][880]LogPlayLevel: PIE: StaticDuplicateObject took: (0.024446s)
[2018.10.29-16.40.59:017][880]LogAIModule: Creating AISystem for world VehicleExampleMap
[2018.10.29-16.40.59:017][880]LogPlayLevel: PIE: World Init took: (0.001080s)
[2018.10.29-16.40.59:017][880]LogPlayLevel: PIE: Created PIE world by copying editor world from /Game/VehicleCPP/Maps/VehicleExampleMap.VehicleExampleMap to /Game/VehicleCPP/Maps/UEDPIE_0_VehicleExampleMap.VehicleExampleMap (0.025724s)
[2018.10.29-16.40.59:041][880]LogInit: XAudio2 using 'Speakers (High Definition Audio Device)' : 2 channels at 48 kHz using 16 bits per sample (channel mask 0x3)
[2018.10.29-16.40.59:049][880]LogInit: FAudioDevice initialized.
[2018.10.29-16.40.59:092][880]LogLoad: Game class is 'MyProjectGameMode'
[2018.10.29-16.40.59:097][880]LogWorld: Bringing World /Game/VehicleCPP/Maps/UEDPIE_0_VehicleExampleMap.VehicleExampleMap up for play (max tick rate 0) at 2018.10.29-16.40.59
[2018.10.29-16.40.59:107][880]LogWorld: Bringing up level for play took: 0.012973
[2018.10.29-16.40.59:124][880]LogContentBrowser: Native class hierarchy updated for 'MovieSceneCapture' in 0.0004 seconds. Added 10 classes and 0 folders.
[2018.10.29-16.40.59:124][880]PIE: Play in editor start time for /Game/VehicleCPP/Maps/UEDPIE_0_VehicleExampleMap 0.293
[2018.10.29-16.40.59:124][880]LogBlueprintUserMessages: Late PlayInEditor Detection: Level '/Game/VehicleCPP/Maps/VehicleExampleMap.VehicleExampleMap:PersistentLevel' has LevelScriptBlueprint '/Game/VehicleCPP/Maps/VehicleExampleMap.VehicleExampleMap:PersistentLevel.VehicleExampleMap' with GeneratedClass '/Game/VehicleCPP/Maps/VehicleExampleMap.VehicleExampleMap_C' with ClassGeneratedBy '/Game/VehicleCPP/Maps/VehicleExampleMap.VehicleExampleMap:PersistentLevel.VehicleExampleMap'
[2018.10.29-16.41.04:212][473]LogBlueprintUserMessages: Early EndPlayMap Detection: Level '/Game/VehicleCPP/Maps/VehicleExampleMap.VehicleExampleMap:PersistentLevel' has LevelScriptBlueprint '/Game/VehicleCPP/Maps/VehicleExampleMap.VehicleExampleMap:PersistentLevel.VehicleExampleMap' with GeneratedClass '/Game/VehicleCPP/Maps/VehicleExampleMap.VehicleExampleMap_C' with ClassGeneratedBy '/Game/VehicleCPP/Maps/VehicleExampleMap.VehicleExampleMap:PersistentLevel.VehicleExampleMap'
[2018.10.29-16.41.04:212][473]LogSlate: Updating window title bar state: overlay mode, drag disabled, window buttons hidden, title bar hidden
[2018.10.29-16.41.04:246][473]LogPlayLevel: Display: Shutting down PIE online subsystems
[2018.10.29-16.41.04:246][473]LogBlueprintUserMessages: Late EndPlayMap Detection: Level '/Game/VehicleCPP/Maps/VehicleExampleMap.VehicleExampleMap:PersistentLevel' has LevelScriptBlueprint '/Game/VehicleCPP/Maps/VehicleExampleMap.VehicleExampleMap:PersistentLevel.VehicleExampleMap' with GeneratedClass '/Game/VehicleCPP/Maps/VehicleExampleMap.VehicleExampleMap_C' with ClassGeneratedBy '/Game/VehicleCPP/Maps/VehicleExampleMap.VehicleExampleMap:PersistentLevel.VehicleExampleMap'
[2018.10.29-16.41.04:264][473]LogSlate: Updating window title bar state: overlay mode, drag disabled, window buttons hidden, title bar hidden
[2018.10.29-16.41.04:317][479]LogPlayLevel: Display: Destroying online subsystem :Context_3
[2018.10.29-16.41.05:238][589]LogTemp: Repeating last play command: Selected Viewport
[2018.10.29-16.41.05:254][589]LogBlueprintUserMessages: Early PlayInEditor Detection: Level '/Game/VehicleCPP/Maps/VehicleExampleMap.VehicleExampleMap:PersistentLevel' has LevelScriptBlueprint '/Game/VehicleCPP/Maps/VehicleExampleMap.VehicleExampleMap:PersistentLevel.VehicleExampleMap' with GeneratedClass '/Game/VehicleCPP/Maps/VehicleExampleMap.VehicleExampleMap_C' with ClassGeneratedBy '/Game/VehicleCPP/Maps/VehicleExampleMap.VehicleExampleMap:PersistentLevel.VehicleExampleMap'
[2018.10.29-16.41.05:254][589]LogPlayLevel: PlayLevel: No blueprints needed recompiling
[2018.10.29-16.41.05:254][589]PIE: New page: PIE session: VehicleExampleMap (29 Oct 2018 16:41:05)
[2018.10.29-16.41.05:254][589]LogPlayLevel: Creating play world package: /Game/VehicleCPP/Maps/UEDPIE_0_VehicleExampleMap
[2018.10.29-16.41.05:268][589]LogPlayLevel: PIE: StaticDuplicateObject took: (0.014125s)
[2018.10.29-16.41.05:269][589]LogAIModule: Creating AISystem for world VehicleExampleMap
[2018.10.29-16.41.05:269][589]LogPlayLevel: PIE: World Init took: (0.000943s)
[2018.10.29-16.41.05:269][589]LogPlayLevel: PIE: Created PIE world by copying editor world from /Game/VehicleCPP/Maps/VehicleExampleMap.VehicleExampleMap to /Game/VehicleCPP/Maps/UEDPIE_0_VehicleExampleMap.VehicleExampleMap (0.015198s)
[2018.10.29-16.41.05:292][589]LogInit: XAudio2 using 'Speakers (High Definition Audio Device)' : 2 channels at 48 kHz using 16 bits per sample (channel mask 0x3)
[2018.10.29-16.41.05:300][589]LogInit: FAudioDevice initialized.
[2018.10.29-16.41.05:329][589]LogLoad: Game class is 'MyProjectGameMode'
[2018.10.29-16.41.05:333][589]LogWorld: Bringing World /Game/VehicleCPP/Maps/UEDPIE_0_VehicleExampleMap.VehicleExampleMap up for play (max tick rate 0) at 2018.10.29-16.41.05
[2018.10.29-16.41.05:334][589]LogWorld: Bringing up level for play took: 0.003489
[2018.10.29-16.41.05:347][589]PIE: Play in editor start time for /Game/VehicleCPP/Maps/UEDPIE_0_VehicleExampleMap 0.516
[2018.10.29-16.41.05:347][589]LogBlueprintUserMessages: Late PlayInEditor Detection: Level '/Game/VehicleCPP/Maps/VehicleExampleMap.VehicleExampleMap:PersistentLevel' has LevelScriptBlueprint '/Game/VehicleCPP/Maps/VehicleExampleMap.VehicleExampleMap:PersistentLevel.VehicleExampleMap' with GeneratedClass '/Game/VehicleCPP/Maps/VehicleExampleMap.VehicleExampleMap_C' with ClassGeneratedBy '/Game/VehicleCPP/Maps/VehicleExampleMap.VehicleExampleMap:PersistentLevel.VehicleExampleMap'
[2018.10.29-16.41.17:842][ 85]LogBlueprintUserMessages: Early EndPlayMap Detection: Level '/Game/VehicleCPP/Maps/VehicleExampleMap.VehicleExampleMap:PersistentLevel' has LevelScriptBlueprint '/Game/VehicleCPP/Maps/VehicleExampleMap.VehicleExampleMap:PersistentLevel.VehicleExampleMap' with GeneratedClass '/Game/VehicleCPP/Maps/VehicleExampleMap.VehicleExampleMap_C' with ClassGeneratedBy '/Game/VehicleCPP/Maps/VehicleExampleMap.VehicleExampleMap:PersistentLevel.VehicleExampleMap'
[2018.10.29-16.41.17:842][ 85]LogSlate: Updating window title bar state: overlay mode, drag disabled, window buttons hidden, title bar hidden
[2018.10.29-16.41.17:879][ 85]LogPlayLevel: Display: Shutting down PIE online subsystems
[2018.10.29-16.41.17:879][ 85]LogBlueprintUserMessages: Late EndPlayMap Detection: Level '/Game/VehicleCPP/Maps/VehicleExampleMap.VehicleExampleMap:PersistentLevel' has LevelScriptBlueprint '/Game/VehicleCPP/Maps/VehicleExampleMap.VehicleExampleMap:PersistentLevel.VehicleExampleMap' with GeneratedClass '/Game/VehicleCPP/Maps/VehicleExampleMap.VehicleExampleMap_C' with ClassGeneratedBy '/Game/VehicleCPP/Maps/VehicleExampleMap.VehicleExampleMap:PersistentLevel.VehicleExampleMap'
[2018.10.29-16.41.17:898][ 85]LogSlate: Updating window title bar state: overlay mode, drag disabled, window buttons hidden, title bar hidden
[2018.10.29-16.41.17:948][ 90]LogPlayLevel: Display: Destroying online subsystem :Context_4
[2018.10.29-16.41.19:927][327]LogSlate: FSceneViewport::OnFocusLost() reason 0
[2018.10.29-16.41.20:002][336]LogTemp: Repeating last play command: Selected Viewport
[2018.10.29-16.41.20:017][336]LogBlueprintUserMessages: Early PlayInEditor Detection: Level '/Game/VehicleCPP/Maps/VehicleExampleMap.VehicleExampleMap:PersistentLevel' has LevelScriptBlueprint '/Game/VehicleCPP/Maps/VehicleExampleMap.VehicleExampleMap:PersistentLevel.VehicleExampleMap' with GeneratedClass '/Game/VehicleCPP/Maps/VehicleExampleMap.VehicleExampleMap_C' with ClassGeneratedBy '/Game/VehicleCPP/Maps/VehicleExampleMap.VehicleExampleMap:PersistentLevel.VehicleExampleMap'
[2018.10.29-16.41.20:017][336]LogPlayLevel: PlayLevel: No blueprints needed recompiling
[2018.10.29-16.41.20:018][336]PIE: New page: PIE session: VehicleExampleMap (29 Oct 2018 16:41:20)
[2018.10.29-16.41.20:018][336]LogPlayLevel: Creating play world package: /Game/VehicleCPP/Maps/UEDPIE_0_VehicleExampleMap
[2018.10.29-16.41.20:033][336]LogPlayLevel: PIE: StaticDuplicateObject took: (0.015667s)
[2018.10.29-16.41.20:034][336]LogAIModule: Creating AISystem for world VehicleExampleMap
[2018.10.29-16.41.20:034][336]LogPlayLevel: PIE: World Init took: (0.001101s)
[2018.10.29-16.41.20:035][336]LogPlayLevel: PIE: Created PIE world by copying editor world from /Game/VehicleCPP/Maps/VehicleExampleMap.VehicleExampleMap to /Game/VehicleCPP/Maps/UEDPIE_0_VehicleExampleMap.VehicleExampleMap (0.016903s)
[2018.10.29-16.41.20:058][336]LogInit: XAudio2 using 'Speakers (High Definition Audio Device)' : 2 channels at 48 kHz using 16 bits per sample (channel mask 0x3)
[2018.10.29-16.41.20:065][336]LogInit: FAudioDevice initialized.
[2018.10.29-16.41.20:097][336]LogLoad: Game class is 'MyProjectGameMode'
[2018.10.29-16.41.20:102][336]LogWorld: Bringing World /Game/VehicleCPP/Maps/UEDPIE_0_VehicleExampleMap.VehicleExampleMap up for play (max tick rate 0) at 2018.10.29-16.41.20
[2018.10.29-16.41.20:103][336]LogWorld: Bringing up level for play took: 0.003303
[2018.10.29-16.41.20:115][336]PIE: Play in editor start time for /Game/VehicleCPP/Maps/UEDPIE_0_VehicleExampleMap -0.715
[2018.10.29-16.41.20:116][336]LogBlueprintUserMessages: Late PlayInEditor Detection: Level '/Game/VehicleCPP/Maps/VehicleExampleMap.VehicleExampleMap:PersistentLevel' has LevelScriptBlueprint '/Game/VehicleCPP/Maps/VehicleExampleMap.VehicleExampleMap:PersistentLevel.VehicleExampleMap' with GeneratedClass '/Game/VehicleCPP/Maps/VehicleExampleMap.VehicleExampleMap_C' with ClassGeneratedBy '/Game/VehicleCPP/Maps/VehicleExampleMap.VehicleExampleMap:PersistentLevel.VehicleExampleMap'
[2018.10.29-16.41.27:524][222]LogBlueprintUserMessages: Early EndPlayMap Detection: Level '/Game/VehicleCPP/Maps/VehicleExampleMap.VehicleExampleMap:PersistentLevel' has LevelScriptBlueprint '/Game/VehicleCPP/Maps/VehicleExampleMap.VehicleExampleMap:PersistentLevel.VehicleExampleMap' with GeneratedClass '/Game/VehicleCPP/Maps/VehicleExampleMap.VehicleExampleMap_C' with ClassGeneratedBy '/Game/VehicleCPP/Maps/VehicleExampleMap.VehicleExampleMap:PersistentLevel.VehicleExampleMap'
[2018.10.29-16.41.27:524][222]LogSlate: Updating window title bar state: overlay mode, drag disabled, window buttons hidden, title bar hidden
[2018.10.29-16.41.27:558][222]LogPlayLevel: Display: Shutting down PIE online subsystems
[2018.10.29-16.41.27:558][222]LogBlueprintUserMessages: Late EndPlayMap Detection: Level '/Game/VehicleCPP/Maps/VehicleExampleMap.VehicleExampleMap:PersistentLevel' has LevelScriptBlueprint '/Game/VehicleCPP/Maps/VehicleExampleMap.VehicleExampleMap:PersistentLevel.VehicleExampleMap' with GeneratedClass '/Game/VehicleCPP/Maps/VehicleExampleMap.VehicleExampleMap_C' with ClassGeneratedBy '/Game/VehicleCPP/Maps/VehicleExampleMap.VehicleExampleMap:PersistentLevel.VehicleExampleMap'
[2018.10.29-16.41.27:578][222]LogSlate: Updating window title bar state: overlay mode, drag disabled, window buttons hidden, title bar hidden
[2018.10.29-16.41.27:622][227]LogPlayLevel: Display: Destroying online subsystem :Context_5
[2018.10.29-16.41.51:102][ 40]LogTemp: Repeating last play command: Selected Viewport
[2018.10.29-16.41.51:118][ 40]LogBlueprintUserMessages: Early PlayInEditor Detection: Level '/Game/VehicleCPP/Maps/VehicleExampleMap.VehicleExampleMap:PersistentLevel' has LevelScriptBlueprint '/Game/VehicleCPP/Maps/VehicleExampleMap.VehicleExampleMap:PersistentLevel.VehicleExampleMap' with GeneratedClass '/Game/VehicleCPP/Maps/VehicleExampleMap.VehicleExampleMap_C' with ClassGeneratedBy '/Game/VehicleCPP/Maps/VehicleExampleMap.VehicleExampleMap:PersistentLevel.VehicleExampleMap'
[2018.10.29-16.41.51:118][ 40]LogPlayLevel: PlayLevel: No blueprints needed recompiling
[2018.10.29-16.41.51:119][ 40]PIE: New page: PIE session: VehicleExampleMap (29 Oct 2018 16:41:51)
[2018.10.29-16.41.51:119][ 40]LogPlayLevel: Creating play world package: /Game/VehicleCPP/Maps/UEDPIE_0_VehicleExampleMap
[2018.10.29-16.41.51:133][ 40]LogPlayLevel: PIE: StaticDuplicateObject took: (0.014386s)
[2018.10.29-16.41.51:134][ 40]LogAIModule: Creating AISystem for world VehicleExampleMap
[2018.10.29-16.41.51:134][ 40]LogPlayLevel: PIE: World Init took: (0.000896s)
[2018.10.29-16.41.51:134][ 40]LogPlayLevel: PIE: Created PIE world by copying editor world from /Game/VehicleCPP/Maps/VehicleExampleMap.VehicleExampleMap to /Game/VehicleCPP/Maps/UEDPIE_0_VehicleExampleMap.VehicleExampleMap (0.015448s)
[2018.10.29-16.41.51:160][ 40]LogInit: XAudio2 using 'Speakers (High Definition Audio Device)' : 2 channels at 48 kHz using 16 bits per sample (channel mask 0x3)
[2018.10.29-16.41.51:168][ 40]LogInit: FAudioDevice initialized.
[2018.10.29-16.41.51:197][ 40]LogLoad: Game class is 'MyProjectGameMode'
[2018.10.29-16.41.51:202][ 40]LogWorld: Bringing World /Game/VehicleCPP/Maps/UEDPIE_0_VehicleExampleMap.VehicleExampleMap up for play (max tick rate 0) at 2018.10.29-16.41.51
[2018.10.29-16.41.51:203][ 40]LogWorld: Bringing up level for play took: 0.003629
[2018.10.29-16.41.51:216][ 40]PIE: Play in editor start time for /Game/VehicleCPP/Maps/UEDPIE_0_VehicleExampleMap 0.387
[2018.10.29-16.41.51:216][ 40]LogBlueprintUserMessages: Late PlayInEditor Detection: Level '/Game/VehicleCPP/Maps/VehicleExampleMap.VehicleExampleMap:PersistentLevel' has LevelScriptBlueprint '/Game/VehicleCPP/Maps/VehicleExampleMap.VehicleExampleMap:PersistentLevel.VehicleExampleMap' with GeneratedClass '/Game/VehicleCPP/Maps/VehicleExampleMap.VehicleExampleMap_C' with ClassGeneratedBy '/Game/VehicleCPP/Maps/VehicleExampleMap.VehicleExampleMap:PersistentLevel.VehicleExampleMap'
[2018.10.29-16.42.44:218][390]LogBlueprintUserMessages: Early EndPlayMap Detection: Level '/Game/VehicleCPP/Maps/VehicleExampleMap.VehicleExampleMap:PersistentLevel' has LevelScriptBlueprint '/Game/VehicleCPP/Maps/VehicleExampleMap.VehicleExampleMap:PersistentLevel.VehicleExampleMap' with GeneratedClass '/Game/VehicleCPP/Maps/VehicleExampleMap.VehicleExampleMap_C' with ClassGeneratedBy '/Game/VehicleCPP/Maps/VehicleExampleMap.VehicleExampleMap:PersistentLevel.VehicleExampleMap'
[2018.10.29-16.42.44:218][390]LogSlate: Updating window title bar state: overlay mode, drag disabled, window buttons hidden, title bar hidden
[2018.10.29-16.42.44:253][390]LogPlayLevel: Display: Shutting down PIE online subsystems
[2018.10.29-16.42.44:253][390]LogBlueprintUserMessages: Late EndPlayMap Detection: Level '/Game/VehicleCPP/Maps/VehicleExampleMap.VehicleExampleMap:PersistentLevel' has LevelScriptBlueprint '/Game/VehicleCPP/Maps/VehicleExampleMap.VehicleExampleMap:PersistentLevel.VehicleExampleMap' with GeneratedClass '/Game/VehicleCPP/Maps/VehicleExampleMap.VehicleExampleMap_C' with ClassGeneratedBy '/Game/VehicleCPP/Maps/VehicleExampleMap.VehicleExampleMap:PersistentLevel.VehicleExampleMap'
[2018.10.29-16.42.44:273][390]LogSlate: Updating window title bar state: overlay mode, drag disabled, window buttons hidden, title bar hidden
[2018.10.29-16.42.44:324][395]LogPlayLevel: Display: Destroying online subsystem :Context_6
[2018.10.29-16.43.02:763][600]LogSlate: FSceneViewport::OnFocusLost() reason 0
[2018.10.29-16.43.10:885][210]LogSlate: Window 'Save Asset As' being destroyed
[2018.10.29-16.43.10:924][210]LogAssetEditorManager: Opening Asset editor for LevelSequence /Game/NewLevelSequence1.NewLevelSequence1
[2018.10.29-16.43.28:054][159]LogSlate: FSceneViewport::OnFocusLost() reason 0
[2018.10.29-16.43.31:893][586]LogSlate: FSceneViewport::OnFocusLost() reason 2
[2018.10.29-16.43.51:850][905]LogSlate: FSceneViewport::OnFocusLost() reason 0
[2018.10.29-16.43.52:040][917]LogSlate: Took 0.000254 seconds to synchronously load lazily loaded font '../../../Engine/Content/Slate/Fonts/Roboto-BoldCondensed.ttf' (158K)
[2018.10.29-16.43.54:153][143]LogSlate: Took 0.012921 seconds to synchronously load lazily loaded font '../../../Engine/Content/Slate/Fonts/Roboto-Italic.ttf' (157K)
[2018.10.29-16.43.56:613][424]LogEditorViewport: Clicking on Actor (LMB): SkeletalMeshActor (Sedan_AnimBP)
[2018.10.29-16.43.58:513][636]LogSlate: FSceneViewport::OnFocusLost() reason 0
[2018.10.29-16.44.13:039][316]LogSlate: FSceneViewport::OnFocusLost() reason 0
[2018.10.29-16.44.20:809][211]Cmd: TRANSACTION UNDO
[2018.10.29-16.44.20:809][211]LogEditorTransaction: Undo Select Actors/Components
[2018.10.29-16.44.21:512][270]Cmd: TRANSACTION UNDO
[2018.10.29-16.44.21:512][270]LogEditorTransaction: Undo Add Keys at Current Time
[2018.10.29-16.44.22:330][340]Cmd: TRANSACTION UNDO
[2018.10.29-16.44.22:330][340]LogEditorTransaction: Undo Animatable Property Changed
[2018.10.29-16.44.22:804][377]Cmd: TRANSACTION UNDO
[2018.10.29-16.44.22:804][377]LogEditorTransaction: Undo Move Actors
[2018.10.29-16.44.23:284][415]Cmd: TRANSACTION UNDO
[2018.10.29-16.44.23:284][415]LogEditorTransaction: Undo Animatable Property Changed
[2018.10.29-16.44.23:699][447]Cmd: TRANSACTION UNDO
[2018.10.29-16.44.23:700][447]LogEditorTransaction: Undo Rotate Actors
[2018.10.29-16.44.24:091][473]Cmd: TRANSACTION UNDO
[2018.10.29-16.44.24:091][473]LogEditorTransaction: Undo Animatable Property Changed
[2018.10.29-16.44.24:436][497]Cmd: TRANSACTION UNDO
[2018.10.29-16.44.24:436][497]LogEditorTransaction: Undo Rotate Actors
[2018.10.29-16.44.24:952][534]Cmd: TRANSACTION UNDO
[2018.10.29-16.44.24:952][534]LogEditorTransaction: Undo Animatable Property Changed
[2018.10.29-16.44.25:376][567]Cmd: TRANSACTION UNDO
[2018.10.29-16.44.25:376][567]LogEditorTransaction: Undo Animatable Property Changed
[2018.10.29-16.44.25:810][597]Cmd: TRANSACTION UNDO
[2018.10.29-16.44.25:810][597]LogEditorTransaction: Undo Move Actors
[2018.10.29-16.44.42:768][524]LogSlate: FSceneViewport::OnFocusLost() reason 0
[2018.10.29-16.44.56:647][127]LogSlate: FSceneViewport::OnFocusLost() reason 0
[2018.10.29-16.45.02:812][836]LogEditorViewport: Clicking on Actor (LMB): SkeletalMeshActor (Sedan_AnimBP)
[2018.10.29-16.45.09:403][596]LogSlate: FSceneViewport::OnFocusLost() reason 0
[2018.10.29-16.45.21:276][952]LogSlate: FSceneViewport::OnFocusLost() reason 0
[2018.10.29-16.45.52:778][588]LogEditorViewport: Clicking on Actor (LMB): SkeletalMeshActor (Sedan_AnimBP)
[2018.10.29-16.45.58:767][272]LogSlate: FSceneViewport::OnFocusLost() reason 0
[2018.10.29-16.46.23:825][232]LogEditorViewport: Clicking on Actor (LMB): SkeletalMeshActor (Sedan_AnimBP)
[2018.10.29-16.46.28:471][756]LogSlate: FSceneViewport::OnFocusLost() reason 0
[2018.10.29-16.46.35:675][583]LogSlate: FSceneViewport::OnFocusLost() reason 0
[2018.10.29-16.46.39:637][ 37]LogEditorViewport: Clicking on Actor (LMB): SkeletalMeshActor (Sedan_AnimBP)
[2018.10.29-16.46.40:117][ 90]LogEditorViewport: Clicking on Actor (LMB): SkeletalMeshActor (Sedan_AnimBP)
[2018.10.29-16.46.44:985][647]LogSlate: FSceneViewport::OnFocusLost() reason 0
[2018.10.29-16.47.03:563][772]LogSlate: FSceneViewport::OnFocusLost() reason 0
[2018.10.29-16.47.15:084][ 84]Cmd: TRANSACTION UNDO
[2018.10.29-16.47.15:084][ 84]LogEditorTransaction: Undo Animatable Property Changed
[2018.10.29-16.47.25:643][230]LogSlate: FSceneViewport::OnFocusLost() reason 0
[2018.10.29-16.47.37:340][576]LogSlate: FSceneViewport::OnFocusLost() reason 0
[2018.10.29-16.48.58:825][411]LogEditorViewport: Clicking on Actor (LMB): SkeletalMeshActor (Sedan_AnimBP)
[2018.10.29-16.49.03:279][881]LogSlate: FSceneViewport::OnFocusLost() reason 0
[2018.10.29-16.49.21:498][793]LogSlate: Window 'Sequencer' being destroyed
[2018.10.29-16.49.21:500][793]LogSlate: Window 'Sequencer' being destroyed
[2018.10.29-16.49.23:966][ 64]LogSavePackage: Moving '../../../../../../Temp/Rhun/_Speed/MyProject/Saved/VehicleExampleMapF05E5A6B4FF3212D5D01339692AD3E65.tmp' to '../../../../../../Temp/Rhun/_Speed/MyProject/Content/VehicleCPP/Maps/VehicleExampleMap.umap'
[2018.10.29-16.56.50:015][181]Candidate modules for hot reload:
[2018.10.29-16.56.50:015][181]  MyProject
[2018.10.29-16.56.50:015][181]Launching UnrealBuildTool... [C:/Program Files/Epic Games/UE_4.20/Engine/Binaries/DotNET/UnrealBuildTool.exe  -ModuleWithSuffix=MyProject,3920 Win64 Development -TargetType=Editor -Project="../../../../../../Temp/Rhun/_Speed/MyProject/MyProject.uproject" -canskiplink "C:/Temp/Rhun/_Speed/MyProject/MyProject.uproject" ]
[2018.10.29-16.56.50:021][181]Warning: Starting HotReload took  0.0s.
[2018.10.29-16.56.53:670][597]CompilerResultsLog: New page: Compilation - 29 Oct 2018 16:56:53
[2018.10.29-16.56.53:670][597]CompilerResultsLog: Using 'git status' to determine working set for adaptive non-unity build.
[2018.10.29-16.56.53:670][597]CompilerResultsLog: Compiling game modules for hot reload
[2018.10.29-16.56.53:670][597]CompilerResultsLog: Building 3 actions with 8 processes...
[2018.10.29-16.56.53:670][597]CompilerResultsLog:   Bombponent.cpp
[2018.10.29-16.56.53:670][597]CompilerResultsLog:   UE4Editor-MyProject-3920.lib
[2018.10.29-16.56.53:670][597]CompilerResultsLog:      Creating library C:\Temp\Rhun\_Speed\MyProject\Intermediate\Build\Win64\UE4Editor\Development\MyProject\UE4Editor-MyProject-3920.lib and object C:\Temp\Rhun\_Speed\MyProject\Intermediate\Build\Win64\UE4Editor\Development\MyProject\UE4Editor-MyProject-3920.exp
[2018.10.29-16.56.53:670][597]CompilerResultsLog:   UE4Editor-MyProject-3920.dll
[2018.10.29-16.56.53:670][597]CompilerResultsLog:      Creating library C:\Temp\Rhun\_Speed\MyProject\Intermediate\Build\Win64\UE4Editor\Development\MyProject\UE4Editor-MyProject-3920.suppressed.lib and object C:\Temp\Rhun\_Speed\MyProject\Intermediate\Build\Win64\UE4Editor\Development\MyProject\UE4Editor-MyProject-3920.suppressed.exp
[2018.10.29-16.56.53:670][597]CompilerResultsLog: Total build time: 3.42 seconds (Parallel executor: 1.71 seconds)
[2018.10.29-16.56.53:670][597]LogMainFrame: MainFrame: Module compiling took 3.662 seconds
[2018.10.29-16.56.53:718][597]LogContentBrowser: Native class hierarchy updated for 'MyProject' in 0.0004 seconds. Added 6 classes and 2 folders.
[2018.10.29-16.56.53:720][597]Display: HotReload successful (1 functions remapped  0 scriptstructs remapped)
[2018.10.29-16.56.53:843][597]LogContentBrowser: Native class hierarchy populated in 0.0091 seconds. Added 2581 classes and 610 folders.
[2018.10.29-16.56.53:843][597]Display: HotReload took  3.8s.
[2018.10.29-16.56.55:544][800]LogTemp: Repeating last play command: Selected Viewport
[2018.10.29-16.56.55:560][800]LogBlueprintUserMessages: Early PlayInEditor Detection: Level '/Game/VehicleCPP/Maps/VehicleExampleMap.VehicleExampleMap:PersistentLevel' has LevelScriptBlueprint '/Game/VehicleCPP/Maps/VehicleExampleMap.VehicleExampleMap:PersistentLevel.VehicleExampleMap' with GeneratedClass '/Game/VehicleCPP/Maps/VehicleExampleMap.VehicleExampleMap_C' with ClassGeneratedBy '/Game/VehicleCPP/Maps/VehicleExampleMap.VehicleExampleMap:PersistentLevel.VehicleExampleMap'
[2018.10.29-16.56.55:561][800]LogPlayLevel: PlayLevel: No blueprints needed recompiling
[2018.10.29-16.56.55:561][800]PIE: New page: PIE session: VehicleExampleMap (29 Oct 2018 16:56:55)
[2018.10.29-16.56.55:561][800]LogPlayLevel: Creating play world package: /Game/VehicleCPP/Maps/UEDPIE_0_VehicleExampleMap
[2018.10.29-16.56.55:579][800]LogPlayLevel: PIE: StaticDuplicateObject took: (0.018178s)
[2018.10.29-16.56.55:580][800]LogAIModule: Creating AISystem for world VehicleExampleMap
[2018.10.29-16.56.55:580][800]LogPlayLevel: PIE: World Init took: (0.000980s)
[2018.10.29-16.56.55:580][800]LogPlayLevel: PIE: Created PIE world by copying editor world from /Game/VehicleCPP/Maps/VehicleExampleMap.VehicleExampleMap to /Game/VehicleCPP/Maps/UEDPIE_0_VehicleExampleMap.VehicleExampleMap (0.019334s)
[2018.10.29-16.56.55:604][800]LogInit: XAudio2 using 'Speakers (High Definition Audio Device)' : 2 channels at 48 kHz using 16 bits per sample (channel mask 0x3)
[2018.10.29-16.56.55:612][800]LogInit: FAudioDevice initialized.
[2018.10.29-16.56.55:643][800]LogLoad: Game class is 'MyProjectGameMode'
[2018.10.29-16.56.55:648][800]LogWorld: Bringing World /Game/VehicleCPP/Maps/UEDPIE_0_VehicleExampleMap.VehicleExampleMap up for play (max tick rate 0) at 2018.10.29-16.56.55
[2018.10.29-16.56.55:649][800]LogWorld: Bringing up level for play took: 0.004083
[2018.10.29-16.56.55:662][800]PIE: Play in editor start time for /Game/VehicleCPP/Maps/UEDPIE_0_VehicleExampleMap 0.826
[2018.10.29-16.56.55:662][800]LogBlueprintUserMessages: Late PlayInEditor Detection: Level '/Game/VehicleCPP/Maps/VehicleExampleMap.VehicleExampleMap:PersistentLevel' has LevelScriptBlueprint '/Game/VehicleCPP/Maps/VehicleExampleMap.VehicleExampleMap:PersistentLevel.VehicleExampleMap' with GeneratedClass '/Game/VehicleCPP/Maps/VehicleExampleMap.VehicleExampleMap_C' with ClassGeneratedBy '/Game/VehicleCPP/Maps/VehicleExampleMap.VehicleExampleMap:PersistentLevel.VehicleExampleMap'
[2018.10.29-16.57.12:887][983]LogWindows: Error: === Critical error: ===
[2018.10.29-16.57.12:887][983]LogWindows: Error: 
[2018.10.29-16.57.12:887][983]LogWindows: Error: Fatal error!
[2018.10.29-16.57.12:887][983]LogWindows: Error: 
[2018.10.29-16.57.12:887][983]LogWindows: Error: Unhandled Exception: EXCEPTION_ACCESS_VIOLATION reading address 0x00000000
[2018.10.29-16.57.12:887][983]LogWindows: Error: 
[2018.10.29-16.57.12:887][983]LogWindows: Error: [Callstack] 0x00007ffc3e4c2406 UE4Editor-MyProject-3920.dll!UBombponent::OnExplode() [c:\temp\rhun\_speed\myproject\source\myproject\bombponent.cpp:23]
[2018.10.29-16.57.12:887][983]LogWindows: Error: [Callstack] 0x00007ffc62274348 UE4Editor-Engine.dll!UnknownFunction []
[2018.10.29-16.57.12:887][983]LogWindows: Error: [Callstack] 0x00007ffc61974ba8 UE4Editor-Engine.dll!UnknownFunction []
[2018.10.29-16.57.12:887][983]LogWindows: Error: [Callstack] 0x00007ffc5f7e7295 UE4Editor-UnrealEd.dll!UnknownFunction []
[2018.10.29-16.57.12:887][983]LogWindows: Error: [Callstack] 0x00007ffc600df0d6 UE4Editor-UnrealEd.dll!UnknownFunction []
[2018.10.29-16.57.12:887][983]LogWindows: Error: [Callstack] 0x00007ff6cc175cbd UE4Editor.exe!UnknownFunction []
[2018.10.29-16.57.12:887][983]LogWindows: Error: [Callstack] 0x00007ff6cc185b3c UE4Editor.exe!UnknownFunction []
[2018.10.29-16.57.12:887][983]LogWindows: Error: [Callstack] 0x00007ff6cc185bba UE4Editor.exe!UnknownFunction []
[2018.10.29-16.57.12:887][983]LogWindows: Error: [Callstack] 0x00007ff6cc193dac UE4Editor.exe!UnknownFunction []
[2018.10.29-16.57.12:887][983]LogWindows: Error: [Callstack] 0x00007ff6cc195aaa UE4Editor.exe!UnknownFunction []
[2018.10.29-16.57.12:887][983]LogWindows: Error: [Callstack] 0x00007ffcafa63034 KERNEL32.DLL!UnknownFunction []
[2018.10.29-16.57.12:887][983]LogWindows: Error: [Callstack] 0x00007ffcb0701431 ntdll.dll!UnknownFunction []
[2018.10.29-16.57.12:887][983]LogWindows: Error: 
[2018.10.29-16.57.12:901][983]LogExit: Executing StaticShutdownAfterError
[2018.10.29-16.57.13:145][983]LogWindows: FPlatformMisc::RequestExit(1)
[2018.10.29-16.57.13:200][983]Log file closed, 10/29/18 16:57:13
