Log file open, 10/25/18 14:51:04
LogWindows: Failed to load 'aqProf.dll' (GetLastError=126)
LogWindows: File 'aqProf.dll' does not exist
LogWindows: Failed to load 'VtuneApi.dll' (GetLastError=126)
LogWindows: File 'VtuneApi.dll' does not exist
LogWindows: Failed to load 'VtuneApi32e.dll' (GetLastError=126)
LogWindows: File 'VtuneApi32e.dll' does not exist
LogInit: Display: Running engine for game: MyProject
LogPlatformFile: Not using cached read wrapper
LogTaskGraph: Started task graph with 5 named threads and 23 total threads with 3 sets of task threads.
LogStats: Stats thread started at 0.376118
LogD3D11RHI: Loaded GFSDK_Aftermath_Lib.x64.dll
LogICUInternationalization: Display: ICU TimeZone Detection - Raw Offset: +0:00, Platform Override: ''
LogPluginManager: Mounting plugin Paper2D
LogPluginManager: Mounting plugin AISupport
LogPluginManager: Mounting plugin LightPropagationVolume
LogPluginManager: Mounting plugin CLionSourceCodeAccess
LogPluginManager: Mounting plugin CodeLiteSourceCodeAccess
LogPluginManager: Mounting plugin GitSourceControl
LogPluginManager: Mounting plugin KDevelopSourceCodeAccess
LogPluginManager: Mounting plugin NullSourceCodeAccess
LogPluginManager: Mounting plugin PerforceSourceControl
LogPluginManager: Mounting plugin SubversionSourceControl
LogPluginManager: Mounting plugin UObjectPlugin
LogPluginManager: Mounting plugin VisualStudioCodeSourceCodeAccess
LogPluginManager: Mounting plugin VisualStudioSourceCodeAccess
LogPluginManager: Mounting plugin XCodeSourceCodeAccess
LogPluginManager: Mounting plugin AssetManagerEditor
LogPluginManager: Mounting plugin CryptoKeys
LogPluginManager: Mounting plugin DataValidation
LogPluginManager: Mounting plugin FacialAnimation
LogPluginManager: Mounting plugin GameplayTagsEditor
LogPluginManager: Mounting plugin MacGraphicsSwitching
LogPluginManager: Mounting plugin MeshEditor
LogPluginManager: Mounting plugin MobileLauncherProfileWizard
LogPluginManager: Mounting plugin PluginBrowser
LogPluginManager: Mounting plugin SpeedTreeImporter
LogPluginManager: Mounting plugin DatasmithContent
LogPluginManager: Mounting plugin AlembicImporter
LogPluginManager: Mounting plugin AppleImageUtils
LogPluginManager: Mounting plugin AppleVision
LogPluginManager: Mounting plugin BackChannel
LogPluginManager: Mounting plugin CharacterAI
LogPluginManager: Mounting plugin GeometryCache
LogPluginManager: Mounting plugin HTML5Networking
LogPluginManager: Mounting plugin ProxyLODPlugin
LogPluginManager: Mounting plugin RawInput
LogPluginManager: Mounting plugin MagicLeap
LogPluginManager: Mounting plugin MagicLeapEmulator
LogPluginManager: Mounting plugin MagicLeapMedia
LogPluginManager: Mounting plugin AndroidMedia
LogPluginManager: Mounting plugin AvfMedia
LogPluginManager: Mounting plugin ImgMedia
LogPluginManager: Mounting plugin LinearTimecode
LogPluginManager: Mounting plugin MediaCompositing
LogPluginManager: Mounting plugin MediaPlayerEditor
LogPluginManager: Mounting plugin WmfMedia
LogPluginManager: Mounting plugin TcpMessaging
LogPluginManager: Mounting plugin UdpMessaging
LogPluginManager: Mounting plugin ActorSequence
LogPluginManager: Mounting plugin LevelSequenceEditor
LogPluginManager: Mounting plugin MatineeToLevelSequence
LogPluginManager: Mounting plugin NetcodeUnitTest
LogPluginManager: Mounting plugin NUTUnrealEngine4
LogPluginManager: Mounting plugin OnlineSubsystemGooglePlay
LogPluginManager: Mounting plugin OnlineSubsystemIOS
LogPluginManager: Mounting plugin OnlineSubsystem
LogPluginManager: Mounting plugin OnlineSubsystemNull
LogPluginManager: Mounting plugin OnlineSubsystemUtils
LogPluginManager: Mounting plugin LauncherChunkInstaller
LogPluginManager: Mounting plugin AndroidDeviceProfileSelector
LogPluginManager: Mounting plugin AndroidMoviePlayer
LogPluginManager: Mounting plugin AndroidPermission
LogPluginManager: Mounting plugin AppleMoviePlayer
LogPluginManager: Mounting plugin ArchVisCharacter
LogPluginManager: Mounting plugin AudioCapture
LogPluginManager: Mounting plugin CableComponent
LogPluginManager: Mounting plugin CustomMeshComponent
LogPluginManager: Mounting plugin EditableMesh
LogPluginManager: Mounting plugin ExampleDeviceProfileSelector
LogPluginManager: Mounting plugin GoogleCloudMessaging
LogPluginManager: Mounting plugin ImmediatePhysics
LogPluginManager: Mounting plugin IOSDeviceProfileSelector
LogPluginManager: Mounting plugin LinuxDeviceProfileSelector
LogPluginManager: Mounting plugin LocationServicesBPLibrary
LogPluginManager: Mounting plugin MobilePatchingUtils
LogPluginManager: Mounting plugin OculusVR
LogPluginManager: Plugin shader directory ../../../Engine/Plugins/Runtime/Oculus/OculusVR/Shaders found
LogPluginManager: Mapping shader source directory ../../../Engine/Plugins/Runtime/Oculus/OculusVR/Shaders to virtual directory /Plugin/OculusVR
LogPluginManager: Mounting plugin PhysXVehicles
LogPluginManager: Mounting plugin ProceduralMeshComponent
LogPluginManager: Mounting plugin RuntimePhysXCooking
LogPluginManager: Mounting plugin SteamVR
LogPluginManager: Mounting plugin WindowsMoviePlayer
LogStreaming: Display: Took  0.266s to configure plugins.
LogInit: Using libcurl 7.55.1-DEV
LogInit:  - built for x86_64-pc-win32
LogInit:  - supports SSL with OpenSSL/1.0.2h
LogInit:  - supports HTTP deflate (compression) using libz 1.2.8
LogInit:  - other features:
LogInit:      CURL_VERSION_SSL
LogInit:      CURL_VERSION_LIBZ
LogInit:      CURL_VERSION_IPV6
LogInit:      CURL_VERSION_ASYNCHDNS
LogInit:      CURL_VERSION_LARGEFILE
LogInit:      CURL_VERSION_IDN
LogInit:  CurlRequestOptions (configurable via config and command line):
LogInit:  - bVerifyPeer = false  - Libcurl will NOT verify peer certificate
LogInit:  - bUseHttpProxy = false  - Libcurl will NOT use HTTP proxy
LogInit:  - bDontReuseConnections = false  - Libcurl will reuse connections
LogInit:  - CertBundlePath = nullptr  - Libcurl will use whatever was configured at build time.
LogInit:  - MaxHostConnections = 16  - Libcurl will limit the number of connections to a host
LogInit:  - LocalHostAddr = Default
LogInit:  - BufferSize = 65536
LogInit: WinSock: version 1.1 (2.2), MaxSocks=32767, MaxUdp=65467
LogInit: Build: ++UE4+Release-4.20-CL-4233996
LogInit: Engine Version: 4.20.1-4233996+++UE4+Release-4.20
LogInit: Compatible Engine Version: 4.20.0-4212847+++UE4+Release-4.20
LogInit: Net CL: 4212847
LogInit: OS: Windows 10 (), CPU: Intel(R) Core(TM) i7-4790 CPU @ 3.60GHz, GPU: NVIDIA GeForce GTX 780
LogInit: Compiled (64-bit): Jul 26 2018 10:07:30
LogInit: Compiled with Visual C++: 19.13.26129.00
LogInit: Build Configuration: Development
LogInit: Branch Name: ++UE4+Release-4.20
LogInit: Command Line:  
LogInit: Base Directory: C:/Program Files/Epic Games/UE_4.20/Engine/Binaries/Win64/
LogInit: Installed Engine Build: 1
LogDevObjectVersion: Number of dev versions registered: 20
LogDevObjectVersion:   Dev-Blueprints (B0D832E4-1F89-4F0D-ACCF-7EB736FD4AA2): 10
LogDevObjectVersion:   Dev-Build (E1C64328-A22C-4D53-A36C-8E866417BD8C): 0
LogDevObjectVersion:   Dev-Core (375EC13C-06E4-48FB-B500-84F0262A717E): 2
LogDevObjectVersion:   Dev-Editor (E4B068ED-F494-42E9-A231-DA0B2E46BB41): 24
LogDevObjectVersion:   Dev-Framework (CFFC743F-43B0-4480-9391-14DF171D2073): 34
LogDevObjectVersion:   Dev-Mobile (B02B49B5-BB20-44E9-A304-32B752E40360): 2
LogDevObjectVersion:   Dev-Networking (A4E4105C-59A1-49B5-A7C5-40C4547EDFEE): 0
LogDevObjectVersion:   Dev-Online (39C831C9-5AE6-47DC-9A44-9C173E1C8E7C): 0
LogDevObjectVersion:   Dev-Physics (78F01B33-EBEA-4F98-B9B4-84EACCB95AA2): 0
LogDevObjectVersion:   Dev-Platform (6631380F-2D4D-43E0-8009-CF276956A95A): 0
LogDevObjectVersion:   Dev-Rendering (12F88B9F-8875-4AFC-A67C-D90C383ABD29): 26
LogDevObjectVersion:   Dev-Sequencer (7B5AE74C-D270-4C10-A958-57980B212A5A): 9
LogDevObjectVersion:   Dev-VR (D7296918-1DD6-4BDD-9DE2-64A83CC13884): 2
LogDevObjectVersion:   Dev-LoadTimes (C2A15278-BFE7-4AFE-6C17-90FF531DF755): 1
LogDevObjectVersion:   Private-Geometry (6EACA3D4-40EC-4CC1-B786-8BED09428FC5): 3
LogDevObjectVersion:   Dev-AnimPhys (29E575DD-E0A3-4627-9D10-D276232CDCEA): 17
LogDevObjectVersion:   Dev-ReflectionCapture (6B266CEC-1EC7-4B8F-A30B-E4D90942FC07): 1
LogDevObjectVersion:   Dev-Automation (0DF73D61-A23F-47EA-B727-89E90C41499A): 1
LogDevObjectVersion:   FortniteMain (601D1886-AC64-4F84-AA16-D3DE0DEAC7D6): 12
LogDevObjectVersion:   Dev-Enterprise (9DFFBCD6-494F-0158-E221-12823C92A888): 1
LogStreaming: Display: Took  0.001s to delete old logs.
LogInit: Presizing for max 8388607 objects, including 0 objects not considered by GC, pre-allocating 0 bytes for permanent pool.
LogInit: Object subsystem initialized
[2018.10.25-13.51.05:986][  0]LogInit: Selected Device Profile: [Windows]
[2018.10.25-13.51.05:986][  0]LogInit: Applying CVar settings loaded from the selected device profile: [Windows]
[2018.10.25-13.51.06:022][  0]LogHAL: Display: Platform has ~ 16 GB [17080971264 / 17179869184 / 16], which maps to Larger [LargestMinGB=32, LargerMinGB=12, DefaultMinGB=8, SmallerMinGB=6, SmallestMinGB=0)
[2018.10.25-13.51.06:022][  0]LogInit: Setting Device Profile CVar: [[r.Vulkan.UseRealUBs:1]]
[2018.10.25-13.51.06:022][  0]LogInit: Going up to parent DeviceProfile []
[2018.10.25-13.51.06:022][  0]LogInit: Computer: AMTX222-18
[2018.10.25-13.51.06:022][  0]LogInit: User: trj1crt
[2018.10.25-13.51.06:022][  0]LogInit: CPU Page size=4096, Cores=4
[2018.10.25-13.51.06:022][  0]LogInit: High frequency timer resolution =3.507498 MHz
[2018.10.25-13.51.06:022][  0]LogMemory: Memory total: Physical=15.9GB (16GB approx)
[2018.10.25-13.51.06:022][  0]LogMemory: Platform Memory Stats for Windows
[2018.10.25-13.51.06:022][  0]LogMemory: Process Physical Memory: 99.77 MB used, 99.77 MB peak
[2018.10.25-13.51.06:022][  0]LogMemory: Process Virtual Memory: 90.98 MB used, 90.98 MB peak
[2018.10.25-13.51.06:022][  0]LogMemory: Physical Memory: 3320.36 MB used,  12969.32 MB free, 16289.68 MB total
[2018.10.25-13.51.06:022][  0]LogMemory: Virtual Memory: 4641.30 MB used,  12969.32 MB free, 134217728.00 MB total
[2018.10.25-13.51.06:615][  0]LogInit: Using OS detected language (en-GB).
[2018.10.25-13.51.06:615][  0]LogInit: Using OS detected locale (en-GB).
[2018.10.25-13.51.06:658][  0]LogTextLocalizationManager: No specific localization for 'en-GB' exists, so the 'en' localization will be used.
[2018.10.25-13.51.08:209][  0]LogStreaming: Display: Took  1.594s to InitEngineTextLocalization.
[2018.10.25-13.51.08:209][  0]LogInit: Setting process to per monitor DPI aware
[2018.10.25-13.51.08:513][  0]LogSlate: New Slate User Created.  User Index 0, Is Virtual User: 0
[2018.10.25-13.51.08:513][  0]LogSlate: Slate User Registered.  User Index 0, Is Virtual User: 0
[2018.10.25-13.51.10:964][  0]LogHMD: Failed to initialize OpenVR with code 110
[2018.10.25-13.51.10:964][  0]LogD3D11RHI: D3D11 adapters:
[2018.10.25-13.51.11:016][  0]LogD3D11RHI:    0. 'NVIDIA GeForce GTX 780' (Feature Level 11_0)
[2018.10.25-13.51.11:016][  0]LogD3D11RHI:       3029/0/8144 MB DedicatedVideo/DedicatedSystem/SharedSystem, Outputs:2, VendorId:0x10de
[2018.10.25-13.51.11:018][  0]LogD3D11RHI:    1. 'Microsoft Basic Render Driver' (Feature Level 11_0)
[2018.10.25-13.51.11:018][  0]LogD3D11RHI:       0/0/8144 MB DedicatedVideo/DedicatedSystem/SharedSystem, Outputs:0, VendorId:0x1414
[2018.10.25-13.51.11:018][  0]LogD3D11RHI: Chosen D3D11 Adapter: 0
[2018.10.25-13.51.11:022][  0]LogD3D11RHI: Creating new Direct3DDevice
[2018.10.25-13.51.11:022][  0]LogD3D11RHI:     GPU DeviceId: 0x1004 (for the marketing name, search the web for "GPU Device Id")
[2018.10.25-13.51.11:022][  0]LogWindows: EnumDisplayDevices:
[2018.10.25-13.51.11:022][  0]LogWindows:    0. 'NVIDIA GeForce GTX 780' (P:1 D:1)
[2018.10.25-13.51.11:022][  0]LogWindows:    1. 'NVIDIA GeForce GTX 780' (P:0 D:1)
[2018.10.25-13.51.11:022][  0]LogWindows:    2. 'NVIDIA GeForce GTX 780' (P:0 D:0)
[2018.10.25-13.51.11:022][  0]LogWindows:    3. 'NVIDIA GeForce GTX 780' (P:0 D:0)
[2018.10.25-13.51.11:022][  0]LogWindows: DebugString: FoundDriverCount:4 
[2018.10.25-13.51.11:022][  0]LogD3D11RHI:     Adapter Name: NVIDIA GeForce GTX 780
[2018.10.25-13.51.11:022][  0]LogD3D11RHI:   Driver Version: 399.07 (internal:24.21.13.9907, unified:399.07)
[2018.10.25-13.51.11:022][  0]LogD3D11RHI:      Driver Date: 8-21-2018
[2018.10.25-13.51.11:022][  0]LogRHI: Texture pool is 2120 MB (70% of 3029 MB)
[2018.10.25-13.51.11:056][  0]LogD3D11RHI: Async texture creation enabled
[2018.10.25-13.51.11:073][  0]LogD3D11RHI: GPU Timing Frequency: 1000.000000 (Debug: 2 2)
[2018.10.25-13.51.11:074][  0]LogShaderCompilers: Guid format shader working directory is 0 characters bigger than the processId version (../../../../../../Temp/Rhun/SpeedGame/MyProject/Intermediate/Shaders/WorkingDirectory/13552/).
[2018.10.25-13.51.11:075][  0]LogShaderCompilers: Cleaned the shader compiler working directory 'C:/Users/trj1crt/AppData/Local/Temp/UnrealShaderWorkingDir/28E5E9AB468E3F047C247886D066639C/'.
[2018.10.25-13.51.11:653][  0]LogTemp: Display: Loaded TP AllDesktopTargetPlatform
[2018.10.25-13.51.11:664][  0]LogTemp: Display: Loaded TP MacClientTargetPlatform
[2018.10.25-13.51.11:676][  0]LogTemp: Display: Loaded TP MacNoEditorTargetPlatform
[2018.10.25-13.51.11:688][  0]LogTemp: Display: Loaded TP MacServerTargetPlatform
[2018.10.25-13.51.11:700][  0]LogTemp: Display: Loaded TP MacTargetPlatform
[2018.10.25-13.51.11:712][  0]LogTemp: Display: Loaded TP WindowsClientTargetPlatform
[2018.10.25-13.51.11:724][  0]LogTemp: Display: Loaded TP WindowsNoEditorTargetPlatform
[2018.10.25-13.51.11:737][  0]LogTemp: Display: Loaded TP WindowsServerTargetPlatform
[2018.10.25-13.51.11:746][  0]LogTemp: Display: Loaded TP WindowsTargetPlatform
[2018.10.25-13.51.11:850][  0]LogTemp: Display: Loaded TP AndroidTargetPlatform
[2018.10.25-13.51.11:850][  0]LogTemp: Display: Loaded TP AndroidTargetPlatform
[2018.10.25-13.51.11:850][  0]LogTemp: Display: Loaded TP AndroidTargetPlatform
[2018.10.25-13.51.11:850][  0]LogTemp: Display: Loaded TP AndroidTargetPlatform
[2018.10.25-13.51.11:850][  0]LogTemp: Display: Loaded TP AndroidTargetPlatform
[2018.10.25-13.51.11:850][  0]LogTemp: Display: Loaded TP AndroidTargetPlatform
[2018.10.25-13.51.11:850][  0]LogTemp: Display: Loaded TP AndroidTargetPlatform
[2018.10.25-13.51.11:850][  0]LogTemp: Display: Loaded TP AndroidTargetPlatform
[2018.10.25-13.51.11:850][  0]LogTemp: Display: Loaded TP AndroidTargetPlatform
[2018.10.25-13.51.11:850][  0]LogTemp: Display: Loaded TP AndroidTargetPlatform
[2018.10.25-13.51.11:850][  0]LogTemp: Display: Loaded TP AndroidTargetPlatform
[2018.10.25-13.51.11:850][  0]LogTemp: Display: Loaded TP AndroidTargetPlatform
[2018.10.25-13.51.11:850][  0]LogTemp: Display: Loaded TP AndroidTargetPlatform
[2018.10.25-13.51.11:850][  0]LogTemp: Display: Loaded TP AndroidTargetPlatform
[2018.10.25-13.51.11:850][  0]LogTemp: Display: Loaded TP AndroidTargetPlatform
[2018.10.25-13.51.11:850][  0]LogTemp: Display: Loaded TP AndroidTargetPlatform
[2018.10.25-13.51.11:850][  0]LogTemp: Display: Loaded TP AndroidTargetPlatform
[2018.10.25-13.51.11:850][  0]LogTemp: Display: Loaded TP AndroidTargetPlatform
[2018.10.25-13.51.11:872][  0]LogTemp: Display: Loaded TP HTML5TargetPlatform
[2018.10.25-13.51.12:045][  0]LogTemp: Display: Loaded TP IOSTargetPlatform
[2018.10.25-13.51.12:045][  0]LogTemp: Display: Loaded TP IOSTargetPlatform
[2018.10.25-13.51.12:124][  0]LogTemp: Display: Loaded TP TVOSTargetPlatform
[2018.10.25-13.51.12:124][  0]LogTemp: Display: Loaded TP TVOSTargetPlatform
[2018.10.25-13.51.12:153][  0]LogTemp: Display: Loaded TP LinuxClientTargetPlatform
[2018.10.25-13.51.12:174][  0]LogTemp: Display: Loaded TP LinuxNoEditorTargetPlatform
[2018.10.25-13.51.12:205][  0]LogTemp: Display: Loaded TP LinuxServerTargetPlatform
[2018.10.25-13.51.12:241][  0]LogTemp: Display: Loaded TP LinuxTargetPlatform
[2018.10.25-13.51.12:284][  0]LogTemp: Display: Loaded TP LuminTargetPlatform
[2018.10.25-13.51.12:284][  0]LogTargetPlatformManager: Display: Building Assets For Windows
[2018.10.25-13.51.13:132][  0]LogXGEController: Cleaning working directory: C:/Users/trj1crt/AppData/Local/Temp/UnrealXGEWorkingDir/
[2018.10.25-13.51.13:133][  0]LogXGEController: Cannot use XGE Controller as Incredibuild is not installed on this machine.
[2018.10.25-13.51.13:133][  0]LogShaderCompilers: Cannot use XGE Shader Compiler as Incredibuild is not installed on this machine.
[2018.10.25-13.51.13:133][  0]LogShaderCompilers: Display: Using Local Shader Compiler.
[2018.10.25-13.51.15:352][  0]LogDerivedDataCache: Display: Max Cache Size: 512 MB
[2018.10.25-13.51.15:352][  0]LogDerivedDataCache: Display: Starting with empty Boot cache
[2018.10.25-13.51.15:353][  0]LogDerivedDataCache: FDerivedDataBackendGraph:  Pak pak cache file ../../../../../../Temp/Rhun/SpeedGame/MyProject/DerivedDataCache/DDC.ddp not found, will not use a pak cache.
[2018.10.25-13.51.15:353][  0]LogDerivedDataCache: Unable to find inner node Pak for hierarchical cache Hierarchy.
[2018.10.25-13.51.15:353][  0]LogDerivedDataCache: FDerivedDataBackendGraph:  CompressedPak pak cache file ../../../../../../Temp/Rhun/SpeedGame/MyProject/DerivedDataCache/Compressed.ddp not found, will not use a pak cache.
[2018.10.25-13.51.15:353][  0]LogDerivedDataCache: Unable to find inner node CompressedPak for hierarchical cache Hierarchy.
[2018.10.25-13.51.15:538][  0]LogDerivedDataCache: Display: Pak cache opened for reading ../../../Engine/DerivedDataCache/Compressed.ddp.
[2018.10.25-13.51.15:550][  0]LogDerivedDataCache: Using Local data cache path C:/Users/trj1crt/AppData/Local/UnrealEngine/Common/DerivedDataCache: Writable
[2018.10.25-13.51.15:550][  0]LogDerivedDataCache: Shared data cache path not found in *engine.ini, will not use an Shared cache.
[2018.10.25-13.51.15:550][  0]LogDerivedDataCache: Unable to find inner node Shared for hierarchical cache Hierarchy.
[2018.10.25-13.51.15:671][  0]LogMaterial: Verifying Global Shaders for PCD3D_SM5
[2018.10.25-13.51.15:672][  0]LogSlate: Using FreeType 2.6.0
[2018.10.25-13.51.15:708][  0]LogSlate: SlateFontServices - WITH_FREETYPE: 1, WITH_HARFBUZZ: 1
[2018.10.25-13.51.16:755][  0]LogAssetRegistry: FAssetRegistry took 0.0324 seconds to start up
[2018.10.25-13.51.17:058][  0]LogInit: Selected Device Profile: [Windows]
[2018.10.25-13.51.18:245][  0]LogDerivedDataCache: FFileSystemDerivedDataBackend: Move collision, attempt at redundant update, OK C:/Users/trj1crt/AppData/Local/UnrealEngine/Common/DerivedDataCache/5/9/7/MESHDATAKEY_STATICMESH_42190ADE250046AC958045C7DA930FECA3E9E442F5784050BCAF878E4E80EE44_1A40E092359D57B233066A515C9F6915.udd.
[2018.10.25-13.51.18:245][  0]LogSimplygon: Simplygon DLL not present - disabling.
[2018.10.25-13.51.18:417][  0]LogMeshReduction: Using SimplygonSwarm for distributed automatic mesh merging
[2018.10.25-13.51.18:417][  0]LogMeshReduction: Using ProxyLODMeshReduction for automatic mesh merging
[2018.10.25-13.51.18:417][  0]LogMeshReduction: Using QuadricMeshReduction for automatic static mesh reduction
[2018.10.25-13.51.18:417][  0]LogMeshReduction: No automatic skeletal mesh reduction module available
[2018.10.25-13.51.18:694][  0]LogNetVersion: MyProject 1.0.0, NetCL: 4212847, EngineNetVer: 5, GameNetVer: 0 (Checksum: 1110078900)
[2018.10.25-13.51.22:446][  0]LogDerivedDataCache: FFileSystemDerivedDataBackend: Move collision, attempt at redundant update, OK C:/Users/trj1crt/AppData/Local/UnrealEngine/Common/DerivedDataCache/6/4/5/MESHDATAKEY_STATICMESH_42190ADE250046AC958045C7DA930FECA3E9E442F5784050BCAF878E4E80EE44_A7C2287F1398D2B4DF725006BFDD5FB9.udd.
[2018.10.25-13.51.22:446][  0]LogDerivedDataCache: FFileSystemDerivedDataBackend: Move collision, attempt at redundant update, OK C:/Users/trj1crt/AppData/Local/UnrealEngine/Common/DerivedDataCache/9/9/5/MESHDATAKEY_STATICMESH_42190ADE250046AC958045C7DA930FECA3E9E442F5784050BCAF878E4E80EE44_4C07790014A536DA23CF7E40B23B58EA.udd.
[2018.10.25-13.51.22:446][  0]LogDerivedDataCache: FFileSystemDerivedDataBackend: Move collision, attempt at redundant update, OK C:/Users/trj1crt/AppData/Local/UnrealEngine/Common/DerivedDataCache/4/5/2/MESHDATAKEY_STATICMESH_42190ADE250046AC958045C7DA930FECA3E9E442F5784050BCAF878E4E80EE44_353103AD67DEC9491804D317650AE223.udd.
[2018.10.25-13.51.22:446][  0]LogDerivedDataCache: FFileSystemDerivedDataBackend: Move collision, attempt at redundant update, OK C:/Users/trj1crt/AppData/Local/UnrealEngine/Common/DerivedDataCache/6/8/9/MESHDATAKEY_STATICMESH_42190ADE250046AC958045C7DA930FECA3E9E442F5784050BCAF878E4E80EE44_8E83C5FF1A10FB13A03C876E0F730EB8.udd.
[2018.10.25-13.51.22:446][  0]LogDerivedDataCache: FFileSystemDerivedDataBackend: Move collision, attempt at redundant update, OK C:/Users/trj1crt/AppData/Local/UnrealEngine/Common/DerivedDataCache/7/9/1/MESHDATAKEY_STATICMESH_42190ADE250046AC958045C7DA930FECA3E9E442F5784050BCAF878E4E80EE44_5452E92B70A1729B9C84F5FF8B1F48A0.udd.
[2018.10.25-13.51.22:446][  0]LogDerivedDataCache: FFileSystemDerivedDataBackend: Move collision, attempt at redundant update, OK C:/Users/trj1crt/AppData/Local/UnrealEngine/Common/DerivedDataCache/2/6/2/MESHDATAKEY_STATICMESH_42190ADE250046AC958045C7DA930FECA3E9E442F5784050BCAF878E4E80EE44_05EC24BA2761B7A162C0723B7A6CA599.udd.
[2018.10.25-13.51.22:446][  0]LogDerivedDataCache: FFileSystemDerivedDataBackend: Move collision, attempt at redundant update, OK C:/Users/trj1crt/AppData/Local/UnrealEngine/Common/DerivedDataCache/5/7/6/MESHDATAKEY_STATICMESH_42190ADE250046AC958045C7DA930FECA3E9E442F5784050BCAF878E4E80EE44_FD380ED1C6605424B9C14734B37BDE15.udd.
[2018.10.25-13.51.22:446][  0]LogAssetRegistry: Error: Failed to open file for write ../../../../../../Temp/Rhun/SpeedGame/MyProject/Intermediate/AssetRegistryCache/e8c2d44a.bin
[2018.10.25-13.51.22:672][  0]LogPackageLocalizationCache: Processed 11 localized package path(s) for 2 prioritized culture(s) in 0.228199 seconds
[2018.10.25-13.51.22:678][  0]LogUObjectArray: 38447 objects as part of root set at end of initial load.
[2018.10.25-13.51.22:678][  0]LogUObjectAllocator: 6692632 out of 0 bytes used by permanent object pool.
[2018.10.25-13.51.22:678][  0]LogUObjectArray: CloseDisregardForGC: 0/0 objects in disregard for GC pool
[2018.10.25-13.51.33:795][  0]LogTcpMessaging: Initializing TcpMessaging bridge
[2018.10.25-13.51.33:844][  0]LogUdpMessaging: Initializing bridge on interface 0.0.0.0:0 to multicast group 230.0.0.1:6666.
[2018.10.25-13.51.34:403][  0]LogDerivedDataCache: FFileSystemDerivedDataBackend: Move collision, attempt at redundant update, OK C:/Users/trj1crt/AppData/Local/UnrealEngine/Common/DerivedDataCache/3/9/9/MESHDATAKEY_STATICMESH_42190ADE250046AC958045C7DA930FECA3E9E442F5784050BCAF878E4E80EE44_2017F5AF0AE022F954090BE2CDAB4E8F.udd.
[2018.10.25-13.51.35:540][  0]LogDerivedDataCache: FFileSystemDerivedDataBackend: Move collision, attempt at redundant update, OK C:/Users/trj1crt/AppData/Local/UnrealEngine/Common/DerivedDataCache/7/5/7/MESHDATAKEY_STATICMESH_42190ADE250046AC958045C7DA930FECA3E9E442F5784050BCAF878E4E80EE44_EA7A53A7EE3C6D2FA6F50C615CBE7977.udd.
[2018.10.25-13.51.35:601][  0]SourceControl: Source control is disabled
[2018.10.25-13.51.35:601][  0]SourceControl: Source control is disabled
[2018.10.25-13.51.35:643][  0]SourceControl: Source control is disabled
[2018.10.25-13.51.35:676][  0]SourceControl: Source control is disabled
[2018.10.25-13.51.37:560][  0]LogConfig: Warning: Failed to saved backup for config[UnitTest]
[2018.10.25-13.51.37:617][  0]LogAndroidPermission: UAndroidPermissionCallbackProxy::GetInstance
[2018.10.25-13.51.37:795][  0]LogOcInput: OculusInput pre-init called
[2018.10.25-13.51.38:254][  0]LogEngine: Initializing Engine...
[2018.10.25-13.51.38:255][  0]LogHMD: Failed to initialize OpenVR with code 110
[2018.10.25-13.51.38:256][  0]LogStats: UGameplayTagsManager::ConstructGameplayTagTree: ImportINI prefixes -  0.000 s
[2018.10.25-13.51.38:256][  0]LogStats: UGameplayTagsManager::ConstructGameplayTagTree: Construct from data asset -  0.000 s
[2018.10.25-13.51.38:256][  0]LogStats: UGameplayTagsManager::ConstructGameplayTagTree: ImportINI -  0.000 s
[2018.10.25-13.51.38:256][  0]LogStats: UGameplayTagsManager::ConstructGameplayTagTree: GameplayTagTreeChangedEvent.Broadcast -  0.000 s
[2018.10.25-13.51.40:010][  0]LogInit: Initializing FReadOnlyCVARCache
[2018.10.25-13.51.40:064][  0]LogAIModule: Creating AISystem for world Untitled
[2018.10.25-13.51.40:075][  0]LogInit: XAudio2 using 'Speakers (High Definition Audio Device)' : 2 channels at 48 kHz using 16 bits per sample (channel mask 0x3)
[2018.10.25-13.51.40:221][  0]LogInit: FAudioDevice initialized.
[2018.10.25-13.51.40:222][  0]LogNetVersion: Set ProjectVersion to 1.0.0.0. Version Checksum will be recalculated on next use.
[2018.10.25-13.51.40:528][  0]LogDerivedDataCache: Saved boot cache 0.31s 88MB C:/Users/trj1crt/AppData/Local/UnrealEngine/4.20/DerivedDataCache/Boot.ddc.
[2018.10.25-13.51.40:563][  0]LogInit: Texture streaming: Enabled
[2018.10.25-13.51.40:701][  0]LogEngineSessionManager: EngineSessionManager initialized
[2018.10.25-13.51.40:839][  0]LogInit: Transaction tracking system initialized
[2018.10.25-13.51.41:286][  0]BlueprintLog: New page: Editor Load
[2018.10.25-13.51.43:740][  0]LocalizationService: Localization service is disabled
[2018.10.25-13.51.47:227][  0]LogCook: Display: Max memory allowance for cook 16384mb min free memory 0mb
[2018.10.25-13.51.47:227][  0]LogCook: Display: Mobile HDR setting 1
[2018.10.25-13.51.47:227][  0]LogGameplayTags: Display: UGameplayTagsManager::DoneAddingNativeTags. DelegateIsBound: 0
[2018.10.25-13.51.47:227][  0]LogStats: UGameplayTagsManager::ConstructGameplayTagTree: ImportINI prefixes -  0.000 s
[2018.10.25-13.51.47:227][  0]LogStats: UGameplayTagsManager::ConstructGameplayTagTree: Construct from data asset -  0.000 s
[2018.10.25-13.51.47:227][  0]LogStats: UGameplayTagsManager::ConstructGameplayTagTree: ImportINI -  0.000 s
[2018.10.25-13.51.47:227][  0]LogStats: UGameplayTagsManager::ConstructGameplayTagTree: GameplayTagTreeChangedEvent.Broadcast -  0.000 s
[2018.10.25-13.51.47:680][  0]LogFileCache: Scanning file cache for directory 'C:/Temp/Rhun/SpeedGame/MyProject/Content/' took 0.02s
[2018.10.25-13.51.48:891][  0]LogDerivedDataCache: FFileSystemDerivedDataBackend: Move collision, attempt at redundant update, OK C:/Users/trj1crt/AppData/Local/UnrealEngine/Common/DerivedDataCache/8/2/3/MESHDATAKEY_STATICMESH_42190ADE250046AC958045C7DA930FECA3E9E442F5784050BCAF878E4E80EE44_ABAB1A9D8145E7F7A9655A1CE42242F4.udd.
[2018.10.25-13.51.48:891][  0]LogDerivedDataCache: FFileSystemDerivedDataBackend: Move collision, attempt at redundant update, OK C:/Users/trj1crt/AppData/Local/UnrealEngine/Common/DerivedDataCache/0/3/4/MESHDATAKEY_STATICMESH_42190ADE250046AC958045C7DA930FECA3E9E442F5784050BCAF878E4E80EE44_F46ED1FE0BB636E1E1EC3A17DC4099FE.udd.
[2018.10.25-13.51.51:113][  0]LogDerivedDataCache: FFileSystemDerivedDataBackend: Move collision, attempt at redundant update, OK C:/Users/trj1crt/AppData/Local/UnrealEngine/Common/DerivedDataCache/4/1/2/MESHDATAKEY_STATICMESH_42190ADE250046AC958045C7DA930FECA3E9E442F5784050BCAF878E4E80EE44_2E91A85898AF5E229CA7ABE6BAD5BCAF.udd.
[2018.10.25-13.51.51:289][  0]SourceControl: Source control is disabled
[2018.10.25-13.51.51:289][  0]Cmd: MAP LOAD FILE="../../../../../../Temp/Rhun/SpeedGame/MyProject/Content/VehicleCPP/Maps/VehicleExampleMap.umap" TEMPLATE=0 SHOWPROGRESS=1 FEATURELEVEL=3
[2018.10.25-13.51.51:289][  0]LightingResults: New page: Lighting Build
[2018.10.25-13.51.51:292][  0]MapCheck: New page: Map Check
[2018.10.25-13.51.51:292][  0]LightingResults: New page: Lighting Build
[2018.10.25-13.51.52:675][  0]LogTexture: Display: Building textures: HQ_Lightmap0_3 (AutoDXT, 512X512)
[2018.10.25-13.51.52:675][  0]LogDerivedDataCache: FFileSystemDerivedDataBackend: Move collision, attempt at redundant update, OK C:/Users/trj1crt/AppData/Local/UnrealEngine/Common/DerivedDataCache/7/2/6/MESHDATAKEY_STATICMESH_42190ADE250046AC958045C7DA930FECA3E9E442F5784050BCAF878E4E80EE44_6AE65624DF0A8FF52624C1260BAFE3FB.udd.
[2018.10.25-13.51.52:675][  0]LogMaterial: Display: Missing cached shader map for material NewTextureRenderTarget2D_Mat, compiling. 
[2018.10.25-13.51.53:003][  0]LogTexture: Display: Building textures: HQ_Lightmap0_6 (AutoDXT, 64X64)
[2018.10.25-13.51.53:003][  0]LogShaderCompilers: Display: Shaders left to compile 22
[2018.10.25-13.51.53:003][  0]LogShaderCompilers: Display: Shaders left to compile 12
[2018.10.25-13.51.53:003][  0]LogShaderCompilers: Display: Shaders left to compile 2
[2018.10.25-13.51.53:003][  0]LogDerivedDataCache: FFileSystemDerivedDataBackend: Move collision, attempt at redundant update, OK C:/Users/trj1crt/AppData/Local/UnrealEngine/Common/DerivedDataCache/8/2/5/TEXTURE_68A083899C6F4316B8CE0E2958EDE2C2_AUTODXT_BD167AD84553B06BD0D771BDDD5E7__50D0BF80B2EBDA055A9BDD180D65AB43E9750844.udd.
[2018.10.25-13.51.53:003][  0]LogTexture: Display: Building textures: HQ_Lightmap0_4 (AutoDXT, 512X512)
[2018.10.25-13.51.53:003][  0]LogTexture: Display: Building textures: HQ_Lightmap0_5 (AutoDXT, 512X512)
[2018.10.25-13.51.56:388][  0]LogTexture: Display: Building textures: LQ_Lightmap_0_3 (DXT1, 512X512)
[2018.10.25-13.51.56:388][  0]LogTexture: Display: Building textures: HQ_Lightmap0_2 (AutoDXT, 2048X2048)
[2018.10.25-13.51.56:388][  0]LogTexture: Display: Building textures: LQ_Lightmap_0_4 (DXT1, 512X512)
[2018.10.25-13.51.56:388][  0]LogTexture: Display: Building textures: LQ_Lightmap_0_1 (DXT1, 2048X2048)
[2018.10.25-13.51.56:388][  0]LogTexture: Display: Building textures: HQ_Lightmap0_1 (AutoDXT, 2048X2048)
[2018.10.25-13.51.56:388][  0]LogTexture: Display: Building textures: LQ_Lightmap_0_5 (DXT1, 512X512)
[2018.10.25-13.51.56:388][  0]LogTexture: Display: Building textures: LQ_Lightmap_0_2 (DXT1, 2048X2048)
[2018.10.25-13.51.56:388][  0]LogTexture: Display: Building textures: LQ_Lightmap_0_6 (DXT1, 64X64)
[2018.10.25-13.51.56:388][  0]LogTexture: Display: Building textures: SkyOcclusion0_1 (AutoDXT, 2048X1024)
[2018.10.25-13.51.56:388][  0]LogTexture: Display: Building textures: SkyOcclusion0_2 (AutoDXT, 2048X1024)
[2018.10.25-13.51.56:388][  0]LogTexture: Display: Building textures: SkyOcclusion0_3 (AutoDXT, 512X256)
[2018.10.25-13.51.56:388][  0]LogTexture: Display: Building textures: SkyOcclusion0_4 (AutoDXT, 512X256)
[2018.10.25-13.51.56:388][  0]LogTexture: Display: Building textures: SkyOcclusion0_5 (AutoDXT, 512X256)
[2018.10.25-13.51.56:388][  0]LogTexture: Display: Building textures: SkyOcclusion0_6 (AutoDXT, 64X32)
[2018.10.25-13.51.56:388][  0]LogTexture: Display: Building textures: ShadowMapTexture2D_0 (G8, 2048X1024)
[2018.10.25-13.51.56:388][  0]LogTexture: Display: Building textures: ShadowMapTexture2D_1 (G8, 2048X1024)
[2018.10.25-13.51.56:389][  0]LogTexture: Display: Building textures: ShadowMapTexture2D_2 (G8, 1024X512)
[2018.10.25-13.51.56:389][  0]LogTexture: Display: Building textures: ShadowMapTexture2D_3 (G8, 1024X512)
[2018.10.25-13.51.56:389][  0]LogTexture: Display: Building textures: ShadowMapTexture2D_4 (G8, 256X128)
[2018.10.25-13.51.56:389][  0]LogTexture: Display: Building textures: ShadowMapTexture2D_5 (G8, 64X32)
[2018.10.25-13.51.56:502][  0]LogAIModule: Creating AISystem for world VehicleExampleMap
[2018.10.25-13.51.56:517][  0]LogEditorServer: Finished looking for orphan Actors (0.000 secs)
[2018.10.25-13.51.56:579][  0]Cmd: MAP CHECKDEP NOCLEARLOG
[2018.10.25-13.51.56:680][  0]MapCheck: Map check complete: 0 Error(s), 0 Warning(s), took 100.842ms to complete.
[2018.10.25-13.51.56:680][  0]LogFileHelpers: Loading map 'VehicleExampleMap' took 5.391
[2018.10.25-13.51.57:426][  0]LogDerivedDataCache: FFileSystemDerivedDataBackend: Move collision, attempt at redundant update, OK C:/Users/trj1crt/AppData/Local/UnrealEngine/Common/DerivedDataCache/3/6/5/TEXTURE_68A083899C6F4316B8CE0E2958EDE2C2_AUTODXT_84DDD3EE474AB8414746129B6B84B__ABC5C5C862BD99507D77C4FD5D8DDB3875EF7C8C.udd.
[2018.10.25-13.51.57:426][  0]LogDerivedDataCache: FFileSystemDerivedDataBackend: Move collision, attempt at redundant update, OK C:/Users/trj1crt/AppData/Local/UnrealEngine/Common/DerivedDataCache/9/6/9/TEXTURE_68A083899C6F4316B8CE0E2958EDE2C2_G8_69F34D7342029A698AF128BE3FD6A8FC_0__0F915C3BE6104DE24ECD6C18D7962540B0B91F17.udd.
[2018.10.25-13.51.57:426][  0]LogSlate: Updating window title bar state: overlay mode, drag disabled, window buttons hidden, title bar hidden
[2018.10.25-13.51.57:436][  0]LogSlate: Updating window title bar state: overlay mode, drag disabled, window buttons hidden, title bar hidden
[2018.10.25-13.51.57:448][  0]LogSlate: Updating window title bar state: overlay mode, drag disabled, window buttons hidden, title bar hidden
[2018.10.25-13.51.57:459][  0]LogSlate: Updating window title bar state: overlay mode, drag disabled, window buttons hidden, title bar hidden
[2018.10.25-13.51.57:568][  0]LogCollectionManager: Loaded 0 collections in 0.003137 seconds
[2018.10.25-13.51.57:633][  0]LogDerivedDataCache: FFileSystemDerivedDataBackend: Move collision, attempt at redundant update, OK C:/Users/trj1crt/AppData/Local/UnrealEngine/Common/DerivedDataCache/7/0/0/TEXTURE_68A083899C6F4316B8CE0E2958EDE2C2_G8_694A7E6D41C9A7FFBE09F49C2AA2A9B2_0__10AF3F88305F362A8F04B1B5A6FF5BCFE8B2A66A.udd.
[2018.10.25-13.51.57:633][  0]LogFileCache: Scanning file cache for directory 'C:/Temp/Rhun/SpeedGame/MyProject/Saved/Collections/' took 0.03s
[2018.10.25-13.51.57:633][  0]LogFileCache: Scanning file cache for directory 'C:/Temp/Rhun/SpeedGame/MyProject/Content/Developers/trj1crt/Collections/' took 0.01s
[2018.10.25-13.51.57:633][  0]LogFileCache: Scanning file cache for directory 'C:/Temp/Rhun/SpeedGame/MyProject/Content/Collections/' took 0.01s
[2018.10.25-13.51.57:634][  0]LogCollectionManager: Rebuilt the GUID cache for 0 collections in 0.000000 seconds
[2018.10.25-13.51.57:671][  0]LogContentBrowser: Native class hierarchy populated in 0.0376 seconds. Added 2579 classes and 608 folders.
[2018.10.25-13.51.57:681][  0]LogContentBrowser: Native class hierarchy updated for 'WidgetCarousel' in 0.0005 seconds. Added 0 classes and 0 folders.
[2018.10.25-13.52.04:520][  0]LogDerivedDataCache: FFileSystemDerivedDataBackend: Move collision, attempt at redundant update, OK C:/Users/trj1crt/AppData/Local/UnrealEngine/Common/DerivedDataCache/4/5/7/TEXTURE_68A083899C6F4316B8CE0E2958EDE2C2_DXT1_91F9EEC541D6C2AC4403ECA9D6E0F599__0B703865DB89985B8E7FBC7DB63E0941FA4C52C6.udd.
[2018.10.25-13.52.04:520][  0]LogContentBrowser: Native class hierarchy updated for 'AddContentDialog' in 0.0003 seconds. Added 0 classes and 0 folders.
[2018.10.25-13.52.04:569][  0]LogContentBrowser: Native class hierarchy updated for 'SceneOutliner' in 0.0005 seconds. Added 1 classes and 2 folders.
[2018.10.25-13.52.04:633][  0]LogSlate: Took 0.045002 seconds to synchronously load lazily loaded font '../../../Engine/Content/Slate/Fonts/Roboto-Regular.ttf' (155K)
[2018.10.25-13.52.04:669][  0]LogSlate: Took 0.034261 seconds to synchronously load lazily loaded font '../../../Engine/Content/Slate/Fonts/Roboto-Bold.ttf' (160K)
[2018.10.25-13.52.04:699][  0]LogSlate: Took 0.025107 seconds to synchronously load lazily loaded font '../../../Engine/Content/Editor/Slate/Fonts/FontAwesome.ttf' (139K)
[2018.10.25-13.52.05:344][  0]LogRenderer: Reallocating scene render targets to support 256x256 Format 10 NumSamples 1 (Frame:1).
[2018.10.25-13.52.05:368][  0]LogRenderer: Reallocating scene render targets to support 1208x576 Format 10 NumSamples 1 (Frame:1).
[2018.10.25-13.52.05:528][  0]LogSlate: Took 0.119162 seconds to synchronously load lazily loaded font '../../../Engine/Content/Slate/Fonts/Roboto-Light.ttf' (167K)
[2018.10.25-13.52.06:400][  0]LogSlate: FSceneViewport::OnFocusLost() reason 2
[2018.10.25-13.52.06:418][  0]LogSlate: Window 'Tutorials' being destroyed
[2018.10.25-13.52.06:450][  0]LogContentBrowser: Native class hierarchy updated for 'HierarchicalLODOutliner' in 0.0005 seconds. Added 0 classes and 0 folders.
[2018.10.25-13.52.06:450][  0]LogLoad: (Engine Initialization) Total time: 88.79 seconds
[2018.10.25-13.52.06:450][  0]LogLoad: (Engine Initialization) Total Blueprint compile time: 0.00 seconds
[2018.10.25-13.52.06:467][  0]LogRawInputWindows: Warning: Found device 0 devices
[2018.10.25-13.52.06:467][  0]LogRawInputWindows: Warning: Found device 0 devices
[2018.10.25-13.52.06:467][  0]LogRawInputWindows: Warning: Device was registered succesfully but not connected (Usage:4 UsagePage:1)
[2018.10.25-13.52.06:467][  0]LogRawInputWindows: Warning: Found device 1 devices
[2018.10.25-13.52.06:467][  0]LogRawInputWindows: Warning: Device was registered succesfully but not connected (Usage:5 UsagePage:1)
[2018.10.25-13.52.06:497][  0]LogContentStreaming: Texture pool size now 3000 MB
[2018.10.25-13.52.07:174][  3]LogAssetRegistry: Asset discovery search completed in 50.4434 seconds
[2018.10.25-13.52.07:178][  3]LogCollectionManager: Rebuilt the object cache for 0 collections in 0.000000 seconds (found 0 objects)
[2018.10.25-13.52.07:178][  3]LogCollectionManager: Fixed up redirectors for 0 collections in 0.000077 seconds (updated 0 objects)
[2018.10.25-14.01.10:363][748]LogHotReload: New module detected: UE4Editor-MyProject-6375.dll
[2018.10.25-14.01.14:386][761]LogHotReload: Starting Hot-Reload from IDE
[2018.10.25-14.01.14:390][761]LogSlate: Took 0.000196 seconds to synchronously load lazily loaded font '../../../Engine/Content/Slate/Fonts/Roboto-Light.ttf' (167K)
[2018.10.25-14.01.14:431][761]LogClass: Could not find existing class Bombponent in package /Script/MyProject for HotReload, assuming new class
[2018.10.25-14.01.14:440][761]LogContentBrowser: Native class hierarchy updated for 'MyProject' in 0.0004 seconds. Added 6 classes and 2 folders.
[2018.10.25-14.01.14:442][761]Display: HotReload successful (0 functions remapped  0 scriptstructs remapped)
[2018.10.25-14.01.14:564][761]LogContentBrowser: Native class hierarchy populated in 0.0109 seconds. Added 2581 classes and 610 folders.
[2018.10.25-14.01.14:572][761]Display: HotReload took  0.2s.
[2018.10.25-15.41.29:902][768]LogSlate: FSceneViewport::OnFocusLost() reason 0
[2018.10.25-15.41.30:114][782]LogSlate: Window 'MyProject - Unreal Editor' being destroyed
[2018.10.25-15.41.30:294][783]Cmd: QUIT_EDITOR
[2018.10.25-15.41.30:312][783]LogWindowsTextInputMethodSystem: Display: IME system now deactivated.
[2018.10.25-15.41.30:323][783]LogExit: Preparing to exit.
[2018.10.25-15.41.31:112][783]LogExit: Editor shut down
[2018.10.25-15.41.31:113][783]LogExit: Transaction tracking system shut down
[2018.10.25-15.41.31:319][783]LogExit: Object subsystem successfully closed.
[2018.10.25-15.41.31:338][783]LogShaderCompilers: Display: Shaders left to compile 0
[2018.10.25-15.41.31:342][783]LogD3D11RHI: Shutdown
[2018.10.25-15.41.31:342][783]LogD3D11RHI: CleanupD3DDevice
[2018.10.25-15.41.31:344][783]LogD3D11RHI: ~FD3D11DynamicRHI
[2018.10.25-15.41.31:362][783]LogModuleManager: Shutting down and abandoning module MyProject (615)
[2018.10.25-15.41.31:362][783]LogModuleManager: Shutting down and abandoning module HierarchicalLODOutliner (614)
[2018.10.25-15.41.31:362][783]LogModuleManager: Shutting down and abandoning module SceneOutliner (612)
[2018.10.25-15.41.31:362][783]LogModuleManager: Shutting down and abandoning module AddContentDialog (610)
[2018.10.25-15.41.31:363][783]LogModuleManager: Shutting down and abandoning module WidgetCarousel (609)
[2018.10.25-15.41.31:363][783]LogModuleManager: Shutting down and abandoning module EditorWidgets (606)
[2018.10.25-15.41.31:363][783]LogModuleManager: Shutting down and abandoning module CollectionManager (604)
[2018.10.25-15.41.31:363][783]LogModuleManager: Shutting down and abandoning module StatsViewer (602)
[2018.10.25-15.41.31:364][783]LogModuleManager: Shutting down and abandoning module FoliageEdit (600)
[2018.10.25-15.41.31:364][783]LogModuleManager: Shutting down and abandoning module LandscapeEditor (598)
[2018.10.25-15.41.31:364][783]LogModuleManager: Shutting down and abandoning module MeshPaintMode (596)
[2018.10.25-15.41.31:364][783]LogModuleManager: Shutting down and abandoning module SceneDepthPickerMode (594)
[2018.10.25-15.41.31:364][783]LogModuleManager: Shutting down and abandoning module ActorPickerMode (592)
[2018.10.25-15.41.31:364][783]LogModuleManager: Shutting down and abandoning module GeometryMode (590)
[2018.10.25-15.41.31:364][783]LogModuleManager: Shutting down and abandoning module TextureAlignMode (588)
[2018.10.25-15.41.31:364][783]LogModuleManager: Shutting down and abandoning module BspMode (586)
[2018.10.25-15.41.31:364][783]LogModuleManager: Shutting down and abandoning module PIEPreviewDeviceProfileSelector (584)
[2018.10.25-15.41.31:364][783]LogModuleManager: Shutting down and abandoning module SequenceRecorderSections (582)
[2018.10.25-15.41.31:364][783]LogModuleManager: Shutting down and abandoning module AutomationWorker (580)
[2018.10.25-15.41.31:364][783]LogModuleManager: Shutting down and abandoning module AudioCaptureEditor (578)
[2018.10.25-15.41.31:364][783]LogModuleManager: Shutting down and abandoning module SequenceRecorder (577)
[2018.10.25-15.41.31:364][783]LogModuleManager: Shutting down and abandoning module MatineeToLevelSequence (574)
[2018.10.25-15.41.31:364][783]LogModuleManager: Shutting down and abandoning module LevelSequenceEditor (572)
[2018.10.25-15.41.31:364][783]LogModuleManager: Shutting down and abandoning module PlacementMode (571)
[2018.10.25-15.41.31:364][783]LogModuleManager: Shutting down and abandoning module MaterialEditor (570)
[2018.10.25-15.41.31:364][783]LogModuleManager: Shutting down and abandoning module WmfMediaFactory (566)
[2018.10.25-15.41.31:364][783]LogModuleManager: Shutting down and abandoning module WmfMediaEditor (564)
[2018.10.25-15.41.31:364][783]LogModuleManager: Shutting down and abandoning module MediaPlayerEditor (562)
[2018.10.25-15.41.31:364][783]LogModuleManager: Shutting down and abandoning module OpenExrWrapper (560)
[2018.10.25-15.41.31:364][783]LogModuleManager: Shutting down and abandoning module ImgMediaFactory (558)
[2018.10.25-15.41.31:364][783]LogModuleManager: Shutting down and abandoning module ImgMediaEditor (556)
[2018.10.25-15.41.31:364][783]LogModuleManager: Shutting down and abandoning module AvfMediaFactory (554)
[2018.10.25-15.41.31:364][783]LogModuleManager: Shutting down and abandoning module AvfMediaEditor (552)
[2018.10.25-15.41.31:364][783]LogModuleManager: Shutting down and abandoning module AndroidMediaFactory (550)
[2018.10.25-15.41.31:364][783]LogModuleManager: Shutting down and abandoning module AndroidMediaEditor (548)
[2018.10.25-15.41.31:364][783]LogModuleManager: Shutting down and abandoning module MagicLeapCameraPreviewFactory (546)
[2018.10.25-15.41.31:364][783]LogModuleManager: Shutting down and abandoning module MagicLeapMediaFactory (544)
[2018.10.25-15.41.31:364][783]LogModuleManager: Shutting down and abandoning module MagicLeapMediaEditor (542)
[2018.10.25-15.41.31:364][783]LogModuleManager: Shutting down and abandoning module CharacterAI (540)
[2018.10.25-15.41.31:364][783]LogModuleManager: Shutting down and abandoning module SmartSnapping (538)
[2018.10.25-15.41.31:364][783]LogModuleManager: Shutting down and abandoning module SessionServices (536)
[2018.10.25-15.41.31:364][783]LogModuleManager: Shutting down and abandoning module ViewportSnapping (534)
[2018.10.25-15.41.31:364][783]LogModuleManager: Shutting down and abandoning module ViewportInteraction (532)
[2018.10.25-15.41.31:364][783]LogModuleManager: Shutting down and abandoning module ClothPainter (530)
[2018.10.25-15.41.31:364][783]LogModuleManager: Shutting down and abandoning module SkeletalMeshEditor (529)
[2018.10.25-15.41.31:364][783]LogModuleManager: Shutting down and abandoning module LogVisualizer (526)
[2018.10.25-15.41.31:364][783]LogModuleManager: Shutting down and abandoning module IntroTutorials (524)
[2018.10.25-15.41.31:365][783]LogModuleManager: Shutting down and abandoning module GameProjectGeneration (523)
[2018.10.25-15.41.31:365][783]LogModuleManager: Shutting down and abandoning module LuminPlatformEditor (520)
[2018.10.25-15.41.31:365][783]LogModuleManager: Shutting down and abandoning module IOSPlatformEditor (518)
[2018.10.25-15.41.31:365][783]LogModuleManager: Shutting down and abandoning module HTML5PlatformEditor (516)
[2018.10.25-15.41.31:365][783]LogModuleManager: Shutting down and abandoning module AndroidPlatformEditor (514)
[2018.10.25-15.41.31:365][783]LogModuleManager: Shutting down and abandoning module AndroidDeviceDetection (513)
[2018.10.25-15.41.32:225][783]LogModuleManager: Shutting down and abandoning module WindowsPlatformEditor (510)
[2018.10.25-15.41.32:225][783]LogModuleManager: Shutting down and abandoning module LuminRuntimeSettings (508)
[2018.10.25-15.41.32:225][783]LogModuleManager: Shutting down and abandoning module IOSRuntimeSettings (506)
[2018.10.25-15.41.32:225][783]LogModuleManager: Shutting down and abandoning module AndroidRuntimeSettings (504)
[2018.10.25-15.41.32:225][783]LogModuleManager: Shutting down and abandoning module InputBindingEditor (502)
[2018.10.25-15.41.32:225][783]LogModuleManager: Shutting down and abandoning module MergeActors (500)
[2018.10.25-15.41.32:225][783]LogModuleManager: Shutting down and abandoning module LocalizationDashboard (498)
[2018.10.25-15.41.32:225][783]LogModuleManager: Shutting down and abandoning module LocalizationService (497)
[2018.10.25-15.41.32:225][783]LogModuleManager: Shutting down and abandoning module HardwareTargeting (494)
[2018.10.25-15.41.32:225][783]LogModuleManager: Shutting down and abandoning module DeviceProfileEditor (492)
[2018.10.25-15.41.32:225][783]LogModuleManager: Shutting down and abandoning module UndoHistory (490)
[2018.10.25-15.41.32:225][783]LogModuleManager: Shutting down and abandoning module XmlParser (488)
[2018.10.25-15.41.32:225][783]LogModuleManager: Shutting down and abandoning module Blutility (486)
[2018.10.25-15.41.32:225][783]LogModuleManager: Shutting down and abandoning module ProjectSettingsViewer (484)
[2018.10.25-15.41.32:226][783]LogModuleManager: Shutting down and abandoning module ProjectTargetPlatformEditor (483)
[2018.10.25-15.41.32:226][783]LogModuleManager: Shutting down and abandoning module EditorSettingsViewer (480)
[2018.10.25-15.41.32:226][783]LogModuleManager: Shutting down and abandoning module SettingsEditor (478)
[2018.10.25-15.41.32:226][783]LogModuleManager: Shutting down and abandoning module ProjectLauncher (476)
[2018.10.25-15.41.32:226][783]LogModuleManager: Shutting down and abandoning module SessionFrontend (474)
[2018.10.25-15.41.32:226][783]LogModuleManager: Shutting down and abandoning module ProfilerClient (472)
[2018.10.25-15.41.32:226][783]LogModuleManager: Shutting down and abandoning module DeviceManager (470)
[2018.10.25-15.41.32:226][783]LogModuleManager: Shutting down and abandoning module TargetDeviceServices (469)
[2018.10.25-15.41.32:281][783]LogModuleManager: Shutting down and abandoning module AutomationController (466)
[2018.10.25-15.41.32:281][783]LogModuleManager: Shutting down and abandoning module AutomationWindow (464)
[2018.10.25-15.41.32:281][783]LogModuleManager: Shutting down and abandoning module Layers (462)
[2018.10.25-15.41.32:281][783]LogModuleManager: Shutting down and abandoning module ComponentVisualizers (460)
[2018.10.25-15.41.32:281][783]LogModuleManager: Shutting down and abandoning module DetailCustomizations (458)
[2018.10.25-15.41.32:281][783]LogModuleManager: Shutting down and abandoning module PackagesDialog (456)
[2018.10.25-15.41.32:281][783]LogModuleManager: Shutting down and abandoning module Persona (454)
[2018.10.25-15.41.32:281][783]LogModuleManager: Shutting down and abandoning module AdvancedPreviewScene (453)
[2018.10.25-15.41.32:281][783]LogModuleManager: Shutting down and abandoning module AnimGraph (451)
[2018.10.25-15.41.32:281][783]LogModuleManager: Shutting down and abandoning module Kismet (448)
[2018.10.25-15.41.32:281][783]LogModuleManager: Shutting down and abandoning module GraphEditor (446)
[2018.10.25-15.41.32:281][783]LogModuleManager: Shutting down and abandoning module ClassViewer (444)
[2018.10.25-15.41.32:281][783]LogModuleManager: Shutting down and abandoning module Toolbox (442)
[2018.10.25-15.41.32:281][783]LogModuleManager: Shutting down and abandoning module DesktopPlatform (441)
[2018.10.25-15.41.32:281][783]LogModuleManager: Shutting down and abandoning module ModuleUI (438)
[2018.10.25-15.41.32:281][783]LogModuleManager: Shutting down and abandoning module MovieSceneTools (436)
[2018.10.25-15.41.32:281][783]LogModuleManager: Shutting down and abandoning module OutputLog (434)
[2018.10.25-15.41.32:281][783]LogModuleManager: Shutting down and abandoning module GammaUI (432)
[2018.10.25-15.41.32:281][783]LogModuleManager: Shutting down and abandoning module Documentation (430)
[2018.10.25-15.41.32:281][783]LogModuleManager: Shutting down and abandoning module MovieSceneTracks (428)
[2018.10.25-15.41.32:282][783]LogModuleManager: Shutting down and abandoning module MovieScene (426)
[2018.10.25-15.41.32:282][783]LogModuleManager: Shutting down and abandoning module StreamingPauseRendering (424)
[2018.10.25-15.41.32:282][783]LogModuleManager: Shutting down and abandoning module LauncherPlatform (422)
[2018.10.25-15.41.32:282][783]LogModuleManager: Shutting down and abandoning module AnalyticsET (420)
[2018.10.25-15.41.32:282][783]LogModuleManager: Shutting down and abandoning module PortalServices (418)
[2018.10.25-15.41.32:282][783]LogModuleManager: Shutting down and abandoning module PortalRpc (416)
[2018.10.25-15.41.32:282][783]LogModuleManager: Shutting down and abandoning module MessagingRpc (414)
[2018.10.25-15.41.32:282][783]LogModuleManager: Shutting down and abandoning module AIModule (412)
[2018.10.25-15.41.32:282][783]LogModuleManager: Shutting down and abandoning module GameplayDebugger (411)
[2018.10.25-15.41.32:282][783]LogModuleManager: Shutting down and abandoning module AITestSuite (409)
[2018.10.25-15.41.32:282][783]LogModuleManager: Shutting down and abandoning module NavigationSystem (407)
[2018.10.25-15.41.32:282][783]LogModuleManager: Shutting down and abandoning module ProfilerService (404)
[2018.10.25-15.41.32:327][783]LogModuleManager: Shutting down and abandoning module TaskGraph (402)
[2018.10.25-15.41.32:327][783]LogModuleManager: Shutting down and abandoning module SteamVRController (400)
[2018.10.25-15.41.32:327][783]LogModuleManager: Shutting down and abandoning module ProceduralMeshComponentEditor (398)
[2018.10.25-15.41.32:327][783]LogModuleManager: Shutting down and abandoning module ProceduralMeshComponent (396)
[2018.10.25-15.41.32:327][783]LogModuleManager: Shutting down and abandoning module OculusInput (394)
[2018.10.25-15.41.32:327][783]LogModuleManager: Shutting down and abandoning module MobilePatchingUtils (392)
[2018.10.25-15.41.32:327][783]LogModuleManager: Shutting down and abandoning module EditableMesh (390)
[2018.10.25-15.41.32:327][783]LogModuleManager: Shutting down and abandoning module CustomMeshComponent (388)
[2018.10.25-15.41.32:327][783]LogModuleManager: Shutting down and abandoning module CableComponent (386)
[2018.10.25-15.41.32:327][783]LogModuleManager: Shutting down and abandoning module AudioCapture (384)
[2018.10.25-15.41.32:327][783]LogModuleManager: Shutting down and abandoning module ArchVisCharacter (382)
[2018.10.25-15.41.32:327][783]LogModuleManager: Shutting down and abandoning module AndroidPermission (380)
[2018.10.25-15.41.32:328][783]LogModuleManager: Shutting down and abandoning module NUTUnrealEngine4 (378)
[2018.10.25-15.41.32:328][783]LogModuleManager: Shutting down and abandoning module NetcodeUnitTest (376)
[2018.10.25-15.41.32:328][783]LogModuleManager: Shutting down and abandoning module MediaCompositingEditor (374)
[2018.10.25-15.41.32:328][783]LogModuleManager: Shutting down and abandoning module MediaCompositing (372)
[2018.10.25-15.41.32:328][783]LogModuleManager: Shutting down and abandoning module LinearTimecode (370)
[2018.10.25-15.41.32:328][783]LogModuleManager: Shutting down and abandoning module ImgMedia (368)
[2018.10.25-15.41.32:331][783]LogModuleManager: Shutting down and abandoning module RawInput (366)
[2018.10.25-15.41.32:331][783]LogModuleManager: Shutting down and abandoning module HTML5Networking (364)
[2018.10.25-15.41.32:331][783]LogModuleManager: Shutting down and abandoning module GeometryCacheTracks (362)
[2018.10.25-15.41.32:331][783]LogModuleManager: Shutting down and abandoning module GeometryCacheSequencer (360)
[2018.10.25-15.41.32:331][783]LogModuleManager: Shutting down and abandoning module BackChannel (358)
[2018.10.25-15.41.32:331][783]LogModuleManager: Shutting down and abandoning module AppleVision (356)
[2018.10.25-15.41.32:331][783]LogModuleManager: Shutting down and abandoning module AppleImageUtils (354)
[2018.10.25-15.41.32:331][783]LogModuleManager: Shutting down and abandoning module AlembicImporter (352)
[2018.10.25-15.41.32:331][783]LogModuleManager: Shutting down and abandoning module AlembicLibrary (351)
[2018.10.25-15.41.32:331][783]LogModuleManager: Shutting down and abandoning module GeometryCache (350)
[2018.10.25-15.41.32:331][783]LogModuleManager: Shutting down and abandoning module GeometryCacheEd (349)
[2018.10.25-15.41.32:331][783]LogModuleManager: Shutting down and abandoning module DatasmithContentEditor (344)
[2018.10.25-15.41.32:331][783]LogModuleManager: Shutting down and abandoning module DatasmithContent (342)
[2018.10.25-15.41.32:332][783]LogModuleManager: Shutting down and abandoning module SpeedTreeImporter (340)
[2018.10.25-15.41.32:332][783]LogModuleManager: Shutting down and abandoning module PluginBrowser (338)
[2018.10.25-15.41.32:332][783]LogModuleManager: Shutting down and abandoning module MobileLauncherProfileWizard (336)
[2018.10.25-15.41.32:332][783]LogModuleManager: Shutting down and abandoning module PolygonModeling (334)
[2018.10.25-15.41.32:332][783]LogModuleManager: Shutting down and abandoning module MeshEditor (332)
[2018.10.25-15.41.32:332][783]LogModuleManager: Shutting down and abandoning module CryptoKeysOpenSSL (330)
[2018.10.25-15.41.32:332][783]LogModuleManager: Shutting down and abandoning module CryptoKeys (328)
[2018.10.25-15.41.32:332][783]LogModuleManager: Shutting down and abandoning module VisualStudioSourceCodeAccess (326)
[2018.10.25-15.41.32:332][783]LogModuleManager: Shutting down and abandoning module VisualStudioCodeSourceCodeAccess (324)
[2018.10.25-15.41.32:332][783]LogModuleManager: Shutting down and abandoning module UObjectPlugin (322)
[2018.10.25-15.41.32:332][783]LogModuleManager: Shutting down and abandoning module SubversionSourceControl (320)
[2018.10.25-15.41.32:332][783]LogModuleManager: Shutting down and abandoning module PerforceSourceControl (318)
[2018.10.25-15.41.32:332][783]LogModuleManager: Shutting down and abandoning module GitSourceControl (316)
[2018.10.25-15.41.32:332][783]LogModuleManager: Shutting down and abandoning module SourceControl (315)
[2018.10.25-15.41.32:332][783]LogModuleManager: Shutting down and abandoning module CLionSourceCodeAccess (312)
[2018.10.25-15.41.32:332][783]LogModuleManager: Shutting down and abandoning module LightPropagationVolumeEditor (310)
[2018.10.25-15.41.32:332][783]LogModuleManager: Shutting down and abandoning module PaperTiledImporter (308)
[2018.10.25-15.41.32:332][783]LogModuleManager: Shutting down and abandoning module PaperSpriteSheetImporter (306)
[2018.10.25-15.41.32:332][783]LogModuleManager: Shutting down and abandoning module Paper2DEditor (304)
[2018.10.25-15.41.32:332][783]LogModuleManager: Shutting down and abandoning module MeshPaint (303)
[2018.10.25-15.41.32:332][783]LogModuleManager: Shutting down and abandoning module RuntimePhysXCooking (298)
[2018.10.25-15.41.32:332][783]LogModuleManager: Shutting down and abandoning module PhysXVehiclesEditor (296)
[2018.10.25-15.41.32:332][783]LogModuleManager: Shutting down and abandoning module PhysXVehicles (294)
[2018.10.25-15.41.32:332][783]LogModuleManager: Shutting down and abandoning module OculusEditor (292)
[2018.10.25-15.41.32:332][783]LogModuleManager: Shutting down and abandoning module LocationServicesBPLibrary (290)
[2018.10.25-15.41.32:332][783]LogModuleManager: Shutting down and abandoning module ImmediatePhysicsEditor (288)
[2018.10.25-15.41.32:332][783]LogModuleManager: Shutting down and abandoning module ImmediatePhysics (286)
[2018.10.25-15.41.32:332][783]LogModuleManager: Shutting down and abandoning module ActorSequence (284)
[2018.10.25-15.41.32:332][783]LogModuleManager: Shutting down and abandoning module UdpMessaging (282)
[2018.10.25-15.41.32:433][783]LogModuleManager: Shutting down and abandoning module TcpMessaging (280)
[2018.10.25-15.41.32:534][783]LogModuleManager: Shutting down and abandoning module MagicLeapAudio (278)
[2018.10.25-15.41.32:534][783]LogModuleManager: Shutting down and abandoning module GameplayTagsEditor (276)
[2018.10.25-15.41.32:534][783]LogModuleManager: Shutting down and abandoning module FacialAnimationEditor (274)
[2018.10.25-15.41.32:534][783]LogModuleManager: Shutting down and abandoning module FacialAnimation (272)
[2018.10.25-15.41.32:534][783]LogModuleManager: Shutting down and abandoning module DataValidation (270)
[2018.10.25-15.41.32:534][783]LogModuleManager: Shutting down and abandoning module AssetManagerEditor (268)
[2018.10.25-15.41.32:534][783]LogModuleManager: Shutting down and abandoning module LevelEditor (267)
[2018.10.25-15.41.32:535][783]LogModuleManager: Shutting down and abandoning module PixelInspectorModule (266)
[2018.10.25-15.41.32:535][783]LogModuleManager: Shutting down and abandoning module CommonMenuExtensions (264)
[2018.10.25-15.41.32:535][783]LogModuleManager: Shutting down and abandoning module MainFrame (262)
[2018.10.25-15.41.32:535][783]LogModuleManager: Shutting down and abandoning module HotReload (261)
[2018.10.25-15.41.32:535][783]LogModuleManager: Shutting down and abandoning module ContentBrowser (257)
[2018.10.25-15.41.32:537][783]LogModuleManager: Shutting down and abandoning module TreeMap (255)
[2018.10.25-15.41.32:537][783]LogModuleManager: Shutting down and abandoning module LightPropagationVolumeRuntime (252)
[2018.10.25-15.41.32:537][783]LogModuleManager: Shutting down and abandoning module AISupportModule (250)
[2018.10.25-15.41.32:537][783]LogModuleManager: Shutting down and abandoning module Paper2D (248)
[2018.10.25-15.41.32:537][783]LogModuleManager: Shutting down and abandoning module WindowsMoviePlayer (246)
[2018.10.25-15.41.32:537][783]LogModuleManager: Shutting down and abandoning module WmfMedia (244)
[2018.10.25-15.41.32:538][783]LogModuleManager: Shutting down and abandoning module Media (243)
[2018.10.25-15.41.32:544][783]LogModuleManager: Shutting down and abandoning module PacketHandler (240)
[2018.10.25-15.41.32:544][783]LogModuleManager: Shutting down and abandoning module ClothingSystemEditor (238)
[2018.10.25-15.41.32:544][783]LogModuleManager: Shutting down and abandoning module ClothingSystemRuntime (236)
[2018.10.25-15.41.32:544][783]LogModuleManager: Shutting down and abandoning module MediaAssets (234)
[2018.10.25-15.41.32:544][783]LogModuleManager: Shutting down and abandoning module Overlay (232)
[2018.10.25-15.41.32:544][783]LogModuleManager: Shutting down and abandoning module OverlayEditor (231)
[2018.10.25-15.41.32:544][783]LogModuleManager: Shutting down and abandoning module VREditor (228)
[2018.10.25-15.41.32:544][783]LogModuleManager: Shutting down and abandoning module StringTableEditor (226)
[2018.10.25-15.41.32:544][783]LogModuleManager: Shutting down and abandoning module GameplayTasksEditor (224)
[2018.10.25-15.41.32:544][783]LogModuleManager: Shutting down and abandoning module BehaviorTreeEditor (222)
[2018.10.25-15.41.32:544][783]LogModuleManager: Shutting down and abandoning module FunctionalTesting (220)
[2018.10.25-15.41.32:544][783]LogModuleManager: Shutting down and abandoning module CollisionAnalyzer (218)
[2018.10.25-15.41.32:544][783]LogModuleManager: Shutting down and abandoning module WorkspaceMenuStructure (217)
[2018.10.25-15.41.32:544][783]LogModuleManager: Shutting down and abandoning module UMG (214)
[2018.10.25-15.41.32:544][783]LogModuleManager: Shutting down and abandoning module UMGEditor (213)
[2018.10.25-15.41.32:544][783]LogModuleManager: Shutting down and abandoning module Sequencer (212)
[2018.10.25-15.41.32:544][783]LogModuleManager: Shutting down and abandoning module MessageLog (209)
[2018.10.25-15.41.32:544][783]LogModuleManager: Shutting down and abandoning module SlateReflector (204)
[2018.10.25-15.41.32:544][783]LogModuleManager: Shutting down and abandoning module Slate (202)
[2018.10.25-15.41.32:544][783]LogModuleManager: Shutting down and abandoning module EditorStyle (200)
[2018.10.25-15.41.32:547][783]LogModuleManager: Shutting down and abandoning module MRMesh (198)
[2018.10.25-15.41.32:547][783]LogModuleManager: Shutting down and abandoning module SourceCodeAccess (196)
[2018.10.25-15.41.32:547][783]LogModuleManager: Shutting down and abandoning module HeadMountedDisplay (194)
[2018.10.25-15.41.32:547][783]LogModuleManager: Shutting down and abandoning module XAudio2 (192)
[2018.10.25-15.41.32:547][783]LogModuleManager: Shutting down and abandoning module Networking (190)
[2018.10.25-15.41.32:547][783]LogModuleManager: Shutting down and abandoning module Core (188)
[2018.10.25-15.41.32:547][783]LogModuleManager: Shutting down and abandoning module LevelSequence (186)
[2018.10.25-15.41.32:547][783]LogModuleManager: Shutting down and abandoning module KismetCompiler (184)
[2018.10.25-15.41.32:547][783]LogModuleManager: Shutting down and abandoning module MeshUtilities (182)
[2018.10.25-15.41.32:547][783]LogModuleManager: Shutting down and abandoning module MeshMergeUtilities (181)
[2018.10.25-15.41.32:547][783]LogModuleManager: Shutting down and abandoning module MeshReductionInterface (180)
[2018.10.25-15.41.32:547][783]LogModuleManager: Shutting down and abandoning module SimplygonSwarm (179)
[2018.10.25-15.41.32:547][783]LogModuleManager: Shutting down and abandoning module ProxyLODMeshReduction (177)
[2018.10.25-15.41.32:547][783]LogModuleManager: Shutting down and abandoning module SimplygonMeshReduction (175)
[2018.10.25-15.41.32:547][783]LogModuleManager: Shutting down and abandoning module QuadricMeshReduction (173)
[2018.10.25-15.41.32:547][783]LogModuleManager: Shutting down and abandoning module MaterialBaking (169)
[2018.10.25-15.41.32:547][783]LogModuleManager: Shutting down and abandoning module DirectoryWatcher (165)
[2018.10.25-15.41.32:548][783]LogModuleManager: Shutting down and abandoning module DerivedDataCache (162)
[2018.10.25-15.41.32:610][783]LogDerivedDataCache: Shutdown
[2018.10.25-15.41.32:610][783]LogModuleManager: Shutting down and abandoning module XGEController (160)
[2018.10.25-15.41.32:610][783]LogXGEController: Cleaning working directory: C:/Users/trj1crt/AppData/Local/Temp/UnrealXGEWorkingDir/
[2018.10.25-15.41.32:610][783]LogModuleManager: Shutting down and abandoning module TargetPlatform (158)
[2018.10.25-15.41.32:610][783]LogModuleManager: Shutting down and abandoning module VulkanShaderFormat (157)
[2018.10.25-15.41.32:610][783]LogModuleManager: Shutting down and abandoning module ShaderFormatVectorVM (155)
[2018.10.25-15.41.32:610][783]LogModuleManager: Shutting down and abandoning module ShaderFormatOpenGL (153)
[2018.10.25-15.41.32:610][783]LogModuleManager: Shutting down and abandoning module ShaderFormatD3D (151)
[2018.10.25-15.41.32:610][783]LogModuleManager: Shutting down and abandoning module MetalShaderFormat (149)
[2018.10.25-15.41.32:610][783]LogModuleManager: Shutting down and abandoning module TextureFormatUncompressed (147)
[2018.10.25-15.41.32:610][783]LogModuleManager: Shutting down and abandoning module TextureFormatPVR (145)
[2018.10.25-15.41.32:610][783]LogModuleManager: Shutting down and abandoning module TextureFormatDXT (143)
[2018.10.25-15.41.32:610][783]LogModuleManager: Shutting down and abandoning module TextureFormatIntelISPCTexComp (141)
[2018.10.25-15.41.32:611][783]LogModuleManager: Shutting down and abandoning module TextureFormatASTC (139)
[2018.10.25-15.41.32:611][783]LogModuleManager: Shutting down and abandoning module ImageWrapper (138)
[2018.10.25-15.41.32:611][783]LogModuleManager: Shutting down and abandoning module TextureFormatAndroid (135)
[2018.10.25-15.41.32:611][783]LogModuleManager: Shutting down and abandoning module AudioFormatOpus (133)
[2018.10.25-15.41.32:611][783]LogModuleManager: Shutting down and abandoning module AudioFormatOgg (131)
[2018.10.25-15.41.32:611][783]LogModuleManager: Shutting down and abandoning module AudioFormatADPCM (129)
[2018.10.25-15.41.32:611][783]LogModuleManager: Shutting down and abandoning module LuminTargetPlatform (127)
[2018.10.25-15.41.32:611][783]LogModuleManager: Shutting down and abandoning module LinuxTargetPlatform (125)
[2018.10.25-15.41.32:611][783]LogModuleManager: Shutting down and abandoning module LinuxServerTargetPlatform (123)
[2018.10.25-15.41.32:611][783]LogModuleManager: Shutting down and abandoning module LinuxNoEditorTargetPlatform (121)
[2018.10.25-15.41.32:611][783]LogModuleManager: Shutting down and abandoning module LinuxClientTargetPlatform (119)
[2018.10.25-15.41.32:611][783]LogModuleManager: Shutting down and abandoning module TVOSTargetPlatform (117)
[2018.10.25-15.41.32:613][783]LogModuleManager: Shutting down and abandoning module Messaging (115)
[2018.10.25-15.41.32:613][783]LogModuleManager: Shutting down and abandoning module IOSTargetPlatform (113)
[2018.10.25-15.41.32:615][783]LogModuleManager: Shutting down and abandoning module HTML5TargetPlatform (111)
[2018.10.25-15.41.32:615][783]LogModuleManager: Shutting down and abandoning module AndroidTargetPlatform (109)
[2018.10.25-15.41.32:627][783]LogModuleManager: Shutting down and abandoning module WindowsTargetPlatform (107)
[2018.10.25-15.41.32:627][783]LogModuleManager: Shutting down and abandoning module WindowsServerTargetPlatform (105)
[2018.10.25-15.41.32:627][783]LogModuleManager: Shutting down and abandoning module WindowsNoEditorTargetPlatform (103)
[2018.10.25-15.41.32:627][783]LogModuleManager: Shutting down and abandoning module WindowsClientTargetPlatform (101)
[2018.10.25-15.41.32:627][783]LogModuleManager: Shutting down and abandoning module MacTargetPlatform (99)
[2018.10.25-15.41.32:627][783]LogModuleManager: Shutting down and abandoning module MacServerTargetPlatform (97)
[2018.10.25-15.41.32:627][783]LogModuleManager: Shutting down and abandoning module MacNoEditorTargetPlatform (95)
[2018.10.25-15.41.32:627][783]LogModuleManager: Shutting down and abandoning module MacClientTargetPlatform (93)
[2018.10.25-15.41.32:627][783]LogModuleManager: Shutting down and abandoning module AllDesktopTargetPlatform (91)
[2018.10.25-15.41.32:627][783]LogModuleManager: Shutting down and abandoning module InputCore (88)
[2018.10.25-15.41.32:627][783]LogModuleManager: Shutting down and abandoning module Settings (86)
[2018.10.25-15.41.32:627][783]LogModuleManager: Shutting down and abandoning module PhysXCooking (84)
[2018.10.25-15.41.32:627][783]LogModuleManager: Shutting down and abandoning module SteamVR (82)
[2018.10.25-15.41.32:627][783]LogModuleManager: Shutting down and abandoning module OculusHMD (80)
[2018.10.25-15.41.32:627][783]LogModuleManager: Shutting down and abandoning module ExampleDeviceProfileSelector (78)
[2018.10.25-15.41.32:627][783]LogModuleManager: Shutting down and abandoning module LauncherChunkInstaller (76)
[2018.10.25-15.41.32:627][783]LogModuleManager: Shutting down and abandoning module OnlineBlueprintSupport (74)
[2018.10.25-15.41.32:627][783]LogModuleManager: Shutting down and abandoning module OnlineSubsystem (70)
[2018.10.25-15.41.32:628][783]LogModuleManager: Shutting down and abandoning module XMPP (65)
[2018.10.25-15.41.32:628][783]LogModuleManager: Shutting down and abandoning module WebSockets (64)
[2018.10.25-15.41.32:633][783]LogModuleManager: Shutting down and abandoning module HTTP (61)
[2018.10.25-15.41.32:633][783]LogHttp: Display: Http module shutting down, but needs to wait on 1 outstanding Http requests:
[2018.10.25-15.41.32:633][783]LogHttp: Display: 	verb=[POST] url=[https://datarouter.ol.epicgames.com/datarouter/api/v1/public/data?SessionID=%7B71717230-4A04-37D5-7636-FBB952EAC075%7D&AppID=UEEditor.Rocket.Release&AppVersion=4.20.1-4233996%2B%2B%2BUE4%2BRelease-4.20&UserID=8ce697544500afcc0a0b10b0744c7a5c%7C%7C6d6d0fc3-c2f3-4a6e-83e4-f271c044887a&AppEnvironment=datacollector-binary&UploadType=eteventstream] status=Processing
[2018.10.25-15.41.32:640][783]LogModuleManager: Shutting down and abandoning module SSL (60)
[2018.10.25-15.41.32:641][783]LogModuleManager: Shutting down and abandoning module MagicLeapEmulator (56)
[2018.10.25-15.41.32:641][783]LogModuleManager: Shutting down and abandoning module MagicLeapPrivileges (54)
[2018.10.25-15.41.32:641][783]LogModuleManager: Shutting down and abandoning module MagicLeapIdentity (52)
[2018.10.25-15.41.32:641][783]LogModuleManager: Shutting down and abandoning module MagicLeapHelperVulkan (50)
[2018.10.25-15.41.32:641][783]LogModuleManager: Shutting down and abandoning module MagicLeapHelperOpenGL (48)
[2018.10.25-15.41.32:641][783]LogModuleManager: Shutting down and abandoning module MagicLeapSecureStorage (46)
[2018.10.25-15.41.32:641][783]LogModuleManager: Shutting down and abandoning module MagicLeapGestures (44)
[2018.10.25-15.41.32:641][783]LogModuleManager: Shutting down and abandoning module MagicLeapEyeTracker (42)
[2018.10.25-15.41.32:641][783]LogModuleManager: Shutting down and abandoning module MagicLeapController (40)
[2018.10.25-15.41.32:641][783]LogSlate: Slate User Destroyed.  User Index 0, Is Virtual User: 0
[2018.10.25-15.41.32:641][783]LogModuleManager: Shutting down and abandoning module MagicLeap (38)
[2018.10.25-15.41.32:641][783]LogModuleManager: Shutting down and abandoning module AnimationModifiers (36)
[2018.10.25-15.41.32:641][783]LogModuleManager: Shutting down and abandoning module PropertyEditor (35)
[2018.10.25-15.41.32:641][783]LogModuleManager: Shutting down and abandoning module AudioEditor (32)
[2018.10.25-15.41.32:641][783]LogModuleManager: Shutting down and abandoning module TextureCompressor (30)
[2018.10.25-15.41.32:641][783]LogModuleManager: Shutting down and abandoning module ShaderCore (28)
[2018.10.25-15.41.32:641][783]LogModuleManager: Shutting down and abandoning module Landscape (26)
[2018.10.25-15.41.32:641][783]LogModuleManager: Shutting down and abandoning module SlateRHIRenderer (24)
[2018.10.25-15.41.32:642][783]LogModuleManager: Shutting down and abandoning module OpenGLDrv (22)
[2018.10.25-15.41.32:642][783]LogModuleManager: Shutting down and abandoning module D3D11RHI (20)
[2018.10.25-15.41.32:642][783]LogModuleManager: Shutting down and abandoning module AnimGraphRuntime (18)
[2018.10.25-15.41.32:642][783]LogModuleManager: Shutting down and abandoning module Renderer (16)
[2018.10.25-15.41.32:642][783]LogModuleManager: Shutting down and abandoning module Engine (14)
[2018.10.25-15.41.32:642][783]LogModuleManager: Shutting down and abandoning module CoreUObject (12)
[2018.10.25-15.41.32:642][783]LogModuleManager: Shutting down and abandoning module NetworkFile (10)
[2018.10.25-15.41.32:642][783]LogModuleManager: Shutting down and abandoning module CookedIterativeFile (8)
[2018.10.25-15.41.32:642][783]LogModuleManager: Shutting down and abandoning module StreamingFile (6)
[2018.10.25-15.41.32:642][783]LogModuleManager: Shutting down and abandoning module SandboxFile (4)
[2018.10.25-15.41.32:642][783]LogModuleManager: Shutting down and abandoning module PakFile (2)
[2018.10.25-15.41.32:648][783]LogExit: Exiting.
[2018.10.25-15.41.32:655][783]Log file closed, 10/25/18 16:41:32
